[0.492s] Invoking command in '/home/dongwon_serer/ros_ws/src/my_py_pkg': PYTHONPATH=/home/dongwon_serer/ros_ws/build/my_py_pkg/prefix_override:/usr/lib/python3/dist-packages/colcon_core/task/python/colcon_distutils_commands:/home/dongwon_serer/ros_ws/install/my_py_pkg/lib/python3.10/site-packages:${PYTHONPATH} /usr/bin/python3 -W ignore:setup.py install is deprecated -W ignore:easy_install command is deprecated setup.py egg_info --egg-base ../../build/my_py_pkg build --build-base /home/dongwon_serer/ros_ws/build/my_py_pkg/build install --record /home/dongwon_serer/ros_ws/build/my_py_pkg/install.log --single-version-externally-managed install_data
[0.649s] running egg_info
[0.649s] writing ../../build/my_py_pkg/my_py_pkg.egg-info/PKG-INFO
[0.650s] writing dependency_links to ../../build/my_py_pkg/my_py_pkg.egg-info/dependency_links.txt
[0.650s] writing entry points to ../../build/my_py_pkg/my_py_pkg.egg-info/entry_points.txt
[0.650s] writing requirements to ../../build/my_py_pkg/my_py_pkg.egg-info/requires.txt
[0.650s] writing top-level names to ../../build/my_py_pkg/my_py_pkg.egg-info/top_level.txt
[0.651s] reading manifest file '../../build/my_py_pkg/my_py_pkg.egg-info/SOURCES.txt'
[0.652s] writing manifest file '../../build/my_py_pkg/my_py_pkg.egg-info/SOURCES.txt'
[0.652s] running build
[0.652s] running build_py
[0.652s] copying my_py_pkg/hardware_status_publisher.py -> /home/dongwon_serer/ros_ws/build/my_py_pkg/build/lib/my_py_pkg
[0.653s] running install
[0.653s] running install_lib
[0.653s] copying /home/dongwon_serer/ros_ws/build/my_py_pkg/build/lib/my_py_pkg/hardware_status_publisher.py -> /home/dongwon_serer/ros_ws/install/my_py_pkg/lib/python3.10/site-packages/my_py_pkg
[0.654s] byte-compiling /home/dongwon_serer/ros_ws/install/my_py_pkg/lib/python3.10/site-packages/my_py_pkg/hardware_status_publisher.py to hardware_status_publisher.cpython-310.pyc
[0.654s] running install_data
[0.655s] running install_egg_info
[0.656s] removing '/home/dongwon_serer/ros_ws/install/my_py_pkg/lib/python3.10/site-packages/my_py_pkg-0.0.0-py3.10.egg-info' (and everything under it)
[0.656s] Copying ../../build/my_py_pkg/my_py_pkg.egg-info to /home/dongwon_serer/ros_ws/install/my_py_pkg/lib/python3.10/site-packages/my_py_pkg-0.0.0-py3.10.egg-info
[0.657s] running install_scripts
[0.671s] Installing add_two_ints_client script to /home/dongwon_serer/ros_ws/install/my_py_pkg/lib/my_py_pkg
[0.671s] Installing add_two_ints_client_no_oop script to /home/dongwon_serer/ros_ws/install/my_py_pkg/lib/my_py_pkg
[0.671s] Installing add_two_ints_server script to /home/dongwon_serer/ros_ws/install/my_py_pkg/lib/my_py_pkg
[0.671s] Installing hardware_status_publisher script to /home/dongwon_serer/ros_ws/install/my_py_pkg/lib/my_py_pkg
[0.672s] Installing number_counter script to /home/dongwon_serer/ros_ws/install/my_py_pkg/lib/my_py_pkg
[0.672s] Installing number_publisher script to /home/dongwon_serer/ros_ws/install/my_py_pkg/lib/my_py_pkg
[0.672s] Installing robot_news_station script to /home/dongwon_serer/ros_ws/install/my_py_pkg/lib/my_py_pkg
[0.672s] Installing smartphone script to /home/dongwon_serer/ros_ws/install/my_py_pkg/lib/my_py_pkg
[0.672s] writing list of installed files to '/home/dongwon_serer/ros_ws/build/my_py_pkg/install.log'
[0.687s] Invoked command in '/home/dongwon_serer/ros_ws/src/my_py_pkg' returned '0': PYTHONPATH=/home/dongwon_serer/ros_ws/build/my_py_pkg/prefix_override:/usr/lib/python3/dist-packages/colcon_core/task/python/colcon_distutils_commands:/home/dongwon_serer/ros_ws/install/my_py_pkg/lib/python3.10/site-packages:${PYTHONPATH} /usr/bin/python3 -W ignore:setup.py install is deprecated -W ignore:easy_install command is deprecated setup.py egg_info --egg-base ../../build/my_py_pkg build --build-base /home/dongwon_serer/ros_ws/build/my_py_pkg/build install --record /home/dongwon_serer/ros_ws/build/my_py_pkg/install.log --single-version-externally-managed install_data
