[0.326s] Invoking command in '/home/sloth/ros2_clean_ws/my_py_pkg': PYTHONPATH=/home/sloth/ros2_clean_ws/build/my_py_pkg/prefix_override:/usr/lib/python3/dist-packages/colcon_core/task/python/colcon_distutils_commands:/home/sloth/ros2_clean_ws/install/my_py_pkg/lib/python3.10/site-packages:${PYTHONPATH} /usr/bin/python3 -W ignore:setup.py install is deprecated -W ignore:easy_install command is deprecated setup.py egg_info --egg-base ../build/my_py_pkg build --build-base /home/sloth/ros2_clean_ws/build/my_py_pkg/build install --record /home/sloth/ros2_clean_ws/build/my_py_pkg/install.log --single-version-externally-managed install_data
[0.447s] running egg_info
[0.448s] writing ../build/my_py_pkg/my_py_pkg.egg-info/PKG-INFO
[0.448s] writing dependency_links to ../build/my_py_pkg/my_py_pkg.egg-info/dependency_links.txt
[0.448s] writing entry points to ../build/my_py_pkg/my_py_pkg.egg-info/entry_points.txt
[0.448s] writing requirements to ../build/my_py_pkg/my_py_pkg.egg-info/requires.txt
[0.448s] writing top-level names to ../build/my_py_pkg/my_py_pkg.egg-info/top_level.txt
[0.449s] reading manifest file '../build/my_py_pkg/my_py_pkg.egg-info/SOURCES.txt'
[0.450s] writing manifest file '../build/my_py_pkg/my_py_pkg.egg-info/SOURCES.txt'
[0.450s] running build
[0.450s] running build_py
[0.450s] copying my_py_pkg/number_subscriber.py -> /home/sloth/ros2_clean_ws/build/my_py_pkg/build/lib/my_py_pkg
[0.450s] copying my_py_pkg/template_python_node.py -> /home/sloth/ros2_clean_ws/build/my_py_pkg/build/lib/my_py_pkg
[0.450s] running install
[0.451s] running install_lib
[0.451s] copying /home/sloth/ros2_clean_ws/build/my_py_pkg/build/lib/my_py_pkg/number_subscriber.py -> /home/sloth/ros2_clean_ws/install/my_py_pkg/lib/python3.10/site-packages/my_py_pkg
[0.451s] copying /home/sloth/ros2_clean_ws/build/my_py_pkg/build/lib/my_py_pkg/template_python_node.py -> /home/sloth/ros2_clean_ws/install/my_py_pkg/lib/python3.10/site-packages/my_py_pkg
[0.451s] byte-compiling /home/sloth/ros2_clean_ws/install/my_py_pkg/lib/python3.10/site-packages/my_py_pkg/number_subscriber.py to number_subscriber.cpython-310.pyc
[0.452s] byte-compiling /home/sloth/ros2_clean_ws/install/my_py_pkg/lib/python3.10/site-packages/my_py_pkg/template_python_node.py to template_python_node.cpython-310.pyc
[0.452s] running install_data
[0.452s] running install_egg_info
[0.453s] removing '/home/sloth/ros2_clean_ws/install/my_py_pkg/lib/python3.10/site-packages/my_py_pkg-0.0.0-py3.10.egg-info' (and everything under it)
[0.453s] Copying ../build/my_py_pkg/my_py_pkg.egg-info to /home/sloth/ros2_clean_ws/install/my_py_pkg/lib/python3.10/site-packages/my_py_pkg-0.0.0-py3.10.egg-info
[0.454s] running install_scripts
[0.466s] Installing number_counter script to /home/sloth/ros2_clean_ws/install/my_py_pkg/lib/my_py_pkg
[0.466s] Installing number_publisher script to /home/sloth/ros2_clean_ws/install/my_py_pkg/lib/my_py_pkg
[0.466s] Installing robot_news_station script to /home/sloth/ros2_clean_ws/install/my_py_pkg/lib/my_py_pkg
[0.467s] Installing smartphone script to /home/sloth/ros2_clean_ws/install/my_py_pkg/lib/my_py_pkg
[0.467s] writing list of installed files to '/home/sloth/ros2_clean_ws/build/my_py_pkg/install.log'
[0.479s] Invoked command in '/home/sloth/ros2_clean_ws/my_py_pkg' returned '0': PYTHONPATH=/home/sloth/ros2_clean_ws/build/my_py_pkg/prefix_override:/usr/lib/python3/dist-packages/colcon_core/task/python/colcon_distutils_commands:/home/sloth/ros2_clean_ws/install/my_py_pkg/lib/python3.10/site-packages:${PYTHONPATH} /usr/bin/python3 -W ignore:setup.py install is deprecated -W ignore:easy_install command is deprecated setup.py egg_info --egg-base ../build/my_py_pkg build --build-base /home/sloth/ros2_clean_ws/build/my_py_pkg/build install --record /home/sloth/ros2_clean_ws/build/my_py_pkg/install.log --single-version-externally-managed install_data
