running egg_info
creating ../build/my_py_pkg/my_py_pkg.egg-info
writing ../build/my_py_pkg/my_py_pkg.egg-info/PKG-INFO
writing dependency_links to ../build/my_py_pkg/my_py_pkg.egg-info/dependency_links.txt
writing entry points to ../build/my_py_pkg/my_py_pkg.egg-info/entry_points.txt
writing requirements to ../build/my_py_pkg/my_py_pkg.egg-info/requires.txt
writing top-level names to ../build/my_py_pkg/my_py_pkg.egg-info/top_level.txt
writing manifest file '../build/my_py_pkg/my_py_pkg.egg-info/SOURCES.txt'
reading manifest file '../build/my_py_pkg/my_py_pkg.egg-info/SOURCES.txt'
writing manifest file '../build/my_py_pkg/my_py_pkg.egg-info/SOURCES.txt'
running build
running build_py
creating /home/dongwon_serer/ros_ws/build/my_py_pkg/build
creating /home/dongwon_serer/ros_ws/build/my_py_pkg/build/lib
creating /home/dongwon_serer/ros_ws/build/my_py_pkg/build/lib/my_py_pkg
copying my_py_pkg/add_two_ints_server.py -> /home/dongwon_serer/ros_ws/build/my_py_pkg/build/lib/my_py_pkg
copying my_py_pkg/template_python_node.py -> /home/dongwon_serer/ros_ws/build/my_py_pkg/build/lib/my_py_pkg
copying my_py_pkg/number_subscriber.py -> /home/dongwon_serer/ros_ws/build/my_py_pkg/build/lib/my_py_pkg
copying my_py_pkg/number_publisher.py -> /home/dongwon_serer/ros_ws/build/my_py_pkg/build/lib/my_py_pkg
copying my_py_pkg/__init__.py -> /home/dongwon_serer/ros_ws/build/my_py_pkg/build/lib/my_py_pkg
copying my_py_pkg/robot_news_station.py -> /home/dongwon_serer/ros_ws/build/my_py_pkg/build/lib/my_py_pkg
copying my_py_pkg/publisher_solution.py -> /home/dongwon_serer/ros_ws/build/my_py_pkg/build/lib/my_py_pkg
copying my_py_pkg/subscriber_solution.py -> /home/dongwon_serer/ros_ws/build/my_py_pkg/build/lib/my_py_pkg
copying my_py_pkg/smartphone.py -> /home/dongwon_serer/ros_ws/build/my_py_pkg/build/lib/my_py_pkg
running install
running install_lib
creating /home/dongwon_serer/ros_ws/install/my_py_pkg/lib/python3.10/site-packages/my_py_pkg
copying /home/dongwon_serer/ros_ws/build/my_py_pkg/build/lib/my_py_pkg/add_two_ints_server.py -> /home/dongwon_serer/ros_ws/install/my_py_pkg/lib/python3.10/site-packages/my_py_pkg
copying /home/dongwon_serer/ros_ws/build/my_py_pkg/build/lib/my_py_pkg/template_python_node.py -> /home/dongwon_serer/ros_ws/install/my_py_pkg/lib/python3.10/site-packages/my_py_pkg
copying /home/dongwon_serer/ros_ws/build/my_py_pkg/build/lib/my_py_pkg/number_subscriber.py -> /home/dongwon_serer/ros_ws/install/my_py_pkg/lib/python3.10/site-packages/my_py_pkg
copying /home/dongwon_serer/ros_ws/build/my_py_pkg/build/lib/my_py_pkg/number_publisher.py -> /home/dongwon_serer/ros_ws/install/my_py_pkg/lib/python3.10/site-packages/my_py_pkg
copying /home/dongwon_serer/ros_ws/build/my_py_pkg/build/lib/my_py_pkg/__init__.py -> /home/dongwon_serer/ros_ws/install/my_py_pkg/lib/python3.10/site-packages/my_py_pkg
copying /home/dongwon_serer/ros_ws/build/my_py_pkg/build/lib/my_py_pkg/robot_news_station.py -> /home/dongwon_serer/ros_ws/install/my_py_pkg/lib/python3.10/site-packages/my_py_pkg
copying /home/dongwon_serer/ros_ws/build/my_py_pkg/build/lib/my_py_pkg/publisher_solution.py -> /home/dongwon_serer/ros_ws/install/my_py_pkg/lib/python3.10/site-packages/my_py_pkg
copying /home/dongwon_serer/ros_ws/build/my_py_pkg/build/lib/my_py_pkg/subscriber_solution.py -> /home/dongwon_serer/ros_ws/install/my_py_pkg/lib/python3.10/site-packages/my_py_pkg
copying /home/dongwon_serer/ros_ws/build/my_py_pkg/build/lib/my_py_pkg/smartphone.py -> /home/dongwon_serer/ros_ws/install/my_py_pkg/lib/python3.10/site-packages/my_py_pkg
byte-compiling /home/dongwon_serer/ros_ws/install/my_py_pkg/lib/python3.10/site-packages/my_py_pkg/add_two_ints_server.py to add_two_ints_server.cpython-310.pyc
byte-compiling /home/dongwon_serer/ros_ws/install/my_py_pkg/lib/python3.10/site-packages/my_py_pkg/template_python_node.py to template_python_node.cpython-310.pyc
byte-compiling /home/dongwon_serer/ros_ws/install/my_py_pkg/lib/python3.10/site-packages/my_py_pkg/number_subscriber.py to number_subscriber.cpython-310.pyc
byte-compiling /home/dongwon_serer/ros_ws/install/my_py_pkg/lib/python3.10/site-packages/my_py_pkg/number_publisher.py to number_publisher.cpython-310.pyc
byte-compiling /home/dongwon_serer/ros_ws/install/my_py_pkg/lib/python3.10/site-packages/my_py_pkg/__init__.py to __init__.cpython-310.pyc
byte-compiling /home/dongwon_serer/ros_ws/install/my_py_pkg/lib/python3.10/site-packages/my_py_pkg/robot_news_station.py to robot_news_station.cpython-310.pyc
byte-compiling /home/dongwon_serer/ros_ws/install/my_py_pkg/lib/python3.10/site-packages/my_py_pkg/publisher_solution.py to publisher_solution.cpython-310.pyc
byte-compiling /home/dongwon_serer/ros_ws/install/my_py_pkg/lib/python3.10/site-packages/my_py_pkg/subscriber_solution.py to subscriber_solution.cpython-310.pyc
byte-compiling /home/dongwon_serer/ros_ws/install/my_py_pkg/lib/python3.10/site-packages/my_py_pkg/smartphone.py to smartphone.cpython-310.pyc
running install_data
creating /home/dongwon_serer/ros_ws/install/my_py_pkg/share/ament_index
creating /home/dongwon_serer/ros_ws/install/my_py_pkg/share/ament_index/resource_index
creating /home/dongwon_serer/ros_ws/install/my_py_pkg/share/ament_index/resource_index/packages
copying resource/my_py_pkg -> /home/dongwon_serer/ros_ws/install/my_py_pkg/share/ament_index/resource_index/packages
copying package.xml -> /home/dongwon_serer/ros_ws/install/my_py_pkg/share/my_py_pkg
running install_egg_info
Copying ../build/my_py_pkg/my_py_pkg.egg-info to /home/dongwon_serer/ros_ws/install/my_py_pkg/lib/python3.10/site-packages/my_py_pkg-0.0.0-py3.10.egg-info
running install_scripts
Installing add_two_ints_server script to /home/dongwon_serer/ros_ws/install/my_py_pkg/lib/my_py_pkg
Installing number_counter script to /home/dongwon_serer/ros_ws/install/my_py_pkg/lib/my_py_pkg
Installing number_publisher script to /home/dongwon_serer/ros_ws/install/my_py_pkg/lib/my_py_pkg
Installing robot_news_station script to /home/dongwon_serer/ros_ws/install/my_py_pkg/lib/my_py_pkg
Installing smartphone script to /home/dongwon_serer/ros_ws/install/my_py_pkg/lib/my_py_pkg
writing list of installed files to '/home/dongwon_serer/ros_ws/build/my_py_pkg/install.log'
