[0.488s] Invoking command in '/home/dongwon_serer/ros_ws/build/my_py_pkg': PYTHONPATH=/home/dongwon_serer/ros_ws/build/my_py_pkg/prefix_override:/usr/lib/python3/dist-packages/colcon_core/task/python/colcon_distutils_commands:/home/dongwon_serer/ros_ws/install/my_py_pkg/lib/python3.10/site-packages:${PYTHONPATH} /usr/bin/python3 -W ignore:setup.py install is deprecated -W ignore:easy_install command is deprecated setup.py develop --uninstall --editable --build-directory /home/dongwon_serer/ros_ws/build/my_py_pkg/build
[0.656s] running develop
[0.754s] Removing /home/dongwon_serer/ros_ws/install/my_py_pkg/lib/python3.10/site-packages/my-py-pkg.egg-link (link to .)
[0.771s] Invoked command in '/home/dongwon_serer/ros_ws/build/my_py_pkg' returned '0': PYTHONPATH=/home/dongwon_serer/ros_ws/build/my_py_pkg/prefix_override:/usr/lib/python3/dist-packages/colcon_core/task/python/colcon_distutils_commands:/home/dongwon_serer/ros_ws/install/my_py_pkg/lib/python3.10/site-packages:${PYTHONPATH} /usr/bin/python3 -W ignore:setup.py install is deprecated -W ignore:easy_install command is deprecated setup.py develop --uninstall --editable --build-directory /home/dongwon_serer/ros_ws/build/my_py_pkg/build
[0.773s] Invoking command in '/home/dongwon_serer/ros_ws/src/my_py_pkg': PYTHONPATH=/home/dongwon_serer/ros_ws/build/my_py_pkg/prefix_override:/usr/lib/python3/dist-packages/colcon_core/task/python/colcon_distutils_commands:/home/dongwon_serer/ros_ws/install/my_py_pkg/lib/python3.10/site-packages:${PYTHONPATH} /usr/bin/python3 -W ignore:setup.py install is deprecated -W ignore:easy_install command is deprecated setup.py egg_info --egg-base ../../build/my_py_pkg build --build-base /home/dongwon_serer/ros_ws/build/my_py_pkg/build install --record /home/dongwon_serer/ros_ws/build/my_py_pkg/install.log --single-version-externally-managed install_data --force
[0.931s] running egg_info
[0.931s] writing ../../build/my_py_pkg/my_py_pkg.egg-info/PKG-INFO
[0.931s] writing dependency_links to ../../build/my_py_pkg/my_py_pkg.egg-info/dependency_links.txt
[0.932s] writing entry points to ../../build/my_py_pkg/my_py_pkg.egg-info/entry_points.txt
[0.932s] writing requirements to ../../build/my_py_pkg/my_py_pkg.egg-info/requires.txt
[0.932s] writing top-level names to ../../build/my_py_pkg/my_py_pkg.egg-info/top_level.txt
[0.948s] reading manifest file '../../build/my_py_pkg/my_py_pkg.egg-info/SOURCES.txt'
[0.948s] writing manifest file '../../build/my_py_pkg/my_py_pkg.egg-info/SOURCES.txt'
[0.948s] running build
[0.948s] running build_py
[0.949s] copying my_py_pkg/hardware_status_publisher.py -> /home/dongwon_serer/ros_ws/build/my_py_pkg/build/lib/my_py_pkg
[0.949s] copying my_py_pkg/add_two_ints_client_no_oop.py -> /home/dongwon_serer/ros_ws/build/my_py_pkg/build/lib/my_py_pkg
[0.950s] copying my_py_pkg/add_two_ints_client.py -> /home/dongwon_serer/ros_ws/build/my_py_pkg/build/lib/my_py_pkg
[0.950s] running install
[0.950s] running install_lib
[0.951s] creating /home/dongwon_serer/ros_ws/install/my_py_pkg/lib/python3.10/site-packages/my_py_pkg
[0.952s] copying /home/dongwon_serer/ros_ws/build/my_py_pkg/build/lib/my_py_pkg/add_two_ints_server.py -> /home/dongwon_serer/ros_ws/install/my_py_pkg/lib/python3.10/site-packages/my_py_pkg
[0.952s] copying /home/dongwon_serer/ros_ws/build/my_py_pkg/build/lib/my_py_pkg/template_python_node.py -> /home/dongwon_serer/ros_ws/install/my_py_pkg/lib/python3.10/site-packages/my_py_pkg
[0.952s] copying /home/dongwon_serer/ros_ws/build/my_py_pkg/build/lib/my_py_pkg/number_subscriber.py -> /home/dongwon_serer/ros_ws/install/my_py_pkg/lib/python3.10/site-packages/my_py_pkg
[0.953s] copying /home/dongwon_serer/ros_ws/build/my_py_pkg/build/lib/my_py_pkg/number_publisher.py -> /home/dongwon_serer/ros_ws/install/my_py_pkg/lib/python3.10/site-packages/my_py_pkg
[0.953s] copying /home/dongwon_serer/ros_ws/build/my_py_pkg/build/lib/my_py_pkg/hardware_status_publisher.py -> /home/dongwon_serer/ros_ws/install/my_py_pkg/lib/python3.10/site-packages/my_py_pkg
[0.953s] copying /home/dongwon_serer/ros_ws/build/my_py_pkg/build/lib/my_py_pkg/__init__.py -> /home/dongwon_serer/ros_ws/install/my_py_pkg/lib/python3.10/site-packages/my_py_pkg
[0.953s] copying /home/dongwon_serer/ros_ws/build/my_py_pkg/build/lib/my_py_pkg/robot_news_station.py -> /home/dongwon_serer/ros_ws/install/my_py_pkg/lib/python3.10/site-packages/my_py_pkg
[0.954s] copying /home/dongwon_serer/ros_ws/build/my_py_pkg/build/lib/my_py_pkg/publisher_solution.py -> /home/dongwon_serer/ros_ws/install/my_py_pkg/lib/python3.10/site-packages/my_py_pkg
[0.954s] copying /home/dongwon_serer/ros_ws/build/my_py_pkg/build/lib/my_py_pkg/add_two_ints_client_no_oop.py -> /home/dongwon_serer/ros_ws/install/my_py_pkg/lib/python3.10/site-packages/my_py_pkg
[0.954s] copying /home/dongwon_serer/ros_ws/build/my_py_pkg/build/lib/my_py_pkg/add_two_ints_client.py -> /home/dongwon_serer/ros_ws/install/my_py_pkg/lib/python3.10/site-packages/my_py_pkg
[0.954s] copying /home/dongwon_serer/ros_ws/build/my_py_pkg/build/lib/my_py_pkg/subscriber_solution.py -> /home/dongwon_serer/ros_ws/install/my_py_pkg/lib/python3.10/site-packages/my_py_pkg
[0.955s] copying /home/dongwon_serer/ros_ws/build/my_py_pkg/build/lib/my_py_pkg/smartphone.py -> /home/dongwon_serer/ros_ws/install/my_py_pkg/lib/python3.10/site-packages/my_py_pkg
[0.955s] byte-compiling /home/dongwon_serer/ros_ws/install/my_py_pkg/lib/python3.10/site-packages/my_py_pkg/add_two_ints_server.py to add_two_ints_server.cpython-310.pyc
[0.956s] byte-compiling /home/dongwon_serer/ros_ws/install/my_py_pkg/lib/python3.10/site-packages/my_py_pkg/template_python_node.py to template_python_node.cpython-310.pyc
[0.956s] byte-compiling /home/dongwon_serer/ros_ws/install/my_py_pkg/lib/python3.10/site-packages/my_py_pkg/number_subscriber.py to number_subscriber.cpython-310.pyc
[0.956s] byte-compiling /home/dongwon_serer/ros_ws/install/my_py_pkg/lib/python3.10/site-packages/my_py_pkg/number_publisher.py to number_publisher.cpython-310.pyc
[0.957s] byte-compiling /home/dongwon_serer/ros_ws/install/my_py_pkg/lib/python3.10/site-packages/my_py_pkg/hardware_status_publisher.py to hardware_status_publisher.cpython-310.pyc
[0.957s] byte-compiling /home/dongwon_serer/ros_ws/install/my_py_pkg/lib/python3.10/site-packages/my_py_pkg/__init__.py to __init__.cpython-310.pyc
[0.957s] byte-compiling /home/dongwon_serer/ros_ws/install/my_py_pkg/lib/python3.10/site-packages/my_py_pkg/robot_news_station.py to robot_news_station.cpython-310.pyc
[0.957s] byte-compiling /home/dongwon_serer/ros_ws/install/my_py_pkg/lib/python3.10/site-packages/my_py_pkg/publisher_solution.py to publisher_solution.cpython-310.pyc
[0.958s] byte-compiling /home/dongwon_serer/ros_ws/install/my_py_pkg/lib/python3.10/site-packages/my_py_pkg/add_two_ints_client_no_oop.py to add_two_ints_client_no_oop.cpython-310.pyc
[0.958s] byte-compiling /home/dongwon_serer/ros_ws/install/my_py_pkg/lib/python3.10/site-packages/my_py_pkg/add_two_ints_client.py to add_two_ints_client.cpython-310.pyc
[0.958s] byte-compiling /home/dongwon_serer/ros_ws/install/my_py_pkg/lib/python3.10/site-packages/my_py_pkg/subscriber_solution.py to subscriber_solution.cpython-310.pyc
[0.959s] byte-compiling /home/dongwon_serer/ros_ws/install/my_py_pkg/lib/python3.10/site-packages/my_py_pkg/smartphone.py to smartphone.cpython-310.pyc
[0.959s] running install_data
[0.959s] copying resource/my_py_pkg -> /home/dongwon_serer/ros_ws/install/my_py_pkg/share/ament_index/resource_index/packages
[0.959s] copying package.xml -> /home/dongwon_serer/ros_ws/install/my_py_pkg/share/my_py_pkg
[0.959s] running install_egg_info
[0.961s] Copying ../../build/my_py_pkg/my_py_pkg.egg-info to /home/dongwon_serer/ros_ws/install/my_py_pkg/lib/python3.10/site-packages/my_py_pkg-0.0.0-py3.10.egg-info
[0.962s] running install_scripts
[0.976s] Installing add_two_ints_client script to /home/dongwon_serer/ros_ws/install/my_py_pkg/lib/my_py_pkg
[0.976s] Installing add_two_ints_client_no_oop script to /home/dongwon_serer/ros_ws/install/my_py_pkg/lib/my_py_pkg
[0.976s] Installing add_two_ints_server script to /home/dongwon_serer/ros_ws/install/my_py_pkg/lib/my_py_pkg
[0.976s] Installing hardware_status_publisher script to /home/dongwon_serer/ros_ws/install/my_py_pkg/lib/my_py_pkg
[0.977s] Installing number_counter script to /home/dongwon_serer/ros_ws/install/my_py_pkg/lib/my_py_pkg
[0.977s] Installing number_publisher script to /home/dongwon_serer/ros_ws/install/my_py_pkg/lib/my_py_pkg
[0.977s] Installing robot_news_station script to /home/dongwon_serer/ros_ws/install/my_py_pkg/lib/my_py_pkg
[0.977s] Installing smartphone script to /home/dongwon_serer/ros_ws/install/my_py_pkg/lib/my_py_pkg
[0.977s] writing list of installed files to '/home/dongwon_serer/ros_ws/build/my_py_pkg/install.log'
[0.993s] Invoked command in '/home/dongwon_serer/ros_ws/src/my_py_pkg' returned '0': PYTHONPATH=/home/dongwon_serer/ros_ws/build/my_py_pkg/prefix_override:/usr/lib/python3/dist-packages/colcon_core/task/python/colcon_distutils_commands:/home/dongwon_serer/ros_ws/install/my_py_pkg/lib/python3.10/site-packages:${PYTHONPATH} /usr/bin/python3 -W ignore:setup.py install is deprecated -W ignore:easy_install command is deprecated setup.py egg_info --egg-base ../../build/my_py_pkg build --build-base /home/dongwon_serer/ros_ws/build/my_py_pkg/build install --record /home/dongwon_serer/ros_ws/build/my_py_pkg/install.log --single-version-externally-managed install_data --force
