[0.014s] Invoking command in '/home/dongwon_serer/ros_ws/build/my_cpp_pkg': CMAKE_PREFIX_PATH=${CMAKE_PREFIX_PATH}:/home/dongwon_serer/ros_ws/install/my_py_pkg:/opt/ros/humble /usr/bin/cmake --build /home/dongwon_serer/ros_ws/build/my_cpp_pkg -- -j8 -l8
[0.080s] -- Found ament_cmake: 1.3.12 (/opt/ros/humble/share/ament_cmake/cmake)
[0.206s] -- Found rclcpp: 16.0.14 (/opt/ros/humble/share/rclcpp/cmake)
[0.299s] -- Found rosidl_generator_c: 3.1.7 (/opt/ros/humble/share/rosidl_generator_c/cmake)
[0.302s] -- Found rosidl_adapter: 3.1.7 (/opt/ros/humble/share/rosidl_adapter/cmake)
[0.310s] -- Found rosidl_generator_cpp: 3.1.7 (/opt/ros/humble/share/rosidl_generator_cpp/cmake)
[0.322s] -- Using all available rosidl_typesupport_c: rosidl_typesupport_fastrtps_c;rosidl_typesupport_introspection_c
[0.337s] -- Using all available rosidl_typesupport_cpp: rosidl_typesupport_fastrtps_cpp;rosidl_typesupport_introspection_cpp
[0.377s] -- Found rmw_implementation_cmake: 6.1.2 (/opt/ros/humble/share/rmw_implementation_cmake/cmake)
[0.379s] -- Found rmw_fastrtps_cpp: 6.2.8 (/opt/ros/humble/share/rmw_fastrtps_cpp/cmake)
[2.408s] -- Using RMW implementation 'rmw_fastrtps_cpp' as default
[2.482s] -- Found example_interfaces: 0.9.3 (/opt/ros/humble/share/example_interfaces/cmake)
[2.585s] -- Configuring done
[2.602s] -- Generating done
[2.607s] -- Build files have been written to: /home/dongwon_serer/ros_ws/build/my_cpp_pkg
[2.637s] [35m[1mConsolidate compiler generated dependencies of target my_node[0m
[2.645s] [ 25%] [32mBuilding CXX object CMakeFiles/add_two_ints_server.dir/src/add_two_ints_server.cpp.o[0m
[2.653s] [ 75%] Built target my_node
[3.059s] [01m[K/home/dongwon_serer/ros_ws/src/my_cpp_pkg/src/add_two_ints_server.cpp:2:2:[m[K [01;31m[Kerror: [m[Kinvalid preprocessing directive #icnlude; did you mean #include?
[3.060s]     2 | #[01;31m[Kicnlude[m[K "example_interfaces/srv/add_two_ints.hpp"
[3.060s]       |  [01;31m[K^~~~~~~[m[K
[3.060s]       |  [32m[Kinclude[m[K
[4.809s] [01m[K/home/dongwon_serer/ros_ws/src/my_cpp_pkg/src/add_two_ints_server.cpp:16:35:[m[K [01;31m[Kerror: [m[K‘[01m[Kexample_interfaces[m[K’ does not name a type
[4.809s]    16 |     void callbackAddTwiInts(const [01;31m[Kexample_interfaces[m[K::srv::AddTwoInts::Request::SharedPtr request,
[4.809s]       |                                   [01;31m[K^~~~~~~~~~~~~~~~~~[m[K
[4.809s] [01m[K/home/dongwon_serer/ros_ws/src/my_cpp_pkg/src/add_two_ints_server.cpp:16:58:[m[K [01;31m[Kerror: [m[Kexpected unqualified-id before ‘[01m[K::[m[K’ token
[4.810s]    16 |     void callbackAddTwiInts(const example_interfaces::srv[01;31m[K::[m[KAddTwoInts::Request::SharedPtr request,
[4.810s]       |                                                          [01;31m[K^~[m[K
[4.810s] [01m[K/home/dongwon_serer/ros_ws/src/my_cpp_pkg/src/add_two_ints_server.cpp:16:58:[m[K [01;31m[Kerror: [m[Kexpected ‘[01m[K)[m[K’ before ‘[01m[K::[m[K’ token
[4.810s]    16 |     void callbackAddTwiInts[34m[K([m[Kconst example_interfaces::srv[01;31m[K:[m[K[32m[K:[m[KAddTwoInts::Request::SharedPtr request,
[4.810s]       |                            [34m[K~[m[K                             [01;31m[K^[m[K[32m[K~[m[K
[4.810s]       |                                                          [32m[K)[m[K
[4.810s] [01m[K/home/dongwon_serer/ros_ws/src/my_cpp_pkg/src/add_two_ints_server.cpp:16:55:[m[K [01;31m[Kerror: [m[Kexpected ‘[01m[K;[m[K’ at end of member declaration
[4.810s]    16 |     void callbackAddTwiInts(const example_interfaces::[01;31m[Ksrv[m[K::AddTwoInts::Request::SharedPtr request,
[4.810s]       |                                                       [01;31m[K^~~[m[K
[4.810s]       |                                                          [32m[K;[m[K
[4.811s] [01m[K/home/dongwon_serer/ros_ws/src/my_cpp_pkg/src/add_two_ints_server.cpp:16:60:[m[K [01;31m[Kerror: [m[K‘[01m[KAddTwoInts[m[K’ in namespace ‘[01m[K::[m[K’ does not name a type
[4.811s]    16 |     void callbackAddTwiInts(const example_interfaces::srv::[01;31m[KAddTwoInts[m[K::Request::SharedPtr request,
[4.811s]       |                                                            [01;31m[K^~~~~~~~~~[m[K
[4.816s] [01m[K/home/dongwon_serer/ros_ws/src/my_cpp_pkg/src/add_two_ints_server.cpp:22:21:[m[K [01;31m[Kerror: [m[K‘[01m[Kexample_interfaces[m[K’ was not declared in this scope; did you mean ‘[01m[Krcl_interfaces[m[K’?
[4.816s]    22 |     rclcpp::Service<[01;31m[Kexample_interfaces[m[K::srv::AddTwoInts>::shared_ptr server_;
[4.817s]       |                     [01;31m[K^~~~~~~~~~~~~~~~~~[m[K
[4.817s]       |                     [32m[Krcl_interfaces[m[K
[4.817s] [01m[K/home/dongwon_serer/ros_ws/src/my_cpp_pkg/src/add_two_ints_server.cpp:22:56:[m[K [01;31m[Kerror: [m[Ktemplate argument 1 is invalid
[4.817s]    22 |     rclcpp::Service<example_interfaces::srv::AddTwoInts[01;31m[K>[m[K::shared_ptr server_;
[4.817s]       |                                                        [01;31m[K^[m[K
[4.817s] [01m[K/home/dongwon_serer/ros_ws/src/my_cpp_pkg/src/add_two_ints_server.cpp:22:59:[m[K [01;31m[Kerror: [m[Kexpected ‘[01m[K;[m[K’ at end of member declaration
[4.817s]    22 |     rclcpp::Service<example_interfaces::srv::AddTwoInts>::[01;31m[Kshared_ptr[m[K server_;
[4.817s]       |                                                           [01;31m[K^~~~~~~~~~[m[K
[4.817s]       |                                                                     [32m[K;[m[K
[4.817s] [01m[K/home/dongwon_serer/ros_ws/src/my_cpp_pkg/src/add_two_ints_server.cpp:22:70:[m[K [01;31m[Kerror: [m[K‘[01m[Kserver_[m[K’ does not name a type
[4.817s]    22 |     rclcpp::Service<example_interfaces::srv::AddTwoInts>::shared_ptr [01;31m[Kserver_[m[K;
[4.817s]       |                                                                      [01;31m[K^~~~~~~[m[K
[4.821s] [01m[K/home/dongwon_serer/ros_ws/src/my_cpp_pkg/src/add_two_ints_server.cpp:[m[K In constructor ‘[01m[KAddTwoIntsServerNode::AddTwoIntsServerNode()[m[K’:
[4.821s] [01m[K/home/dongwon_serer/ros_ws/src/my_cpp_pkg/src/add_two_ints_server.cpp:10:13:[m[K [01;31m[Kerror: [m[K‘[01m[Kserver_[m[K’ was not declared in this scope
[4.821s]    10 |             [01;31m[Kserver_[m[K = this -> create_service<example_interfaces::srv::AddTwoInts>("add_two_ints", std::bind(&AddTwoIntsServerNode::callbackAddTwoInts, this, _1, _2));
[4.821s]       |             [01;31m[K^~~~~~~[m[K
[4.826s] [01m[K/home/dongwon_serer/ros_ws/src/my_cpp_pkg/src/add_two_ints_server.cpp:10:46:[m[K [01;31m[Kerror: [m[K‘[01m[Kexample_interfaces[m[K’ was not declared in this scope; did you mean ‘[01m[Krcl_interfaces[m[K’?
[4.826s]    10 |             server_ = this -> create_service<[01;31m[Kexample_interfaces[m[K::srv::AddTwoInts>("add_two_ints", std::bind(&AddTwoIntsServerNode::callbackAddTwoInts, this, _1, _2));
[4.826s]       |                                              [01;31m[K^~~~~~~~~~~~~~~~~~[m[K
[4.826s]       |                                              [32m[Krcl_interfaces[m[K
[4.826s] [01m[K/home/dongwon_serer/ros_ws/src/my_cpp_pkg/src/add_two_ints_server.cpp:10:31:[m[K [01;31m[Kerror: [m[Kparse error in template argument list
[4.826s]    10 |             server_ = this -> [01;31m[Kcreate_service<example_interfaces::srv::AddTwoInts>[m[K("add_two_ints", std::bind(&AddTwoIntsServerNode::callbackAddTwoInts, this, _1, _2));
[4.827s]       |                               [01;31m[K^~~~~~~~~~~~~~~~~~~~~~~~~~~~~~~~~~~~~~~~~~~~~~~~~~~[m[K
[4.827s] [01m[K/home/dongwon_serer/ros_ws/src/my_cpp_pkg/src/add_two_ints_server.cpp:10:132:[m[K [01;31m[Kerror: [m[K‘[01m[KcallbackAddTwoInts[m[K’ is not a member of ‘[01m[KAddTwoIntsServerNode[m[K’
[4.827s]    10 |             server_ = this -> create_service<example_interfaces::srv::AddTwoInts>("add_two_ints", std::bind(&AddTwoIntsServerNode::[01;31m[KcallbackAddTwoInts[m[K, this, _1, _2));
[4.827s]       |                                                                                                                                    [01;31m[K^~~~~~~~~~~~~~~~~~[m[K
[4.827s] [01m[K/home/dongwon_serer/ros_ws/src/my_cpp_pkg/src/add_two_ints_server.cpp:13:9:[m[K [01;31m[Kerror: [m[Kexpected ‘[01m[K;[m[K’ before ‘[01m[K}[m[K’ token
[4.827s]    13 |         [01;31m[K}[m[K
[4.827s]       |         [01;31m[K^[m[K
[4.830s] [01m[K/home/dongwon_serer/ros_ws/src/my_cpp_pkg/src/add_two_ints_server.cpp:[m[K In function ‘[01m[Kint main()[m[K’:
[4.830s] [01m[K/home/dongwon_serer/ros_ws/src/my_cpp_pkg/src/add_two_ints_server.cpp:27:34:[m[K [01;31m[Kerror: [m[K‘[01m[KAddTwoIntsServer[m[K’ was not declared in this scope; did you mean ‘[01m[KAddTwoIntsServerNode[m[K’?
[4.830s]    27 |     auto node = std::make_shared<[01;31m[KAddTwoIntsServer[m[K>();
[4.830s]       |                                  [01;31m[K^~~~~~~~~~~~~~~~[m[K
[4.830s]       |                                  [32m[KAddTwoIntsServerNode[m[K
[4.830s] [01m[K/home/dongwon_serer/ros_ws/src/my_cpp_pkg/src/add_two_ints_server.cpp:27:51:[m[K [01;31m[Kerror: [m[Kno matching function for call to ‘[01m[Kmake_shared<<expression error> >()[m[K’
[4.830s]    27 |     auto node = [01;31m[Kstd::make_shared<AddTwoIntsServer>()[m[K;
[4.830s]       |                 [01;31m[K~~~~~~~~~~~~~~~~~~~~~~~~~~~~~~~~~~^~[m[K
[4.830s] In file included from [01m[K/usr/include/c++/11/memory:77[m[K,
[4.830s]                  from [01m[K/opt/ros/humble/include/rclcpp/rclcpp/rclcpp.hpp:153[m[K,
[4.830s]                  from [01m[K/home/dongwon_serer/ros_ws/src/my_cpp_pkg/src/add_two_ints_server.cpp:1[m[K:
[4.830s] [01m[K/usr/include/c++/11/bits/shared_ptr.h:875:5:[m[K [01;36m[Knote: [m[Kcandidate: ‘[01m[Ktemplate<class _Tp, class ... _Args> std::shared_ptr<_Tp> std::make_shared(_Args&& ...)[m[K’
[4.830s]   875 |     [01;36m[Kmake_shared[m[K(_Args&&... __args)
[4.830s]       |     [01;36m[K^~~~~~~~~~~[m[K
[4.830s] [01m[K/usr/include/c++/11/bits/shared_ptr.h:875:5:[m[K [01;36m[Knote: [m[K  template argument deduction/substitution failed:
[4.831s] [01m[K/home/dongwon_serer/ros_ws/src/my_cpp_pkg/src/add_two_ints_server.cpp:27:51:[m[K [01;31m[Kerror: [m[Ktemplate argument 1 is invalid
[4.831s]    27 |     auto node = [01;31m[Kstd::make_shared<AddTwoIntsServer>()[m[K;
[4.831s]       |                 [01;31m[K~~~~~~~~~~~~~~~~~~~~~~~~~~~~~~~~~~^~[m[K
[4.831s] [01m[K/home/dongwon_serer/ros_ws/src/my_cpp_pkg/src/add_two_ints_server.cpp:28:5:[m[K [01;31m[Kerror: [m[K‘[01m[Krclrpp[m[K’ has not been declared
[4.831s]    28 |     [01;31m[Krclrpp[m[K::spin(node);
[4.831s]       |     [01;31m[K^~~~~~[m[K
[4.831s] [01m[K/home/dongwon_serer/ros_ws/src/my_cpp_pkg/src/add_two_ints_server.cpp:29:12:[m[K [01;31m[Kerror: [m[K‘[01m[Kshutdown[m[K’ was not declared in this scope; did you mean ‘[01m[Krclcpp::shutdown[m[K’?
[4.831s]    29 |     rclcpp:[01;31m[Kshutdown[m[K();
[4.831s]       |            [01;31m[K^~~~~~~~[m[K
[4.831s]       |            [32m[Krclcpp::shutdown[m[K
[4.831s] In file included from [01m[K/opt/ros/humble/include/rclcpp/rclcpp/logging.hpp:25[m[K,
[4.831s]                  from [01m[K/opt/ros/humble/include/rclcpp/rclcpp/client.hpp:40[m[K,
[4.831s]                  from [01m[K/opt/ros/humble/include/rclcpp/rclcpp/callback_group.hpp:24[m[K,
[4.831s]                  from [01m[K/opt/ros/humble/include/rclcpp/rclcpp/any_executable.hpp:20[m[K,
[4.831s]                  from [01m[K/opt/ros/humble/include/rclcpp/rclcpp/memory_strategy.hpp:25[m[K,
[4.831s]                  from [01m[K/opt/ros/humble/include/rclcpp/rclcpp/memory_strategies.hpp:18[m[K,
[4.831s]                  from [01m[K/opt/ros/humble/include/rclcpp/rclcpp/executor_options.hpp:20[m[K,
[4.831s]                  from [01m[K/opt/ros/humble/include/rclcpp/rclcpp/executor.hpp:37[m[K,
[4.831s]                  from [01m[K/opt/ros/humble/include/rclcpp/rclcpp/executors/multi_threaded_executor.hpp:25[m[K,
[4.831s]                  from [01m[K/opt/ros/humble/include/rclcpp/rclcpp/executors.hpp:21[m[K,
[4.831s]                  from [01m[K/opt/ros/humble/include/rclcpp/rclcpp/rclcpp.hpp:155[m[K,
[4.831s]                  from [01m[K/home/dongwon_serer/ros_ws/src/my_cpp_pkg/src/add_two_ints_server.cpp:1[m[K:
[4.831s] [01m[K/opt/ros/humble/include/rclcpp/rclcpp/utilities.hpp:194:1:[m[K [01;36m[Knote: [m[K‘[01m[Krclcpp::shutdown[m[K’ declared here
[4.831s]   194 | [01;36m[Kshutdown[m[K(
[4.831s]       | [01;36m[K^~~~~~~~[m[K
[5.166s] gmake[2]: *** [CMakeFiles/add_two_ints_server.dir/build.make:76: CMakeFiles/add_two_ints_server.dir/src/add_two_ints_server.cpp.o] Error 1
[5.166s] gmake[1]: *** [CMakeFiles/Makefile2:165: CMakeFiles/add_two_ints_server.dir/all] Error 2
[5.166s] gmake: *** [Makefile:146: all] Error 2
[5.169s] Invoked command in '/home/dongwon_serer/ros_ws/build/my_cpp_pkg' returned '2': CMAKE_PREFIX_PATH=${CMAKE_PREFIX_PATH}:/home/dongwon_serer/ros_ws/install/my_py_pkg:/opt/ros/humble /usr/bin/cmake --build /home/dongwon_serer/ros_ws/build/my_cpp_pkg -- -j8 -l8
