[0.009s] Invoking command in '/home/dongwon_serer/ros_ws/build/cpp_prac_pkg': CMAKE_PREFIX_PATH=${CMAKE_PREFIX_PATH}:/home/dongwon_serer/ros_ws/install/my_py_pkg:/opt/ros/humble /usr/bin/cmake --build /home/dongwon_serer/ros_ws/build/cpp_prac_pkg -- -j8 -l8
[0.043s] [35m[1mConsolidate compiler generated dependencies of target number_counter[0m
[0.043s] [35m[1mConsolidate compiler generated dependencies of target number_publisher[0m
[0.058s] [ 75%] [32mBuilding CXX object CMakeFiles/number_publisher.dir/src/number_publisher.cpp.o[0m
[0.058s] [ 75%] Built target number_counter
[3.155s] [100%] [32m[1mLinking CXX executable number_publisher[0m
[3.325s] [100%] Built target number_publisher
[3.335s] Invoked command in '/home/dongwon_serer/ros_ws/build/cpp_prac_pkg' returned '0': CMAKE_PREFIX_PATH=${CMAKE_PREFIX_PATH}:/home/dongwon_serer/ros_ws/install/my_py_pkg:/opt/ros/humble /usr/bin/cmake --build /home/dongwon_serer/ros_ws/build/cpp_prac_pkg -- -j8 -l8
[3.342s] Invoking command in '/home/dongwon_serer/ros_ws/build/cpp_prac_pkg': CMAKE_PREFIX_PATH=${CMAKE_PREFIX_PATH}:/home/dongwon_serer/ros_ws/install/my_py_pkg:/opt/ros/humble /usr/bin/cmake --install /home/dongwon_serer/ros_ws/build/cpp_prac_pkg
[3.350s] -- Install configuration: ""
[3.350s] -- Execute custom install script
[3.351s] -- Up-to-date symlink: /home/dongwon_serer/ros_ws/install/cpp_prac_pkg/lib/cpp_prac_pkg/number_publisher
[3.351s] -- Up-to-date symlink: /home/dongwon_serer/ros_ws/install/cpp_prac_pkg/lib/cpp_prac_pkg/number_counter
[3.351s] -- Up-to-date symlink: /home/dongwon_serer/ros_ws/install/cpp_prac_pkg/share/ament_index/resource_index/package_run_dependencies/cpp_prac_pkg
[3.351s] -- Up-to-date symlink: /home/dongwon_serer/ros_ws/install/cpp_prac_pkg/share/ament_index/resource_index/parent_prefix_path/cpp_prac_pkg
[3.352s] -- Up-to-date symlink: /home/dongwon_serer/ros_ws/install/cpp_prac_pkg/share/cpp_prac_pkg/environment/ament_prefix_path.sh
[3.352s] -- Up-to-date symlink: /home/dongwon_serer/ros_ws/install/cpp_prac_pkg/share/cpp_prac_pkg/environment/ament_prefix_path.dsv
[3.352s] -- Up-to-date symlink: /home/dongwon_serer/ros_ws/install/cpp_prac_pkg/share/cpp_prac_pkg/environment/path.sh
[3.352s] -- Up-to-date symlink: /home/dongwon_serer/ros_ws/install/cpp_prac_pkg/share/cpp_prac_pkg/environment/path.dsv
[3.352s] -- Up-to-date symlink: /home/dongwon_serer/ros_ws/install/cpp_prac_pkg/share/cpp_prac_pkg/local_setup.bash
[3.353s] -- Up-to-date symlink: /home/dongwon_serer/ros_ws/install/cpp_prac_pkg/share/cpp_prac_pkg/local_setup.sh
[3.353s] -- Up-to-date symlink: /home/dongwon_serer/ros_ws/install/cpp_prac_pkg/share/cpp_prac_pkg/local_setup.zsh
[3.353s] -- Up-to-date symlink: /home/dongwon_serer/ros_ws/install/cpp_prac_pkg/share/cpp_prac_pkg/local_setup.dsv
[3.353s] -- Symlinking: /home/dongwon_serer/ros_ws/install/cpp_prac_pkg/share/cpp_prac_pkg/package.dsv
[3.361s] -- Up-to-date symlink: /home/dongwon_serer/ros_ws/install/cpp_prac_pkg/share/ament_index/resource_index/packages/cpp_prac_pkg
[3.361s] -- Up-to-date symlink: /home/dongwon_serer/ros_ws/install/cpp_prac_pkg/share/cpp_prac_pkg/cmake/cpp_prac_pkgConfig.cmake
[3.361s] -- Up-to-date symlink: /home/dongwon_serer/ros_ws/install/cpp_prac_pkg/share/cpp_prac_pkg/cmake/cpp_prac_pkgConfig-version.cmake
[3.361s] -- Up-to-date symlink: /home/dongwon_serer/ros_ws/install/cpp_prac_pkg/share/cpp_prac_pkg/package.xml
[3.363s] Invoked command in '/home/dongwon_serer/ros_ws/build/cpp_prac_pkg' returned '0': CMAKE_PREFIX_PATH=${CMAKE_PREFIX_PATH}:/home/dongwon_serer/ros_ws/install/my_py_pkg:/opt/ros/humble /usr/bin/cmake --install /home/dongwon_serer/ros_ws/build/cpp_prac_pkg
