[0.010s] Invoking command in '/home/sloth/ros2_clean_ws/build/my_cpp_pkg': CMAKE_PREFIX_PATH=${CMAKE_PREFIX_PATH}:/home/sloth/ros2_clean_ws/install/my_py_pkg:/home/sloth/ros2_humble/install/ament_uncrustify:/home/sloth/ros2_humble/install/tracetools_trace:/home/sloth/ros2_humble/install/tracetools_read:/home/sloth/ros2_humble/install/rpyutils:/home/sloth/ros2_humble/install/rosidl_cli:/home/sloth/ros2_humble/install/launch_pytest:/home/sloth/ros2_humble/install/launch_testing:/home/sloth/ros2_humble/install/launch_yaml:/home/sloth/ros2_humble/install/launch_xml:/home/sloth/ros2_humble/install/launch:/home/sloth/ros2_humble/install/osrf_pycommon:/home/sloth/ros2_humble/install/domain_coordinator:/home/sloth/ros2_humble/install/ament_xmllint:/home/sloth/ros2_humble/install/ament_pyflakes:/home/sloth/ros2_humble/install/ament_pycodestyle:/home/sloth/ros2_humble/install/ament_pep257:/home/sloth/ros2_humble/install/ament_pclint:/home/sloth/ros2_humble/install/ament_package:/home/sloth/ros2_humble/install/ament_mypy:/home/sloth/ros2_humble/install/ament_lint_cmake:/home/sloth/ros2_humble/install/ament_flake8:/home/sloth/ros2_humble/install/ament_copyright:/home/sloth/ros2_humble/install/ament_lint:/home/sloth/ros2_humble/install/ament_index_python:/home/sloth/ros2_humble/install/ament_cpplint:/home/sloth/ros2_humble/install/ament_cppcheck:/home/sloth/ros2_humble/install/ament_clang_tidy:/home/sloth/ros2_humble/install/ament_clang_format:/opt/ros/humble /usr/bin/cmake --build /home/sloth/ros2_clean_ws/build/my_cpp_pkg -- -j16 -l16
[0.078s] -- Found ament_cmake: 1.3.12 (/home/sloth/ros2_humble/install/ament_cmake/share/ament_cmake/cmake)
[0.172s] -- Found rclcpp: 16.0.12 (/opt/ros/humble/share/rclcpp/cmake)
[0.191s] -- Found rosidl_generator_c: 3.1.6 (/home/sloth/ros2_humble/install/rosidl_generator_c/share/rosidl_generator_c/cmake)
[0.192s] -- Found rosidl_adapter: 3.1.6 (/home/sloth/ros2_humble/install/rosidl_adapter/share/rosidl_adapter/cmake)
[0.196s] -- Found rosidl_generator_cpp: 3.1.6 (/opt/ros/humble/share/rosidl_generator_cpp/cmake)
[0.205s] -- Using all available rosidl_typesupport_c: rosidl_typesupport_introspection_c;rosidl_typesupport_fastrtps_c
[0.217s] -- Using all available rosidl_typesupport_cpp: rosidl_typesupport_introspection_cpp;rosidl_typesupport_fastrtps_cpp
[0.239s] -- Found rmw_implementation_cmake: 6.1.2 (/home/sloth/ros2_humble/install/rmw_implementation_cmake/share/rmw_implementation_cmake/cmake)
[0.243s] -- Found rmw_fastrtps_cpp: 6.2.7 (/opt/ros/humble/share/rmw_fastrtps_cpp/cmake)
[0.323s] -- Using RMW implementation 'rmw_fastrtps_cpp' as default
[0.348s] -- Found example_interfaces: 0.9.3 (/opt/ros/humble/share/example_interfaces/cmake)
[0.378s] -- Found ament_lint_auto: 0.12.12 (/home/sloth/ros2_humble/install/ament_lint_auto/share/ament_lint_auto/cmake)
[0.420s] -- Added test 'cppcheck' to perform static code analysis on C / C++ code
[0.420s] -- Configured cppcheck include dirs: 
[0.420s] -- Configured cppcheck exclude dirs and/or files: 
[0.420s] -- Added test 'lint_cmake' to check CMake code style
[0.421s] -- Added test 'uncrustify' to check C / C++ code style
[0.421s] -- Configured uncrustify additional arguments: 
[0.421s] -- Added test 'xmllint' to check XML markup files
[0.421s] -- Configuring done
[0.433s] -- Generating done
[0.437s] -- Build files have been written to: /home/sloth/ros2_clean_ws/build/my_cpp_pkg
[0.451s] [35m[1mConsolidate compiler generated dependencies of target robot_news_station[0m
[0.456s] [ 25%] [32mBuilding CXX object CMakeFiles/smartphone.dir/src/smartphone.cpp.o[0m
[0.468s] [ 50%] [32mBuilding CXX object CMakeFiles/robot_news_station.dir/src/robot_news_station.cpp.o[0m
[2.970s] [ 75%] [32m[1mLinking CXX executable robot_news_station[0m
[3.153s] [ 75%] Built target robot_news_station
[4.689s] [100%] [32m[1mLinking CXX executable smartphone[0m
[4.892s] [100%] Built target smartphone
[4.900s] Invoked command in '/home/sloth/ros2_clean_ws/build/my_cpp_pkg' returned '0': CMAKE_PREFIX_PATH=${CMAKE_PREFIX_PATH}:/home/sloth/ros2_clean_ws/install/my_py_pkg:/home/sloth/ros2_humble/install/ament_uncrustify:/home/sloth/ros2_humble/install/tracetools_trace:/home/sloth/ros2_humble/install/tracetools_read:/home/sloth/ros2_humble/install/rpyutils:/home/sloth/ros2_humble/install/rosidl_cli:/home/sloth/ros2_humble/install/launch_pytest:/home/sloth/ros2_humble/install/launch_testing:/home/sloth/ros2_humble/install/launch_yaml:/home/sloth/ros2_humble/install/launch_xml:/home/sloth/ros2_humble/install/launch:/home/sloth/ros2_humble/install/osrf_pycommon:/home/sloth/ros2_humble/install/domain_coordinator:/home/sloth/ros2_humble/install/ament_xmllint:/home/sloth/ros2_humble/install/ament_pyflakes:/home/sloth/ros2_humble/install/ament_pycodestyle:/home/sloth/ros2_humble/install/ament_pep257:/home/sloth/ros2_humble/install/ament_pclint:/home/sloth/ros2_humble/install/ament_package:/home/sloth/ros2_humble/install/ament_mypy:/home/sloth/ros2_humble/install/ament_lint_cmake:/home/sloth/ros2_humble/install/ament_flake8:/home/sloth/ros2_humble/install/ament_copyright:/home/sloth/ros2_humble/install/ament_lint:/home/sloth/ros2_humble/install/ament_index_python:/home/sloth/ros2_humble/install/ament_cpplint:/home/sloth/ros2_humble/install/ament_cppcheck:/home/sloth/ros2_humble/install/ament_clang_tidy:/home/sloth/ros2_humble/install/ament_clang_format:/opt/ros/humble /usr/bin/cmake --build /home/sloth/ros2_clean_ws/build/my_cpp_pkg -- -j16 -l16
[4.908s] Invoking command in '/home/sloth/ros2_clean_ws/build/my_cpp_pkg': CMAKE_PREFIX_PATH=${CMAKE_PREFIX_PATH}:/home/sloth/ros2_clean_ws/install/my_py_pkg:/home/sloth/ros2_humble/install/ament_uncrustify:/home/sloth/ros2_humble/install/tracetools_trace:/home/sloth/ros2_humble/install/tracetools_read:/home/sloth/ros2_humble/install/rpyutils:/home/sloth/ros2_humble/install/rosidl_cli:/home/sloth/ros2_humble/install/launch_pytest:/home/sloth/ros2_humble/install/launch_testing:/home/sloth/ros2_humble/install/launch_yaml:/home/sloth/ros2_humble/install/launch_xml:/home/sloth/ros2_humble/install/launch:/home/sloth/ros2_humble/install/osrf_pycommon:/home/sloth/ros2_humble/install/domain_coordinator:/home/sloth/ros2_humble/install/ament_xmllint:/home/sloth/ros2_humble/install/ament_pyflakes:/home/sloth/ros2_humble/install/ament_pycodestyle:/home/sloth/ros2_humble/install/ament_pep257:/home/sloth/ros2_humble/install/ament_pclint:/home/sloth/ros2_humble/install/ament_package:/home/sloth/ros2_humble/install/ament_mypy:/home/sloth/ros2_humble/install/ament_lint_cmake:/home/sloth/ros2_humble/install/ament_flake8:/home/sloth/ros2_humble/install/ament_copyright:/home/sloth/ros2_humble/install/ament_lint:/home/sloth/ros2_humble/install/ament_index_python:/home/sloth/ros2_humble/install/ament_cpplint:/home/sloth/ros2_humble/install/ament_cppcheck:/home/sloth/ros2_humble/install/ament_clang_tidy:/home/sloth/ros2_humble/install/ament_clang_format:/opt/ros/humble /usr/bin/cmake --install /home/sloth/ros2_clean_ws/build/my_cpp_pkg
[4.911s] -- Install configuration: ""
[4.911s] -- Installing: /home/sloth/ros2_clean_ws/install/my_cpp_pkg/lib/my_cpp_pkg/robot_news_station
[4.912s] -- Set runtime path of "/home/sloth/ros2_clean_ws/install/my_cpp_pkg/lib/my_cpp_pkg/robot_news_station" to ""
[4.912s] -- Installing: /home/sloth/ros2_clean_ws/install/my_cpp_pkg/lib/my_cpp_pkg/smartphone
[4.914s] -- Set runtime path of "/home/sloth/ros2_clean_ws/install/my_cpp_pkg/lib/my_cpp_pkg/smartphone" to ""
[4.914s] -- Up-to-date: /home/sloth/ros2_clean_ws/install/my_cpp_pkg/share/ament_index/resource_index/package_run_dependencies/my_cpp_pkg
[4.914s] -- Installing: /home/sloth/ros2_clean_ws/install/my_cpp_pkg/share/ament_index/resource_index/parent_prefix_path/my_cpp_pkg
[4.914s] -- Installing: /home/sloth/ros2_clean_ws/install/my_cpp_pkg/share/my_cpp_pkg/environment/ament_prefix_path.dsv
[4.914s] -- Installing: /home/sloth/ros2_clean_ws/install/my_cpp_pkg/share/my_cpp_pkg/environment/path.dsv
[4.915s] -- Up-to-date: /home/sloth/ros2_clean_ws/install/my_cpp_pkg/share/my_cpp_pkg/local_setup.bash
[4.915s] -- Up-to-date: /home/sloth/ros2_clean_ws/install/my_cpp_pkg/share/my_cpp_pkg/local_setup.sh
[4.915s] -- Up-to-date: /home/sloth/ros2_clean_ws/install/my_cpp_pkg/share/my_cpp_pkg/local_setup.zsh
[4.915s] -- Installing: /home/sloth/ros2_clean_ws/install/my_cpp_pkg/share/my_cpp_pkg/local_setup.dsv
[4.915s] -- Installing: /home/sloth/ros2_clean_ws/install/my_cpp_pkg/share/my_cpp_pkg/package.dsv
[4.915s] -- Up-to-date: /home/sloth/ros2_clean_ws/install/my_cpp_pkg/share/ament_index/resource_index/packages/my_cpp_pkg
[4.915s] -- Up-to-date: /home/sloth/ros2_clean_ws/install/my_cpp_pkg/share/my_cpp_pkg/cmake/my_cpp_pkgConfig.cmake
[4.915s] -- Up-to-date: /home/sloth/ros2_clean_ws/install/my_cpp_pkg/share/my_cpp_pkg/cmake/my_cpp_pkgConfig-version.cmake
[4.915s] -- Up-to-date: /home/sloth/ros2_clean_ws/install/my_cpp_pkg/share/my_cpp_pkg/package.xml
[4.916s] Invoked command in '/home/sloth/ros2_clean_ws/build/my_cpp_pkg' returned '0': CMAKE_PREFIX_PATH=${CMAKE_PREFIX_PATH}:/home/sloth/ros2_clean_ws/install/my_py_pkg:/home/sloth/ros2_humble/install/ament_uncrustify:/home/sloth/ros2_humble/install/tracetools_trace:/home/sloth/ros2_humble/install/tracetools_read:/home/sloth/ros2_humble/install/rpyutils:/home/sloth/ros2_humble/install/rosidl_cli:/home/sloth/ros2_humble/install/launch_pytest:/home/sloth/ros2_humble/install/launch_testing:/home/sloth/ros2_humble/install/launch_yaml:/home/sloth/ros2_humble/install/launch_xml:/home/sloth/ros2_humble/install/launch:/home/sloth/ros2_humble/install/osrf_pycommon:/home/sloth/ros2_humble/install/domain_coordinator:/home/sloth/ros2_humble/install/ament_xmllint:/home/sloth/ros2_humble/install/ament_pyflakes:/home/sloth/ros2_humble/install/ament_pycodestyle:/home/sloth/ros2_humble/install/ament_pep257:/home/sloth/ros2_humble/install/ament_pclint:/home/sloth/ros2_humble/install/ament_package:/home/sloth/ros2_humble/install/ament_mypy:/home/sloth/ros2_humble/install/ament_lint_cmake:/home/sloth/ros2_humble/install/ament_flake8:/home/sloth/ros2_humble/install/ament_copyright:/home/sloth/ros2_humble/install/ament_lint:/home/sloth/ros2_humble/install/ament_index_python:/home/sloth/ros2_humble/install/ament_cpplint:/home/sloth/ros2_humble/install/ament_cppcheck:/home/sloth/ros2_humble/install/ament_clang_tidy:/home/sloth/ros2_humble/install/ament_clang_format:/opt/ros/humble /usr/bin/cmake --install /home/sloth/ros2_clean_ws/build/my_cpp_pkg
