[0.012s] Invoking command in '/home/dongwon_serer/ros_ws/build/my_robot_interfaces': CMAKE_PREFIX_PATH=${CMAKE_PREFIX_PATH}:/home/dongwon_serer/ros_ws/install/my_py_pkg:/opt/ros/humble /usr/bin/cmake /home/dongwon_serer/ros_ws/src/my_robot_interfaces -DCMAKE_INSTALL_PREFIX=/home/dongwon_serer/ros_ws/install/my_robot_interfaces
[0.184s] -- The C compiler identification is GNU 11.4.0
[0.422s] -- The CXX compiler identification is GNU 11.4.0
[0.554s] -- Detecting C compiler ABI info
[0.654s] -- Detecting C compiler ABI info - done
[0.659s] -- Check for working C compiler: /usr/bin/cc - skipped
[0.660s] -- Detecting C compile features
[0.660s] -- Detecting C compile features - done
[0.663s] -- Detecting CXX compiler ABI info
[0.762s] -- Detecting CXX compiler ABI info - done
[0.767s] -- Check for working CXX compiler: /usr/bin/c++ - skipped
[0.767s] -- Detecting CXX compile features
[0.767s] -- Detecting CXX compile features - done
[0.776s] -- Found ament_cmake: 1.3.12 (/opt/ros/humble/share/ament_cmake/cmake)
[0.892s] -- Found Python3: /usr/bin/python3 (found version "3.10.12") found components: Interpreter 
[0.975s] -- Found geometry_msgs: 4.9.0 (/opt/ros/humble/share/geometry_msgs/cmake)
[1.066s] -- Found rosidl_generator_c: 3.1.7 (/opt/ros/humble/share/rosidl_generator_c/cmake)
[1.072s] -- Found rosidl_adapter: 3.1.7 (/opt/ros/humble/share/rosidl_adapter/cmake)
[1.082s] -- Found rosidl_generator_cpp: 3.1.7 (/opt/ros/humble/share/rosidl_generator_cpp/cmake)
[1.097s] -- Using all available rosidl_typesupport_c: rosidl_typesupport_fastrtps_c;rosidl_typesupport_introspection_c
[1.115s] -- Using all available rosidl_typesupport_cpp: rosidl_typesupport_fastrtps_cpp;rosidl_typesupport_introspection_cpp
[1.158s] -- Found rosidl_default_generators: 1.2.0 (/opt/ros/humble/share/rosidl_default_generators/cmake)
[1.351s] -- Found ament_cmake_ros: 0.10.0 (/opt/ros/humble/share/ament_cmake_ros/cmake)
[1.584s] -- Using all available rosidl_typesupport_c: rosidl_typesupport_fastrtps_c;rosidl_typesupport_introspection_c
[1.671s] -- Using all available rosidl_typesupport_cpp: rosidl_typesupport_fastrtps_cpp;rosidl_typesupport_introspection_cpp
[1.725s] -- Found PythonInterp: /usr/bin/python3 (found suitable version "3.10.12", minimum required is "3.6") 
[1.727s] -- Found python_cmake_module: 0.10.0 (/opt/ros/humble/share/python_cmake_module/cmake)
[1.875s] -- Found PythonLibs: /usr/lib/x86_64-linux-gnu/libpython3.10.so (found suitable version "3.10.12", minimum required is "3.5") 
[1.875s] -- Using PYTHON_EXECUTABLE: /usr/bin/python3
[1.875s] -- Using PYTHON_INCLUDE_DIRS: /usr/include/python3.10
[1.875s] -- Using PYTHON_LIBRARIES: /usr/lib/x86_64-linux-gnu/libpython3.10.so
[1.891s] -- Found PythonExtra: .so  
[1.940s] -- Configuring done
[1.986s] -- Generating done
[1.994s] -- Build files have been written to: /home/dongwon_serer/ros_ws/build/my_robot_interfaces
[2.003s] Invoked command in '/home/dongwon_serer/ros_ws/build/my_robot_interfaces' returned '0': CMAKE_PREFIX_PATH=${CMAKE_PREFIX_PATH}:/home/dongwon_serer/ros_ws/install/my_py_pkg:/opt/ros/humble /usr/bin/cmake /home/dongwon_serer/ros_ws/src/my_robot_interfaces -DCMAKE_INSTALL_PREFIX=/home/dongwon_serer/ros_ws/install/my_robot_interfaces
[2.004s] Invoking command in '/home/dongwon_serer/ros_ws/build/my_robot_interfaces': CMAKE_PREFIX_PATH=${CMAKE_PREFIX_PATH}:/home/dongwon_serer/ros_ws/install/my_py_pkg:/opt/ros/humble /usr/bin/cmake --build /home/dongwon_serer/ros_ws/build/my_robot_interfaces -- -j8 -l8
[2.038s] [  3%] [34m[1mGenerating C code for ROS interfaces[0m
[2.047s] [  6%] [34m[1mGenerating C++ code for ROS interfaces[0m
[2.054s] [  6%] Built target ament_cmake_python_copy_my_robot_interfaces
[2.217s] [  6%] Built target my_robot_interfaces__cpp
[2.221s] [  9%] [32mBuilding C object CMakeFiles/my_robot_interfaces__rosidl_generator_c.dir/rosidl_generator_c/my_robot_interfaces/msg/detail/hardware_status__functions.c.o[0m
[2.225s] [ 12%] [34m[1mGenerating C++ introspection for ROS interfaces[0m
[2.225s] [ 16%] [34m[1mGenerating C++ type support dispatch for ROS interfaces[0m
[2.226s] [ 19%] [34m[1mGenerating C++ type support for eProsima Fast-RTPS[0m
[2.227s] running egg_info
[2.227s] creating my_robot_interfaces.egg-info
[2.228s] writing my_robot_interfaces.egg-info/PKG-INFO
[2.228s] writing dependency_links to my_robot_interfaces.egg-info/dependency_links.txt
[2.228s] writing top-level names to my_robot_interfaces.egg-info/top_level.txt
[2.228s] writing manifest file 'my_robot_interfaces.egg-info/SOURCES.txt'
[2.230s] reading manifest file 'my_robot_interfaces.egg-info/SOURCES.txt'
[2.231s] writing manifest file 'my_robot_interfaces.egg-info/SOURCES.txt'
[2.253s] [ 19%] Built target ament_cmake_python_build_my_robot_interfaces_egg
[2.279s] [ 22%] [32m[1mLinking C shared library libmy_robot_interfaces__rosidl_generator_c.so[0m
[2.344s] [ 22%] Built target my_robot_interfaces__rosidl_generator_c
[2.353s] [ 29%] [34m[1mGenerating C type support dispatch for ROS interfaces[0m
[2.353s] [ 29%] [34m[1mGenerating C introspection for ROS interfaces[0m
[2.353s] [ 32%] [34m[1mGenerating C type support for eProsima Fast-RTPS[0m
[2.384s] [ 35%] [32mBuilding CXX object CMakeFiles/my_robot_interfaces__rosidl_typesupport_cpp.dir/rosidl_typesupport_cpp/my_robot_interfaces/msg/hardware_status__type_support.cpp.o[0m
[2.416s] [ 38%] [32mBuilding CXX object CMakeFiles/my_robot_interfaces__rosidl_typesupport_introspection_cpp.dir/rosidl_typesupport_introspection_cpp/my_robot_interfaces/msg/detail/hardware_status__type_support.cpp.o[0m
[2.421s] [ 41%] [32mBuilding CXX object CMakeFiles/my_robot_interfaces__rosidl_typesupport_fastrtps_cpp.dir/rosidl_typesupport_fastrtps_cpp/my_robot_interfaces/msg/detail/dds_fastrtps/hardware_status__type_support.cpp.o[0m
[2.509s] [ 45%] [32mBuilding CXX object CMakeFiles/my_robot_interfaces__rosidl_typesupport_c.dir/rosidl_typesupport_c/my_robot_interfaces/msg/hardware_status__type_support.cpp.o[0m
[2.524s] [ 48%] [32mBuilding C object CMakeFiles/my_robot_interfaces__rosidl_typesupport_introspection_c.dir/rosidl_typesupport_introspection_c/my_robot_interfaces/msg/detail/hardware_status__type_support.c.o[0m
[2.535s] [ 51%] [32mBuilding CXX object CMakeFiles/my_robot_interfaces__rosidl_typesupport_fastrtps_c.dir/rosidl_typesupport_fastrtps_c/my_robot_interfaces/msg/detail/hardware_status__type_support_c.cpp.o[0m
[2.538s] [ 54%] [32m[1mLinking CXX shared library libmy_robot_interfaces__rosidl_typesupport_c.so[0m
[2.558s] [ 58%] [32m[1mLinking C shared library libmy_robot_interfaces__rosidl_typesupport_introspection_c.so[0m
[2.605s] [ 58%] Built target my_robot_interfaces__rosidl_typesupport_c
[2.620s] [ 58%] Built target my_robot_interfaces__rosidl_typesupport_introspection_c
[2.632s] [ 61%] [32m[1mLinking CXX shared library libmy_robot_interfaces__rosidl_typesupport_cpp.so[0m
[2.698s] [ 61%] Built target my_robot_interfaces__rosidl_typesupport_cpp
[2.723s] [ 64%] [32m[1mLinking CXX shared library libmy_robot_interfaces__rosidl_typesupport_introspection_cpp.so[0m
[2.729s] [ 67%] [32m[1mLinking CXX shared library libmy_robot_interfaces__rosidl_typesupport_fastrtps_cpp.so[0m
[2.795s] [ 70%] [32m[1mLinking CXX shared library libmy_robot_interfaces__rosidl_typesupport_fastrtps_c.so[0m
[2.803s] [ 70%] Built target my_robot_interfaces__rosidl_typesupport_introspection_cpp
[2.817s] [ 70%] Built target my_robot_interfaces__rosidl_typesupport_fastrtps_cpp
[2.884s] [ 70%] Built target my_robot_interfaces__rosidl_typesupport_fastrtps_c
[2.900s] [ 70%] Built target my_robot_interfaces
[2.916s] [ 74%] [34m[1mGenerating Python code for ROS interfaces[0m
[3.101s] [ 74%] Built target my_robot_interfaces__py
[3.117s] [ 77%] [32mBuilding C object CMakeFiles/my_robot_interfaces__rosidl_generator_py.dir/rosidl_generator_py/my_robot_interfaces/msg/_hardware_status_s.c.o[0m
[3.219s] [ 80%] [32m[1mLinking C shared library rosidl_generator_py/my_robot_interfaces/libmy_robot_interfaces__rosidl_generator_py.so[0m
[3.278s] [ 80%] Built target my_robot_interfaces__rosidl_generator_py
[3.294s] [ 83%] [32mBuilding C object CMakeFiles/my_robot_interfaces__rosidl_typesupport_introspection_c__pyext.dir/rosidl_generator_py/my_robot_interfaces/_my_robot_interfaces_s.ep.rosidl_typesupport_introspection_c.c.o[0m
[3.294s] [ 87%] [32mBuilding C object CMakeFiles/my_robot_interfaces__rosidl_typesupport_c__pyext.dir/rosidl_generator_py/my_robot_interfaces/_my_robot_interfaces_s.ep.rosidl_typesupport_c.c.o[0m
[3.295s] [ 90%] [32mBuilding C object CMakeFiles/my_robot_interfaces__rosidl_typesupport_fastrtps_c__pyext.dir/rosidl_generator_py/my_robot_interfaces/_my_robot_interfaces_s.ep.rosidl_typesupport_fastrtps_c.c.o[0m
[3.364s] [ 93%] [32m[1mLinking C shared library rosidl_generator_py/my_robot_interfaces/my_robot_interfaces_s__rosidl_typesupport_c.cpython-310-x86_64-linux-gnu.so[0m
[3.365s] [ 96%] [32m[1mLinking C shared library rosidl_generator_py/my_robot_interfaces/my_robot_interfaces_s__rosidl_typesupport_introspection_c.cpython-310-x86_64-linux-gnu.so[0m
[3.370s] [100%] [32m[1mLinking C shared library rosidl_generator_py/my_robot_interfaces/my_robot_interfaces_s__rosidl_typesupport_fastrtps_c.cpython-310-x86_64-linux-gnu.so[0m
[3.407s] [100%] Built target my_robot_interfaces__rosidl_typesupport_c__pyext
[3.407s] [100%] Built target my_robot_interfaces__rosidl_typesupport_introspection_c__pyext
[3.422s] [100%] Built target my_robot_interfaces__rosidl_typesupport_fastrtps_c__pyext
[3.432s] Invoked command in '/home/dongwon_serer/ros_ws/build/my_robot_interfaces' returned '0': CMAKE_PREFIX_PATH=${CMAKE_PREFIX_PATH}:/home/dongwon_serer/ros_ws/install/my_py_pkg:/opt/ros/humble /usr/bin/cmake --build /home/dongwon_serer/ros_ws/build/my_robot_interfaces -- -j8 -l8
[3.440s] Invoking command in '/home/dongwon_serer/ros_ws/build/my_robot_interfaces': CMAKE_PREFIX_PATH=${CMAKE_PREFIX_PATH}:/home/dongwon_serer/ros_ws/install/my_py_pkg:/opt/ros/humble /usr/bin/cmake --install /home/dongwon_serer/ros_ws/build/my_robot_interfaces
[3.446s] -- Install configuration: ""
[3.448s] -- Installing: /home/dongwon_serer/ros_ws/install/my_robot_interfaces/share/ament_index/resource_index/rosidl_interfaces/my_robot_interfaces
[3.449s] -- Installing: /home/dongwon_serer/ros_ws/install/my_robot_interfaces/include/my_robot_interfaces/my_robot_interfaces
[3.450s] -- Installing: /home/dongwon_serer/ros_ws/install/my_robot_interfaces/include/my_robot_interfaces/my_robot_interfaces/msg
[3.450s] -- Installing: /home/dongwon_serer/ros_ws/install/my_robot_interfaces/include/my_robot_interfaces/my_robot_interfaces/msg/hardware_status.h
[3.450s] -- Installing: /home/dongwon_serer/ros_ws/install/my_robot_interfaces/include/my_robot_interfaces/my_robot_interfaces/msg/detail
[3.450s] -- Installing: /home/dongwon_serer/ros_ws/install/my_robot_interfaces/include/my_robot_interfaces/my_robot_interfaces/msg/detail/hardware_status__functions.h
[3.451s] -- Installing: /home/dongwon_serer/ros_ws/install/my_robot_interfaces/include/my_robot_interfaces/my_robot_interfaces/msg/detail/hardware_status__type_support.h
[3.451s] -- Installing: /home/dongwon_serer/ros_ws/install/my_robot_interfaces/include/my_robot_interfaces/my_robot_interfaces/msg/detail/hardware_status__struct.h
[3.451s] -- Installing: /home/dongwon_serer/ros_ws/install/my_robot_interfaces/include/my_robot_interfaces/my_robot_interfaces/msg/detail/hardware_status__functions.c
[3.451s] -- Installing: /home/dongwon_serer/ros_ws/install/my_robot_interfaces/include/my_robot_interfaces/my_robot_interfaces/msg/rosidl_generator_c__visibility_control.h
[3.452s] -- Installing: /home/dongwon_serer/ros_ws/install/my_robot_interfaces/share/my_robot_interfaces/environment/library_path.sh
[3.452s] -- Installing: /home/dongwon_serer/ros_ws/install/my_robot_interfaces/share/my_robot_interfaces/environment/library_path.dsv
[3.453s] -- Installing: /home/dongwon_serer/ros_ws/install/my_robot_interfaces/lib/libmy_robot_interfaces__rosidl_generator_c.so
[3.453s] -- Set runtime path of "/home/dongwon_serer/ros_ws/install/my_robot_interfaces/lib/libmy_robot_interfaces__rosidl_generator_c.so" to ""
[3.453s] -- Up-to-date: /home/dongwon_serer/ros_ws/install/my_robot_interfaces/include/my_robot_interfaces/my_robot_interfaces
[3.453s] -- Up-to-date: /home/dongwon_serer/ros_ws/install/my_robot_interfaces/include/my_robot_interfaces/my_robot_interfaces/msg
[3.453s] -- Installing: /home/dongwon_serer/ros_ws/install/my_robot_interfaces/include/my_robot_interfaces/my_robot_interfaces/msg/rosidl_typesupport_fastrtps_c__visibility_control.h
[3.453s] -- Up-to-date: /home/dongwon_serer/ros_ws/install/my_robot_interfaces/include/my_robot_interfaces/my_robot_interfaces/msg/detail
[3.453s] -- Installing: /home/dongwon_serer/ros_ws/install/my_robot_interfaces/include/my_robot_interfaces/my_robot_interfaces/msg/detail/hardware_status__rosidl_typesupport_fastrtps_c.h
[3.454s] -- Installing: /home/dongwon_serer/ros_ws/install/my_robot_interfaces/lib/libmy_robot_interfaces__rosidl_typesupport_fastrtps_c.so
[3.454s] -- Set runtime path of "/home/dongwon_serer/ros_ws/install/my_robot_interfaces/lib/libmy_robot_interfaces__rosidl_typesupport_fastrtps_c.so" to ""
[3.454s] -- Up-to-date: /home/dongwon_serer/ros_ws/install/my_robot_interfaces/include/my_robot_interfaces/my_robot_interfaces
[3.454s] -- Up-to-date: /home/dongwon_serer/ros_ws/install/my_robot_interfaces/include/my_robot_interfaces/my_robot_interfaces/msg
[3.454s] -- Up-to-date: /home/dongwon_serer/ros_ws/install/my_robot_interfaces/include/my_robot_interfaces/my_robot_interfaces/msg/detail
[3.454s] -- Installing: /home/dongwon_serer/ros_ws/install/my_robot_interfaces/include/my_robot_interfaces/my_robot_interfaces/msg/detail/hardware_status__struct.hpp
[3.454s] -- Installing: /home/dongwon_serer/ros_ws/install/my_robot_interfaces/include/my_robot_interfaces/my_robot_interfaces/msg/detail/hardware_status__type_support.hpp
[3.454s] -- Installing: /home/dongwon_serer/ros_ws/install/my_robot_interfaces/include/my_robot_interfaces/my_robot_interfaces/msg/detail/hardware_status__traits.hpp
[3.455s] -- Installing: /home/dongwon_serer/ros_ws/install/my_robot_interfaces/include/my_robot_interfaces/my_robot_interfaces/msg/detail/hardware_status__builder.hpp
[3.455s] -- Installing: /home/dongwon_serer/ros_ws/install/my_robot_interfaces/include/my_robot_interfaces/my_robot_interfaces/msg/rosidl_generator_cpp__visibility_control.hpp
[3.455s] -- Installing: /home/dongwon_serer/ros_ws/install/my_robot_interfaces/include/my_robot_interfaces/my_robot_interfaces/msg/hardware_status.hpp
[3.455s] -- Up-to-date: /home/dongwon_serer/ros_ws/install/my_robot_interfaces/include/my_robot_interfaces/my_robot_interfaces
[3.455s] -- Up-to-date: /home/dongwon_serer/ros_ws/install/my_robot_interfaces/include/my_robot_interfaces/my_robot_interfaces/msg
[3.455s] -- Installing: /home/dongwon_serer/ros_ws/install/my_robot_interfaces/include/my_robot_interfaces/my_robot_interfaces/msg/rosidl_typesupport_fastrtps_cpp__visibility_control.h
[3.455s] -- Up-to-date: /home/dongwon_serer/ros_ws/install/my_robot_interfaces/include/my_robot_interfaces/my_robot_interfaces/msg/detail
[3.455s] -- Installing: /home/dongwon_serer/ros_ws/install/my_robot_interfaces/include/my_robot_interfaces/my_robot_interfaces/msg/detail/hardware_status__rosidl_typesupport_fastrtps_cpp.hpp
[3.455s] -- Installing: /home/dongwon_serer/ros_ws/install/my_robot_interfaces/include/my_robot_interfaces/my_robot_interfaces/msg/detail/dds_fastrtps
[3.456s] -- Installing: /home/dongwon_serer/ros_ws/install/my_robot_interfaces/lib/libmy_robot_interfaces__rosidl_typesupport_fastrtps_cpp.so
[3.456s] -- Set runtime path of "/home/dongwon_serer/ros_ws/install/my_robot_interfaces/lib/libmy_robot_interfaces__rosidl_typesupport_fastrtps_cpp.so" to ""
[3.456s] -- Up-to-date: /home/dongwon_serer/ros_ws/install/my_robot_interfaces/include/my_robot_interfaces/my_robot_interfaces
[3.456s] -- Up-to-date: /home/dongwon_serer/ros_ws/install/my_robot_interfaces/include/my_robot_interfaces/my_robot_interfaces/msg
[3.457s] -- Up-to-date: /home/dongwon_serer/ros_ws/install/my_robot_interfaces/include/my_robot_interfaces/my_robot_interfaces/msg/detail
[3.457s] -- Installing: /home/dongwon_serer/ros_ws/install/my_robot_interfaces/include/my_robot_interfaces/my_robot_interfaces/msg/detail/hardware_status__type_support.c
[3.457s] -- Installing: /home/dongwon_serer/ros_ws/install/my_robot_interfaces/include/my_robot_interfaces/my_robot_interfaces/msg/detail/hardware_status__rosidl_typesupport_introspection_c.h
[3.457s] -- Installing: /home/dongwon_serer/ros_ws/install/my_robot_interfaces/include/my_robot_interfaces/my_robot_interfaces/msg/rosidl_typesupport_introspection_c__visibility_control.h
[3.457s] -- Installing: /home/dongwon_serer/ros_ws/install/my_robot_interfaces/lib/libmy_robot_interfaces__rosidl_typesupport_introspection_c.so
[3.457s] -- Set runtime path of "/home/dongwon_serer/ros_ws/install/my_robot_interfaces/lib/libmy_robot_interfaces__rosidl_typesupport_introspection_c.so" to ""
[3.457s] -- Installing: /home/dongwon_serer/ros_ws/install/my_robot_interfaces/lib/libmy_robot_interfaces__rosidl_typesupport_c.so
[3.458s] -- Set runtime path of "/home/dongwon_serer/ros_ws/install/my_robot_interfaces/lib/libmy_robot_interfaces__rosidl_typesupport_c.so" to ""
[3.458s] -- Up-to-date: /home/dongwon_serer/ros_ws/install/my_robot_interfaces/include/my_robot_interfaces/my_robot_interfaces
[3.458s] -- Up-to-date: /home/dongwon_serer/ros_ws/install/my_robot_interfaces/include/my_robot_interfaces/my_robot_interfaces/msg
[3.458s] -- Up-to-date: /home/dongwon_serer/ros_ws/install/my_robot_interfaces/include/my_robot_interfaces/my_robot_interfaces/msg/detail
[3.458s] -- Installing: /home/dongwon_serer/ros_ws/install/my_robot_interfaces/include/my_robot_interfaces/my_robot_interfaces/msg/detail/hardware_status__type_support.cpp
[3.458s] -- Installing: /home/dongwon_serer/ros_ws/install/my_robot_interfaces/include/my_robot_interfaces/my_robot_interfaces/msg/detail/hardware_status__rosidl_typesupport_introspection_cpp.hpp
[3.458s] -- Installing: /home/dongwon_serer/ros_ws/install/my_robot_interfaces/lib/libmy_robot_interfaces__rosidl_typesupport_introspection_cpp.so
[3.459s] -- Set runtime path of "/home/dongwon_serer/ros_ws/install/my_robot_interfaces/lib/libmy_robot_interfaces__rosidl_typesupport_introspection_cpp.so" to ""
[3.459s] -- Installing: /home/dongwon_serer/ros_ws/install/my_robot_interfaces/lib/libmy_robot_interfaces__rosidl_typesupport_cpp.so
[3.459s] -- Set runtime path of "/home/dongwon_serer/ros_ws/install/my_robot_interfaces/lib/libmy_robot_interfaces__rosidl_typesupport_cpp.so" to ""
[3.459s] -- Installing: /home/dongwon_serer/ros_ws/install/my_robot_interfaces/share/my_robot_interfaces/environment/pythonpath.sh
[3.459s] -- Installing: /home/dongwon_serer/ros_ws/install/my_robot_interfaces/share/my_robot_interfaces/environment/pythonpath.dsv
[3.459s] -- Installing: /home/dongwon_serer/ros_ws/install/my_robot_interfaces/local/lib/python3.10/dist-packages/my_robot_interfaces-0.0.0-py3.10.egg-info
[3.461s] -- Installing: /home/dongwon_serer/ros_ws/install/my_robot_interfaces/local/lib/python3.10/dist-packages/my_robot_interfaces-0.0.0-py3.10.egg-info/PKG-INFO
[3.461s] -- Installing: /home/dongwon_serer/ros_ws/install/my_robot_interfaces/local/lib/python3.10/dist-packages/my_robot_interfaces-0.0.0-py3.10.egg-info/SOURCES.txt
[3.461s] -- Installing: /home/dongwon_serer/ros_ws/install/my_robot_interfaces/local/lib/python3.10/dist-packages/my_robot_interfaces-0.0.0-py3.10.egg-info/dependency_links.txt
[3.461s] -- Installing: /home/dongwon_serer/ros_ws/install/my_robot_interfaces/local/lib/python3.10/dist-packages/my_robot_interfaces-0.0.0-py3.10.egg-info/top_level.txt
[3.462s] -- Installing: /home/dongwon_serer/ros_ws/install/my_robot_interfaces/local/lib/python3.10/dist-packages/my_robot_interfaces
[3.462s] -- Installing: /home/dongwon_serer/ros_ws/install/my_robot_interfaces/local/lib/python3.10/dist-packages/my_robot_interfaces/_my_robot_interfaces_s.ep.rosidl_typesupport_fastrtps_c.c
[3.462s] -- Installing: /home/dongwon_serer/ros_ws/install/my_robot_interfaces/local/lib/python3.10/dist-packages/my_robot_interfaces/libmy_robot_interfaces__rosidl_generator_py.so
[3.462s] -- Installing: /home/dongwon_serer/ros_ws/install/my_robot_interfaces/local/lib/python3.10/dist-packages/my_robot_interfaces/__init__.py
[3.462s] -- Installing: /home/dongwon_serer/ros_ws/install/my_robot_interfaces/local/lib/python3.10/dist-packages/my_robot_interfaces/_my_robot_interfaces_s.ep.rosidl_typesupport_introspection_c.c
[3.462s] -- Installing: /home/dongwon_serer/ros_ws/install/my_robot_interfaces/local/lib/python3.10/dist-packages/my_robot_interfaces/my_robot_interfaces_s__rosidl_typesupport_c.cpython-310-x86_64-linux-gnu.so
[3.463s] -- Installing: /home/dongwon_serer/ros_ws/install/my_robot_interfaces/local/lib/python3.10/dist-packages/my_robot_interfaces/msg
[3.463s] -- Installing: /home/dongwon_serer/ros_ws/install/my_robot_interfaces/local/lib/python3.10/dist-packages/my_robot_interfaces/msg/_hardware_status.py
[3.463s] -- Installing: /home/dongwon_serer/ros_ws/install/my_robot_interfaces/local/lib/python3.10/dist-packages/my_robot_interfaces/msg/__init__.py
[3.463s] -- Installing: /home/dongwon_serer/ros_ws/install/my_robot_interfaces/local/lib/python3.10/dist-packages/my_robot_interfaces/msg/_hardware_status_s.c
[3.464s] -- Installing: /home/dongwon_serer/ros_ws/install/my_robot_interfaces/local/lib/python3.10/dist-packages/my_robot_interfaces/my_robot_interfaces_s__rosidl_typesupport_introspection_c.cpython-310-x86_64-linux-gnu.so
[3.464s] -- Installing: /home/dongwon_serer/ros_ws/install/my_robot_interfaces/local/lib/python3.10/dist-packages/my_robot_interfaces/my_robot_interfaces_s__rosidl_typesupport_fastrtps_c.cpython-310-x86_64-linux-gnu.so
[3.464s] -- Installing: /home/dongwon_serer/ros_ws/install/my_robot_interfaces/local/lib/python3.10/dist-packages/my_robot_interfaces/_my_robot_interfaces_s.ep.rosidl_typesupport_c.c
[3.489s] Listing '/home/dongwon_serer/ros_ws/install/my_robot_interfaces/local/lib/python3.10/dist-packages/my_robot_interfaces'...
[3.490s] Compiling '/home/dongwon_serer/ros_ws/install/my_robot_interfaces/local/lib/python3.10/dist-packages/my_robot_interfaces/__init__.py'...
[3.490s] Listing '/home/dongwon_serer/ros_ws/install/my_robot_interfaces/local/lib/python3.10/dist-packages/my_robot_interfaces/msg'...
[3.490s] Compiling '/home/dongwon_serer/ros_ws/install/my_robot_interfaces/local/lib/python3.10/dist-packages/my_robot_interfaces/msg/__init__.py'...
[3.490s] Compiling '/home/dongwon_serer/ros_ws/install/my_robot_interfaces/local/lib/python3.10/dist-packages/my_robot_interfaces/msg/_hardware_status.py'...
[3.493s] -- Installing: /home/dongwon_serer/ros_ws/install/my_robot_interfaces/local/lib/python3.10/dist-packages/my_robot_interfaces/my_robot_interfaces_s__rosidl_typesupport_fastrtps_c.cpython-310-x86_64-linux-gnu.so
[3.493s] -- Set runtime path of "/home/dongwon_serer/ros_ws/install/my_robot_interfaces/local/lib/python3.10/dist-packages/my_robot_interfaces/my_robot_interfaces_s__rosidl_typesupport_fastrtps_c.cpython-310-x86_64-linux-gnu.so" to ""
[3.493s] -- Installing: /home/dongwon_serer/ros_ws/install/my_robot_interfaces/local/lib/python3.10/dist-packages/my_robot_interfaces/my_robot_interfaces_s__rosidl_typesupport_introspection_c.cpython-310-x86_64-linux-gnu.so
[3.494s] -- Set runtime path of "/home/dongwon_serer/ros_ws/install/my_robot_interfaces/local/lib/python3.10/dist-packages/my_robot_interfaces/my_robot_interfaces_s__rosidl_typesupport_introspection_c.cpython-310-x86_64-linux-gnu.so" to ""
[3.494s] -- Installing: /home/dongwon_serer/ros_ws/install/my_robot_interfaces/local/lib/python3.10/dist-packages/my_robot_interfaces/my_robot_interfaces_s__rosidl_typesupport_c.cpython-310-x86_64-linux-gnu.so
[3.494s] -- Set runtime path of "/home/dongwon_serer/ros_ws/install/my_robot_interfaces/local/lib/python3.10/dist-packages/my_robot_interfaces/my_robot_interfaces_s__rosidl_typesupport_c.cpython-310-x86_64-linux-gnu.so" to ""
[3.494s] -- Installing: /home/dongwon_serer/ros_ws/install/my_robot_interfaces/lib/libmy_robot_interfaces__rosidl_generator_py.so
[3.495s] -- Set runtime path of "/home/dongwon_serer/ros_ws/install/my_robot_interfaces/lib/libmy_robot_interfaces__rosidl_generator_py.so" to ""
[3.495s] -- Installing: /home/dongwon_serer/ros_ws/install/my_robot_interfaces/share/my_robot_interfaces/msg/HardwareStatus.idl
[3.495s] -- Installing: /home/dongwon_serer/ros_ws/install/my_robot_interfaces/share/my_robot_interfaces/msg/HardwareStatus.msg
[3.496s] -- Installing: /home/dongwon_serer/ros_ws/install/my_robot_interfaces/share/ament_index/resource_index/package_run_dependencies/my_robot_interfaces
[3.496s] -- Installing: /home/dongwon_serer/ros_ws/install/my_robot_interfaces/share/ament_index/resource_index/parent_prefix_path/my_robot_interfaces
[3.496s] -- Installing: /home/dongwon_serer/ros_ws/install/my_robot_interfaces/share/my_robot_interfaces/environment/ament_prefix_path.sh
[3.497s] -- Installing: /home/dongwon_serer/ros_ws/install/my_robot_interfaces/share/my_robot_interfaces/environment/ament_prefix_path.dsv
[3.497s] -- Installing: /home/dongwon_serer/ros_ws/install/my_robot_interfaces/share/my_robot_interfaces/environment/path.sh
[3.497s] -- Installing: /home/dongwon_serer/ros_ws/install/my_robot_interfaces/share/my_robot_interfaces/environment/path.dsv
[3.497s] -- Installing: /home/dongwon_serer/ros_ws/install/my_robot_interfaces/share/my_robot_interfaces/local_setup.bash
[3.497s] -- Installing: /home/dongwon_serer/ros_ws/install/my_robot_interfaces/share/my_robot_interfaces/local_setup.sh
[3.497s] -- Installing: /home/dongwon_serer/ros_ws/install/my_robot_interfaces/share/my_robot_interfaces/local_setup.zsh
[3.497s] -- Installing: /home/dongwon_serer/ros_ws/install/my_robot_interfaces/share/my_robot_interfaces/local_setup.dsv
[3.498s] -- Installing: /home/dongwon_serer/ros_ws/install/my_robot_interfaces/share/my_robot_interfaces/package.dsv
[3.498s] -- Installing: /home/dongwon_serer/ros_ws/install/my_robot_interfaces/share/ament_index/resource_index/packages/my_robot_interfaces
[3.499s] -- Installing: /home/dongwon_serer/ros_ws/install/my_robot_interfaces/share/my_robot_interfaces/cmake/export_my_robot_interfaces__rosidl_generator_cExport.cmake
[3.499s] -- Installing: /home/dongwon_serer/ros_ws/install/my_robot_interfaces/share/my_robot_interfaces/cmake/export_my_robot_interfaces__rosidl_generator_cExport-noconfig.cmake
[3.499s] -- Installing: /home/dongwon_serer/ros_ws/install/my_robot_interfaces/share/my_robot_interfaces/cmake/export_my_robot_interfaces__rosidl_typesupport_fastrtps_cExport.cmake
[3.499s] -- Installing: /home/dongwon_serer/ros_ws/install/my_robot_interfaces/share/my_robot_interfaces/cmake/export_my_robot_interfaces__rosidl_typesupport_fastrtps_cExport-noconfig.cmake
[3.499s] -- Installing: /home/dongwon_serer/ros_ws/install/my_robot_interfaces/share/my_robot_interfaces/cmake/export_my_robot_interfaces__rosidl_generator_cppExport.cmake
[3.500s] -- Installing: /home/dongwon_serer/ros_ws/install/my_robot_interfaces/share/my_robot_interfaces/cmake/export_my_robot_interfaces__rosidl_typesupport_fastrtps_cppExport.cmake
[3.500s] -- Installing: /home/dongwon_serer/ros_ws/install/my_robot_interfaces/share/my_robot_interfaces/cmake/export_my_robot_interfaces__rosidl_typesupport_fastrtps_cppExport-noconfig.cmake
[3.500s] -- Installing: /home/dongwon_serer/ros_ws/install/my_robot_interfaces/share/my_robot_interfaces/cmake/my_robot_interfaces__rosidl_typesupport_introspection_cExport.cmake
[3.500s] -- Installing: /home/dongwon_serer/ros_ws/install/my_robot_interfaces/share/my_robot_interfaces/cmake/my_robot_interfaces__rosidl_typesupport_introspection_cExport-noconfig.cmake
[3.500s] -- Installing: /home/dongwon_serer/ros_ws/install/my_robot_interfaces/share/my_robot_interfaces/cmake/my_robot_interfaces__rosidl_typesupport_cExport.cmake
[3.501s] -- Installing: /home/dongwon_serer/ros_ws/install/my_robot_interfaces/share/my_robot_interfaces/cmake/my_robot_interfaces__rosidl_typesupport_cExport-noconfig.cmake
[3.501s] -- Installing: /home/dongwon_serer/ros_ws/install/my_robot_interfaces/share/my_robot_interfaces/cmake/my_robot_interfaces__rosidl_typesupport_introspection_cppExport.cmake
[3.501s] -- Installing: /home/dongwon_serer/ros_ws/install/my_robot_interfaces/share/my_robot_interfaces/cmake/my_robot_interfaces__rosidl_typesupport_introspection_cppExport-noconfig.cmake
[3.501s] -- Installing: /home/dongwon_serer/ros_ws/install/my_robot_interfaces/share/my_robot_interfaces/cmake/my_robot_interfaces__rosidl_typesupport_cppExport.cmake
[3.501s] -- Installing: /home/dongwon_serer/ros_ws/install/my_robot_interfaces/share/my_robot_interfaces/cmake/my_robot_interfaces__rosidl_typesupport_cppExport-noconfig.cmake
[3.501s] -- Installing: /home/dongwon_serer/ros_ws/install/my_robot_interfaces/share/my_robot_interfaces/cmake/export_my_robot_interfaces__rosidl_generator_pyExport.cmake
[3.502s] -- Installing: /home/dongwon_serer/ros_ws/install/my_robot_interfaces/share/my_robot_interfaces/cmake/export_my_robot_interfaces__rosidl_generator_pyExport-noconfig.cmake
[3.502s] -- Installing: /home/dongwon_serer/ros_ws/install/my_robot_interfaces/share/my_robot_interfaces/cmake/rosidl_cmake-extras.cmake
[3.502s] -- Installing: /home/dongwon_serer/ros_ws/install/my_robot_interfaces/share/my_robot_interfaces/cmake/ament_cmake_export_include_directories-extras.cmake
[3.502s] -- Installing: /home/dongwon_serer/ros_ws/install/my_robot_interfaces/share/my_robot_interfaces/cmake/ament_cmake_export_libraries-extras.cmake
[3.502s] -- Installing: /home/dongwon_serer/ros_ws/install/my_robot_interfaces/share/my_robot_interfaces/cmake/ament_cmake_export_targets-extras.cmake
[3.502s] -- Installing: /home/dongwon_serer/ros_ws/install/my_robot_interfaces/share/my_robot_interfaces/cmake/rosidl_cmake_export_typesupport_targets-extras.cmake
[3.503s] -- Installing: /home/dongwon_serer/ros_ws/install/my_robot_interfaces/share/my_robot_interfaces/cmake/ament_cmake_export_dependencies-extras.cmake
[3.503s] -- Installing: /home/dongwon_serer/ros_ws/install/my_robot_interfaces/share/my_robot_interfaces/cmake/rosidl_cmake_export_typesupport_libraries-extras.cmake
[3.503s] -- Installing: /home/dongwon_serer/ros_ws/install/my_robot_interfaces/share/my_robot_interfaces/cmake/my_robot_interfacesConfig.cmake
[3.503s] -- Installing: /home/dongwon_serer/ros_ws/install/my_robot_interfaces/share/my_robot_interfaces/cmake/my_robot_interfacesConfig-version.cmake
[3.503s] -- Installing: /home/dongwon_serer/ros_ws/install/my_robot_interfaces/share/my_robot_interfaces/package.xml
[3.506s] Invoked command in '/home/dongwon_serer/ros_ws/build/my_robot_interfaces' returned '0': CMAKE_PREFIX_PATH=${CMAKE_PREFIX_PATH}:/home/dongwon_serer/ros_ws/install/my_py_pkg:/opt/ros/humble /usr/bin/cmake --install /home/dongwon_serer/ros_ws/build/my_robot_interfaces
