[0.010s] Invoking command in '/home/sloth/ros2_clean_ws/build/my_cpp_pkg': CMAKE_PREFIX_PATH=${CMAKE_PREFIX_PATH}:/home/sloth/ros2_clean_ws/install/my_py_pkg:/home/sloth/ros2_humble/install/ament_uncrustify:/home/sloth/ros2_humble/install/tracetools_trace:/home/sloth/ros2_humble/install/tracetools_read:/home/sloth/ros2_humble/install/rpyutils:/home/sloth/ros2_humble/install/rosidl_cli:/home/sloth/ros2_humble/install/launch_pytest:/home/sloth/ros2_humble/install/launch_testing:/home/sloth/ros2_humble/install/launch_yaml:/home/sloth/ros2_humble/install/launch_xml:/home/sloth/ros2_humble/install/launch:/home/sloth/ros2_humble/install/osrf_pycommon:/home/sloth/ros2_humble/install/domain_coordinator:/home/sloth/ros2_humble/install/ament_xmllint:/home/sloth/ros2_humble/install/ament_pyflakes:/home/sloth/ros2_humble/install/ament_pycodestyle:/home/sloth/ros2_humble/install/ament_pep257:/home/sloth/ros2_humble/install/ament_pclint:/home/sloth/ros2_humble/install/ament_package:/home/sloth/ros2_humble/install/ament_mypy:/home/sloth/ros2_humble/install/ament_lint_cmake:/home/sloth/ros2_humble/install/ament_flake8:/home/sloth/ros2_humble/install/ament_copyright:/home/sloth/ros2_humble/install/ament_lint:/home/sloth/ros2_humble/install/ament_index_python:/home/sloth/ros2_humble/install/ament_cpplint:/home/sloth/ros2_humble/install/ament_cppcheck:/home/sloth/ros2_humble/install/ament_clang_tidy:/home/sloth/ros2_humble/install/ament_clang_format:/opt/ros/humble /usr/bin/cmake /home/sloth/ros2_clean_ws/src/my_cpp_pkg -DCMAKE_INSTALL_PREFIX=/home/sloth/ros2_clean_ws/install/my_cpp_pkg
[0.109s] -- The C compiler identification is GNU 11.4.0
[0.172s] -- The CXX compiler identification is GNU 11.4.0
[0.182s] -- Detecting C compiler ABI info
[0.230s] -- Detecting C compiler ABI info - done
[0.234s] -- Check for working C compiler: /usr/bin/cc - skipped
[0.234s] -- Detecting C compile features
[0.235s] -- Detecting C compile features - done
[0.237s] -- Detecting CXX compiler ABI info
[0.281s] -- Detecting CXX compiler ABI info - done
[0.284s] -- Check for working CXX compiler: /usr/bin/c++ - skipped
[0.284s] -- Detecting CXX compile features
[0.285s] -- Detecting CXX compile features - done
[0.300s] -- Found ament_cmake: 1.3.12 (/home/sloth/ros2_humble/install/ament_cmake/share/ament_cmake/cmake)
[0.419s] -- Found Python3: /usr/bin/python3 (found version "3.10.12") found components: Interpreter 
[0.582s] -- Found rclcpp: 16.0.12 (/opt/ros/humble/share/rclcpp/cmake)
[0.665s] -- Found rosidl_generator_c: 3.1.6 (/home/sloth/ros2_humble/install/rosidl_generator_c/share/rosidl_generator_c/cmake)
[0.676s] -- Found rosidl_adapter: 3.1.6 (/home/sloth/ros2_humble/install/rosidl_adapter/share/rosidl_adapter/cmake)
[0.697s] -- Found rosidl_generator_cpp: 3.1.6 (/opt/ros/humble/share/rosidl_generator_cpp/cmake)
[0.722s] -- Using all available rosidl_typesupport_c: rosidl_typesupport_introspection_c;rosidl_typesupport_fastrtps_c
[0.748s] -- Using all available rosidl_typesupport_cpp: rosidl_typesupport_introspection_cpp;rosidl_typesupport_fastrtps_cpp
[0.824s] -- Found rmw_implementation_cmake: 6.1.2 (/home/sloth/ros2_humble/install/rmw_implementation_cmake/share/rmw_implementation_cmake/cmake)
[0.838s] -- Found rmw_fastrtps_cpp: 6.2.7 (/opt/ros/humble/share/rmw_fastrtps_cpp/cmake)
[0.939s] -- Found OpenSSL: /usr/lib/aarch64-linux-gnu/libcrypto.so (found version "3.0.2")  
[0.961s] -- Found FastRTPS: /opt/ros/humble/include  
[0.995s] -- Using RMW implementation 'rmw_fastrtps_cpp' as default
[1.009s] -- Looking for pthread.h
[1.056s] -- Looking for pthread.h - found
[1.056s] -- Performing Test CMAKE_HAVE_LIBC_PTHREAD
[1.096s] -- Performing Test CMAKE_HAVE_LIBC_PTHREAD - Success
[1.096s] -- Found Threads: TRUE  
[1.164s] -- Found ament_lint_auto: 0.12.12 (/home/sloth/ros2_humble/install/ament_lint_auto/share/ament_lint_auto/cmake)
[1.244s] -- Added test 'cppcheck' to perform static code analysis on C / C++ code
[1.244s] -- Configured cppcheck include dirs: 
[1.244s] -- Configured cppcheck exclude dirs and/or files: 
[1.246s] -- Added test 'lint_cmake' to check CMake code style
[1.248s] -- Added test 'uncrustify' to check C / C++ code style
[1.248s] -- Configured uncrustify additional arguments: 
[1.249s] -- Added test 'xmllint' to check XML markup files
[1.253s] -- Configuring done
[1.258s] -- Generating done
[1.260s] -- Build files have been written to: /home/sloth/ros2_clean_ws/build/my_cpp_pkg
[1.265s] Invoked command in '/home/sloth/ros2_clean_ws/build/my_cpp_pkg' returned '0': CMAKE_PREFIX_PATH=${CMAKE_PREFIX_PATH}:/home/sloth/ros2_clean_ws/install/my_py_pkg:/home/sloth/ros2_humble/install/ament_uncrustify:/home/sloth/ros2_humble/install/tracetools_trace:/home/sloth/ros2_humble/install/tracetools_read:/home/sloth/ros2_humble/install/rpyutils:/home/sloth/ros2_humble/install/rosidl_cli:/home/sloth/ros2_humble/install/launch_pytest:/home/sloth/ros2_humble/install/launch_testing:/home/sloth/ros2_humble/install/launch_yaml:/home/sloth/ros2_humble/install/launch_xml:/home/sloth/ros2_humble/install/launch:/home/sloth/ros2_humble/install/osrf_pycommon:/home/sloth/ros2_humble/install/domain_coordinator:/home/sloth/ros2_humble/install/ament_xmllint:/home/sloth/ros2_humble/install/ament_pyflakes:/home/sloth/ros2_humble/install/ament_pycodestyle:/home/sloth/ros2_humble/install/ament_pep257:/home/sloth/ros2_humble/install/ament_pclint:/home/sloth/ros2_humble/install/ament_package:/home/sloth/ros2_humble/install/ament_mypy:/home/sloth/ros2_humble/install/ament_lint_cmake:/home/sloth/ros2_humble/install/ament_flake8:/home/sloth/ros2_humble/install/ament_copyright:/home/sloth/ros2_humble/install/ament_lint:/home/sloth/ros2_humble/install/ament_index_python:/home/sloth/ros2_humble/install/ament_cpplint:/home/sloth/ros2_humble/install/ament_cppcheck:/home/sloth/ros2_humble/install/ament_clang_tidy:/home/sloth/ros2_humble/install/ament_clang_format:/opt/ros/humble /usr/bin/cmake /home/sloth/ros2_clean_ws/src/my_cpp_pkg -DCMAKE_INSTALL_PREFIX=/home/sloth/ros2_clean_ws/install/my_cpp_pkg
[1.265s] Invoking command in '/home/sloth/ros2_clean_ws/build/my_cpp_pkg': CMAKE_PREFIX_PATH=${CMAKE_PREFIX_PATH}:/home/sloth/ros2_clean_ws/install/my_py_pkg:/home/sloth/ros2_humble/install/ament_uncrustify:/home/sloth/ros2_humble/install/tracetools_trace:/home/sloth/ros2_humble/install/tracetools_read:/home/sloth/ros2_humble/install/rpyutils:/home/sloth/ros2_humble/install/rosidl_cli:/home/sloth/ros2_humble/install/launch_pytest:/home/sloth/ros2_humble/install/launch_testing:/home/sloth/ros2_humble/install/launch_yaml:/home/sloth/ros2_humble/install/launch_xml:/home/sloth/ros2_humble/install/launch:/home/sloth/ros2_humble/install/osrf_pycommon:/home/sloth/ros2_humble/install/domain_coordinator:/home/sloth/ros2_humble/install/ament_xmllint:/home/sloth/ros2_humble/install/ament_pyflakes:/home/sloth/ros2_humble/install/ament_pycodestyle:/home/sloth/ros2_humble/install/ament_pep257:/home/sloth/ros2_humble/install/ament_pclint:/home/sloth/ros2_humble/install/ament_package:/home/sloth/ros2_humble/install/ament_mypy:/home/sloth/ros2_humble/install/ament_lint_cmake:/home/sloth/ros2_humble/install/ament_flake8:/home/sloth/ros2_humble/install/ament_copyright:/home/sloth/ros2_humble/install/ament_lint:/home/sloth/ros2_humble/install/ament_index_python:/home/sloth/ros2_humble/install/ament_cpplint:/home/sloth/ros2_humble/install/ament_cppcheck:/home/sloth/ros2_humble/install/ament_clang_tidy:/home/sloth/ros2_humble/install/ament_clang_format:/opt/ros/humble /usr/bin/cmake --build /home/sloth/ros2_clean_ws/build/my_cpp_pkg -- -j16 -l16
[1.291s] [ 50%] [32mBuilding CXX object CMakeFiles/template_node_cpp.dir/src/template_node_cpp.cpp.o[0m
[2.791s] [100%] [32m[1mLinking CXX executable template_node_cpp[0m
[2.855s] [100%] Built target template_node_cpp
[2.861s] Invoked command in '/home/sloth/ros2_clean_ws/build/my_cpp_pkg' returned '0': CMAKE_PREFIX_PATH=${CMAKE_PREFIX_PATH}:/home/sloth/ros2_clean_ws/install/my_py_pkg:/home/sloth/ros2_humble/install/ament_uncrustify:/home/sloth/ros2_humble/install/tracetools_trace:/home/sloth/ros2_humble/install/tracetools_read:/home/sloth/ros2_humble/install/rpyutils:/home/sloth/ros2_humble/install/rosidl_cli:/home/sloth/ros2_humble/install/launch_pytest:/home/sloth/ros2_humble/install/launch_testing:/home/sloth/ros2_humble/install/launch_yaml:/home/sloth/ros2_humble/install/launch_xml:/home/sloth/ros2_humble/install/launch:/home/sloth/ros2_humble/install/osrf_pycommon:/home/sloth/ros2_humble/install/domain_coordinator:/home/sloth/ros2_humble/install/ament_xmllint:/home/sloth/ros2_humble/install/ament_pyflakes:/home/sloth/ros2_humble/install/ament_pycodestyle:/home/sloth/ros2_humble/install/ament_pep257:/home/sloth/ros2_humble/install/ament_pclint:/home/sloth/ros2_humble/install/ament_package:/home/sloth/ros2_humble/install/ament_mypy:/home/sloth/ros2_humble/install/ament_lint_cmake:/home/sloth/ros2_humble/install/ament_flake8:/home/sloth/ros2_humble/install/ament_copyright:/home/sloth/ros2_humble/install/ament_lint:/home/sloth/ros2_humble/install/ament_index_python:/home/sloth/ros2_humble/install/ament_cpplint:/home/sloth/ros2_humble/install/ament_cppcheck:/home/sloth/ros2_humble/install/ament_clang_tidy:/home/sloth/ros2_humble/install/ament_clang_format:/opt/ros/humble /usr/bin/cmake --build /home/sloth/ros2_clean_ws/build/my_cpp_pkg -- -j16 -l16
[2.869s] Invoking command in '/home/sloth/ros2_clean_ws/build/my_cpp_pkg': CMAKE_PREFIX_PATH=${CMAKE_PREFIX_PATH}:/home/sloth/ros2_clean_ws/install/my_py_pkg:/home/sloth/ros2_humble/install/ament_uncrustify:/home/sloth/ros2_humble/install/tracetools_trace:/home/sloth/ros2_humble/install/tracetools_read:/home/sloth/ros2_humble/install/rpyutils:/home/sloth/ros2_humble/install/rosidl_cli:/home/sloth/ros2_humble/install/launch_pytest:/home/sloth/ros2_humble/install/launch_testing:/home/sloth/ros2_humble/install/launch_yaml:/home/sloth/ros2_humble/install/launch_xml:/home/sloth/ros2_humble/install/launch:/home/sloth/ros2_humble/install/osrf_pycommon:/home/sloth/ros2_humble/install/domain_coordinator:/home/sloth/ros2_humble/install/ament_xmllint:/home/sloth/ros2_humble/install/ament_pyflakes:/home/sloth/ros2_humble/install/ament_pycodestyle:/home/sloth/ros2_humble/install/ament_pep257:/home/sloth/ros2_humble/install/ament_pclint:/home/sloth/ros2_humble/install/ament_package:/home/sloth/ros2_humble/install/ament_mypy:/home/sloth/ros2_humble/install/ament_lint_cmake:/home/sloth/ros2_humble/install/ament_flake8:/home/sloth/ros2_humble/install/ament_copyright:/home/sloth/ros2_humble/install/ament_lint:/home/sloth/ros2_humble/install/ament_index_python:/home/sloth/ros2_humble/install/ament_cpplint:/home/sloth/ros2_humble/install/ament_cppcheck:/home/sloth/ros2_humble/install/ament_clang_tidy:/home/sloth/ros2_humble/install/ament_clang_format:/opt/ros/humble /usr/bin/cmake --install /home/sloth/ros2_clean_ws/build/my_cpp_pkg
[2.874s] -- Install configuration: ""
[2.874s] -- Installing: /home/sloth/ros2_clean_ws/install/my_cpp_pkg/lib/my_cpp_pkg/template_node_cpp
[2.874s] -- Set runtime path of "/home/sloth/ros2_clean_ws/install/my_cpp_pkg/lib/my_cpp_pkg/template_node_cpp" to ""
[2.874s] -- Installing: /home/sloth/ros2_clean_ws/install/my_cpp_pkg/share/ament_index/resource_index/package_run_dependencies/my_cpp_pkg
[2.874s] -- Installing: /home/sloth/ros2_clean_ws/install/my_cpp_pkg/share/ament_index/resource_index/parent_prefix_path/my_cpp_pkg
[2.875s] -- Installing: /home/sloth/ros2_clean_ws/install/my_cpp_pkg/share/my_cpp_pkg/environment/ament_prefix_path.sh
[2.875s] -- Installing: /home/sloth/ros2_clean_ws/install/my_cpp_pkg/share/my_cpp_pkg/environment/ament_prefix_path.dsv
[2.875s] -- Installing: /home/sloth/ros2_clean_ws/install/my_cpp_pkg/share/my_cpp_pkg/environment/path.sh
[2.875s] -- Installing: /home/sloth/ros2_clean_ws/install/my_cpp_pkg/share/my_cpp_pkg/environment/path.dsv
[2.875s] -- Installing: /home/sloth/ros2_clean_ws/install/my_cpp_pkg/share/my_cpp_pkg/local_setup.bash
[2.875s] -- Installing: /home/sloth/ros2_clean_ws/install/my_cpp_pkg/share/my_cpp_pkg/local_setup.sh
[2.875s] -- Installing: /home/sloth/ros2_clean_ws/install/my_cpp_pkg/share/my_cpp_pkg/local_setup.zsh
[2.875s] -- Installing: /home/sloth/ros2_clean_ws/install/my_cpp_pkg/share/my_cpp_pkg/local_setup.dsv
[2.875s] -- Installing: /home/sloth/ros2_clean_ws/install/my_cpp_pkg/share/my_cpp_pkg/package.dsv
[2.875s] -- Installing: /home/sloth/ros2_clean_ws/install/my_cpp_pkg/share/ament_index/resource_index/packages/my_cpp_pkg
[2.875s] -- Installing: /home/sloth/ros2_clean_ws/install/my_cpp_pkg/share/my_cpp_pkg/cmake/my_cpp_pkgConfig.cmake
[2.875s] -- Installing: /home/sloth/ros2_clean_ws/install/my_cpp_pkg/share/my_cpp_pkg/cmake/my_cpp_pkgConfig-version.cmake
[2.875s] -- Installing: /home/sloth/ros2_clean_ws/install/my_cpp_pkg/share/my_cpp_pkg/package.xml
[2.877s] Invoked command in '/home/sloth/ros2_clean_ws/build/my_cpp_pkg' returned '0': CMAKE_PREFIX_PATH=${CMAKE_PREFIX_PATH}:/home/sloth/ros2_clean_ws/install/my_py_pkg:/home/sloth/ros2_humble/install/ament_uncrustify:/home/sloth/ros2_humble/install/tracetools_trace:/home/sloth/ros2_humble/install/tracetools_read:/home/sloth/ros2_humble/install/rpyutils:/home/sloth/ros2_humble/install/rosidl_cli:/home/sloth/ros2_humble/install/launch_pytest:/home/sloth/ros2_humble/install/launch_testing:/home/sloth/ros2_humble/install/launch_yaml:/home/sloth/ros2_humble/install/launch_xml:/home/sloth/ros2_humble/install/launch:/home/sloth/ros2_humble/install/osrf_pycommon:/home/sloth/ros2_humble/install/domain_coordinator:/home/sloth/ros2_humble/install/ament_xmllint:/home/sloth/ros2_humble/install/ament_pyflakes:/home/sloth/ros2_humble/install/ament_pycodestyle:/home/sloth/ros2_humble/install/ament_pep257:/home/sloth/ros2_humble/install/ament_pclint:/home/sloth/ros2_humble/install/ament_package:/home/sloth/ros2_humble/install/ament_mypy:/home/sloth/ros2_humble/install/ament_lint_cmake:/home/sloth/ros2_humble/install/ament_flake8:/home/sloth/ros2_humble/install/ament_copyright:/home/sloth/ros2_humble/install/ament_lint:/home/sloth/ros2_humble/install/ament_index_python:/home/sloth/ros2_humble/install/ament_cpplint:/home/sloth/ros2_humble/install/ament_cppcheck:/home/sloth/ros2_humble/install/ament_clang_tidy:/home/sloth/ros2_humble/install/ament_clang_format:/opt/ros/humble /usr/bin/cmake --install /home/sloth/ros2_clean_ws/build/my_cpp_pkg
