[0.026s] Invoking command in '/home/dongwon_serer/ros_ws/build/my_robot_interfaces': CMAKE_PREFIX_PATH=${CMAKE_PREFIX_PATH}:/home/dongwon_serer/ros_ws/install/my_py_pkg:/opt/ros/humble /usr/bin/cmake /home/dongwon_serer/ros_ws/src/my_robot_interfaces -DCMAKE_EXPORT_COMPILE_COMMANDS=ON -DCMAKE_INSTALL_PREFIX=/home/dongwon_serer/ros_ws/install/my_robot_interfaces
[0.069s] -- Found ament_cmake: 1.3.12 (/opt/ros/humble/share/ament_cmake/cmake)
[0.192s] -- Found geometry_msgs: 4.9.0 (/opt/ros/humble/share/geometry_msgs/cmake)
[0.266s] -- Found rosidl_generator_c: 3.1.7 (/opt/ros/humble/share/rosidl_generator_c/cmake)
[0.269s] -- Found rosidl_adapter: 3.1.7 (/opt/ros/humble/share/rosidl_adapter/cmake)
[0.277s] -- Found rosidl_generator_cpp: 3.1.7 (/opt/ros/humble/share/rosidl_generator_cpp/cmake)
[0.290s] -- Using all available rosidl_typesupport_c: rosidl_typesupport_fastrtps_c;rosidl_typesupport_introspection_c
[0.304s] -- Using all available rosidl_typesupport_cpp: rosidl_typesupport_fastrtps_cpp;rosidl_typesupport_introspection_cpp
[0.341s] -- Found rosidl_default_generators: 1.2.0 (/opt/ros/humble/share/rosidl_default_generators/cmake)
[0.534s] -- Found ament_cmake_ros: 0.10.0 (/opt/ros/humble/share/ament_cmake_ros/cmake)
[0.768s] -- Using all available rosidl_typesupport_c: rosidl_typesupport_fastrtps_c;rosidl_typesupport_introspection_c
[0.857s] -- Using all available rosidl_typesupport_cpp: rosidl_typesupport_fastrtps_cpp;rosidl_typesupport_introspection_cpp
[0.875s] -- Found python_cmake_module: 0.10.0 (/opt/ros/humble/share/python_cmake_module/cmake)
[0.893s] -- Using PYTHON_EXECUTABLE: /usr/bin/python3
[0.893s] -- Using PYTHON_INCLUDE_DIRS: /usr/include/python3.10
[0.893s] -- Using PYTHON_LIBRARIES: /usr/lib/x86_64-linux-gnu/libpython3.10.so
[0.915s] -- Configuring done
[0.961s] -- Generating done
[0.971s] -- Build files have been written to: /home/dongwon_serer/ros_ws/build/my_robot_interfaces
[0.980s] Invoked command in '/home/dongwon_serer/ros_ws/build/my_robot_interfaces' returned '0': CMAKE_PREFIX_PATH=${CMAKE_PREFIX_PATH}:/home/dongwon_serer/ros_ws/install/my_py_pkg:/opt/ros/humble /usr/bin/cmake /home/dongwon_serer/ros_ws/src/my_robot_interfaces -DCMAKE_EXPORT_COMPILE_COMMANDS=ON -DCMAKE_INSTALL_PREFIX=/home/dongwon_serer/ros_ws/install/my_robot_interfaces
[0.982s] Invoking command in '/home/dongwon_serer/ros_ws/build/my_robot_interfaces': CMAKE_PREFIX_PATH=${CMAKE_PREFIX_PATH}:/home/dongwon_serer/ros_ws/install/my_py_pkg:/opt/ros/humble /usr/bin/cmake --build /home/dongwon_serer/ros_ws/build/my_robot_interfaces -- -j8 -l8
[1.019s] [35m[1mConsolidate compiler generated dependencies of target my_robot_interfaces__rosidl_generator_c[0m
[1.027s] [  3%] Built target my_robot_interfaces__cpp
[1.029s] [ 12%] Built target my_robot_interfaces__rosidl_generator_c
[1.038s] [35m[1mConsolidate compiler generated dependencies of target my_robot_interfaces__rosidl_typesupport_cpp[0m
[1.040s] [35m[1mConsolidate compiler generated dependencies of target my_robot_interfaces__rosidl_typesupport_introspection_cpp[0m
[1.040s] [35m[1mConsolidate compiler generated dependencies of target my_robot_interfaces__rosidl_typesupport_fastrtps_cpp[0m
[1.040s] [35m[1mConsolidate compiler generated dependencies of target my_robot_interfaces__rosidl_typesupport_c[0m
[1.040s] [35m[1mConsolidate compiler generated dependencies of target my_robot_interfaces__rosidl_typesupport_introspection_c[0m
[1.040s] [35m[1mConsolidate compiler generated dependencies of target my_robot_interfaces__rosidl_typesupport_fastrtps_c[0m
[1.042s] [ 12%] Built target ament_cmake_python_copy_my_robot_interfaces
[1.051s] [ 22%] Built target my_robot_interfaces__rosidl_typesupport_cpp
[1.052s] [ 32%] Built target my_robot_interfaces__rosidl_typesupport_introspection_cpp
[1.052s] [ 41%] Built target my_robot_interfaces__rosidl_typesupport_introspection_c
[1.053s] [ 51%] Built target my_robot_interfaces__rosidl_typesupport_fastrtps_cpp
[1.054s] [ 61%] Built target my_robot_interfaces__rosidl_typesupport_c
[1.054s] [ 70%] Built target my_robot_interfaces__rosidl_typesupport_fastrtps_c
[1.072s] [ 70%] Built target my_robot_interfaces
[1.090s] [ 74%] Built target my_robot_interfaces__py
[1.099s] [35m[1mConsolidate compiler generated dependencies of target my_robot_interfaces__rosidl_generator_py[0m
[1.111s] [ 80%] Built target my_robot_interfaces__rosidl_generator_py
[1.120s] [35m[1mConsolidate compiler generated dependencies of target my_robot_interfaces__rosidl_typesupport_fastrtps_c__pyext[0m
[1.120s] [35m[1mConsolidate compiler generated dependencies of target my_robot_interfaces__rosidl_typesupport_c__pyext[0m
[1.120s] [35m[1mConsolidate compiler generated dependencies of target my_robot_interfaces__rosidl_typesupport_introspection_c__pyext[0m
[1.132s] [ 87%] Built target my_robot_interfaces__rosidl_typesupport_introspection_c__pyext
[1.132s] [100%] Built target my_robot_interfaces__rosidl_typesupport_c__pyext
[1.132s] [100%] Built target my_robot_interfaces__rosidl_typesupport_fastrtps_c__pyext
[1.219s] running egg_info
[1.219s] writing my_robot_interfaces.egg-info/PKG-INFO
[1.219s] writing dependency_links to my_robot_interfaces.egg-info/dependency_links.txt
[1.220s] writing top-level names to my_robot_interfaces.egg-info/top_level.txt
[1.221s] reading manifest file 'my_robot_interfaces.egg-info/SOURCES.txt'
[1.221s] writing manifest file 'my_robot_interfaces.egg-info/SOURCES.txt'
[1.242s] [100%] Built target ament_cmake_python_build_my_robot_interfaces_egg
[1.253s] Invoked command in '/home/dongwon_serer/ros_ws/build/my_robot_interfaces' returned '0': CMAKE_PREFIX_PATH=${CMAKE_PREFIX_PATH}:/home/dongwon_serer/ros_ws/install/my_py_pkg:/opt/ros/humble /usr/bin/cmake --build /home/dongwon_serer/ros_ws/build/my_robot_interfaces -- -j8 -l8
[1.261s] Invoking command in '/home/dongwon_serer/ros_ws/build/my_robot_interfaces': CMAKE_PREFIX_PATH=${CMAKE_PREFIX_PATH}:/home/dongwon_serer/ros_ws/install/my_py_pkg:/opt/ros/humble /usr/bin/cmake --install /home/dongwon_serer/ros_ws/build/my_robot_interfaces
[1.268s] -- Install configuration: ""
[1.268s] -- Up-to-date: /home/dongwon_serer/ros_ws/install/my_robot_interfaces/share/ament_index/resource_index/rosidl_interfaces/my_robot_interfaces
[1.268s] -- Up-to-date: /home/dongwon_serer/ros_ws/install/my_robot_interfaces/include/my_robot_interfaces/my_robot_interfaces
[1.268s] -- Up-to-date: /home/dongwon_serer/ros_ws/install/my_robot_interfaces/include/my_robot_interfaces/my_robot_interfaces/msg
[1.268s] -- Up-to-date: /home/dongwon_serer/ros_ws/install/my_robot_interfaces/include/my_robot_interfaces/my_robot_interfaces/msg/hardware_status.h
[1.268s] -- Up-to-date: /home/dongwon_serer/ros_ws/install/my_robot_interfaces/include/my_robot_interfaces/my_robot_interfaces/msg/detail
[1.268s] -- Up-to-date: /home/dongwon_serer/ros_ws/install/my_robot_interfaces/include/my_robot_interfaces/my_robot_interfaces/msg/detail/hardware_status__functions.h
[1.268s] -- Up-to-date: /home/dongwon_serer/ros_ws/install/my_robot_interfaces/include/my_robot_interfaces/my_robot_interfaces/msg/detail/hardware_status__type_support.h
[1.269s] -- Up-to-date: /home/dongwon_serer/ros_ws/install/my_robot_interfaces/include/my_robot_interfaces/my_robot_interfaces/msg/detail/hardware_status__struct.h
[1.269s] -- Up-to-date: /home/dongwon_serer/ros_ws/install/my_robot_interfaces/include/my_robot_interfaces/my_robot_interfaces/msg/detail/hardware_status__functions.c
[1.269s] -- Up-to-date: /home/dongwon_serer/ros_ws/install/my_robot_interfaces/include/my_robot_interfaces/my_robot_interfaces/msg/rosidl_generator_c__visibility_control.h
[1.269s] -- Up-to-date: /home/dongwon_serer/ros_ws/install/my_robot_interfaces/share/my_robot_interfaces/environment/library_path.sh
[1.269s] -- Installing: /home/dongwon_serer/ros_ws/install/my_robot_interfaces/share/my_robot_interfaces/environment/library_path.dsv
[1.270s] -- Up-to-date: /home/dongwon_serer/ros_ws/install/my_robot_interfaces/lib/libmy_robot_interfaces__rosidl_generator_c.so
[1.270s] -- Up-to-date: /home/dongwon_serer/ros_ws/install/my_robot_interfaces/include/my_robot_interfaces/my_robot_interfaces
[1.270s] -- Up-to-date: /home/dongwon_serer/ros_ws/install/my_robot_interfaces/include/my_robot_interfaces/my_robot_interfaces/msg
[1.270s] -- Up-to-date: /home/dongwon_serer/ros_ws/install/my_robot_interfaces/include/my_robot_interfaces/my_robot_interfaces/msg/rosidl_typesupport_fastrtps_c__visibility_control.h
[1.270s] -- Up-to-date: /home/dongwon_serer/ros_ws/install/my_robot_interfaces/include/my_robot_interfaces/my_robot_interfaces/msg/detail
[1.270s] -- Up-to-date: /home/dongwon_serer/ros_ws/install/my_robot_interfaces/include/my_robot_interfaces/my_robot_interfaces/msg/detail/hardware_status__rosidl_typesupport_fastrtps_c.h
[1.270s] -- Up-to-date: /home/dongwon_serer/ros_ws/install/my_robot_interfaces/lib/libmy_robot_interfaces__rosidl_typesupport_fastrtps_c.so
[1.270s] -- Up-to-date: /home/dongwon_serer/ros_ws/install/my_robot_interfaces/include/my_robot_interfaces/my_robot_interfaces
[1.271s] -- Up-to-date: /home/dongwon_serer/ros_ws/install/my_robot_interfaces/include/my_robot_interfaces/my_robot_interfaces/msg
[1.271s] -- Up-to-date: /home/dongwon_serer/ros_ws/install/my_robot_interfaces/include/my_robot_interfaces/my_robot_interfaces/msg/detail
[1.271s] -- Up-to-date: /home/dongwon_serer/ros_ws/install/my_robot_interfaces/include/my_robot_interfaces/my_robot_interfaces/msg/detail/hardware_status__struct.hpp
[1.271s] -- Up-to-date: /home/dongwon_serer/ros_ws/install/my_robot_interfaces/include/my_robot_interfaces/my_robot_interfaces/msg/detail/hardware_status__type_support.hpp
[1.271s] -- Up-to-date: /home/dongwon_serer/ros_ws/install/my_robot_interfaces/include/my_robot_interfaces/my_robot_interfaces/msg/detail/hardware_status__traits.hpp
[1.271s] -- Up-to-date: /home/dongwon_serer/ros_ws/install/my_robot_interfaces/include/my_robot_interfaces/my_robot_interfaces/msg/detail/hardware_status__builder.hpp
[1.271s] -- Up-to-date: /home/dongwon_serer/ros_ws/install/my_robot_interfaces/include/my_robot_interfaces/my_robot_interfaces/msg/rosidl_generator_cpp__visibility_control.hpp
[1.271s] -- Up-to-date: /home/dongwon_serer/ros_ws/install/my_robot_interfaces/include/my_robot_interfaces/my_robot_interfaces/msg/hardware_status.hpp
[1.271s] -- Up-to-date: /home/dongwon_serer/ros_ws/install/my_robot_interfaces/include/my_robot_interfaces/my_robot_interfaces
[1.272s] -- Up-to-date: /home/dongwon_serer/ros_ws/install/my_robot_interfaces/include/my_robot_interfaces/my_robot_interfaces/msg
[1.272s] -- Up-to-date: /home/dongwon_serer/ros_ws/install/my_robot_interfaces/include/my_robot_interfaces/my_robot_interfaces/msg/rosidl_typesupport_fastrtps_cpp__visibility_control.h
[1.272s] -- Up-to-date: /home/dongwon_serer/ros_ws/install/my_robot_interfaces/include/my_robot_interfaces/my_robot_interfaces/msg/detail
[1.272s] -- Up-to-date: /home/dongwon_serer/ros_ws/install/my_robot_interfaces/include/my_robot_interfaces/my_robot_interfaces/msg/detail/hardware_status__rosidl_typesupport_fastrtps_cpp.hpp
[1.272s] -- Up-to-date: /home/dongwon_serer/ros_ws/install/my_robot_interfaces/include/my_robot_interfaces/my_robot_interfaces/msg/detail/dds_fastrtps
[1.272s] -- Up-to-date: /home/dongwon_serer/ros_ws/install/my_robot_interfaces/lib/libmy_robot_interfaces__rosidl_typesupport_fastrtps_cpp.so
[1.273s] -- Up-to-date: /home/dongwon_serer/ros_ws/install/my_robot_interfaces/include/my_robot_interfaces/my_robot_interfaces
[1.273s] -- Up-to-date: /home/dongwon_serer/ros_ws/install/my_robot_interfaces/include/my_robot_interfaces/my_robot_interfaces/msg
[1.273s] -- Up-to-date: /home/dongwon_serer/ros_ws/install/my_robot_interfaces/include/my_robot_interfaces/my_robot_interfaces/msg/detail
[1.273s] -- Up-to-date: /home/dongwon_serer/ros_ws/install/my_robot_interfaces/include/my_robot_interfaces/my_robot_interfaces/msg/detail/hardware_status__type_support.c
[1.273s] -- Up-to-date: /home/dongwon_serer/ros_ws/install/my_robot_interfaces/include/my_robot_interfaces/my_robot_interfaces/msg/detail/hardware_status__rosidl_typesupport_introspection_c.h
[1.273s] -- Up-to-date: /home/dongwon_serer/ros_ws/install/my_robot_interfaces/include/my_robot_interfaces/my_robot_interfaces/msg/rosidl_typesupport_introspection_c__visibility_control.h
[1.274s] -- Up-to-date: /home/dongwon_serer/ros_ws/install/my_robot_interfaces/lib/libmy_robot_interfaces__rosidl_typesupport_introspection_c.so
[1.274s] -- Up-to-date: /home/dongwon_serer/ros_ws/install/my_robot_interfaces/lib/libmy_robot_interfaces__rosidl_typesupport_c.so
[1.274s] -- Up-to-date: /home/dongwon_serer/ros_ws/install/my_robot_interfaces/include/my_robot_interfaces/my_robot_interfaces
[1.274s] -- Up-to-date: /home/dongwon_serer/ros_ws/install/my_robot_interfaces/include/my_robot_interfaces/my_robot_interfaces/msg
[1.274s] -- Up-to-date: /home/dongwon_serer/ros_ws/install/my_robot_interfaces/include/my_robot_interfaces/my_robot_interfaces/msg/detail
[1.274s] -- Up-to-date: /home/dongwon_serer/ros_ws/install/my_robot_interfaces/include/my_robot_interfaces/my_robot_interfaces/msg/detail/hardware_status__type_support.cpp
[1.275s] -- Up-to-date: /home/dongwon_serer/ros_ws/install/my_robot_interfaces/include/my_robot_interfaces/my_robot_interfaces/msg/detail/hardware_status__rosidl_typesupport_introspection_cpp.hpp
[1.275s] -- Up-to-date: /home/dongwon_serer/ros_ws/install/my_robot_interfaces/lib/libmy_robot_interfaces__rosidl_typesupport_introspection_cpp.so
[1.275s] -- Up-to-date: /home/dongwon_serer/ros_ws/install/my_robot_interfaces/lib/libmy_robot_interfaces__rosidl_typesupport_cpp.so
[1.276s] -- Up-to-date: /home/dongwon_serer/ros_ws/install/my_robot_interfaces/share/my_robot_interfaces/environment/pythonpath.sh
[1.276s] -- Installing: /home/dongwon_serer/ros_ws/install/my_robot_interfaces/share/my_robot_interfaces/environment/pythonpath.dsv
[1.276s] -- Up-to-date: /home/dongwon_serer/ros_ws/install/my_robot_interfaces/local/lib/python3.10/dist-packages/my_robot_interfaces-0.0.0-py3.10.egg-info
[1.276s] -- Installing: /home/dongwon_serer/ros_ws/install/my_robot_interfaces/local/lib/python3.10/dist-packages/my_robot_interfaces-0.0.0-py3.10.egg-info/PKG-INFO
[1.276s] -- Installing: /home/dongwon_serer/ros_ws/install/my_robot_interfaces/local/lib/python3.10/dist-packages/my_robot_interfaces-0.0.0-py3.10.egg-info/SOURCES.txt
[1.276s] -- Installing: /home/dongwon_serer/ros_ws/install/my_robot_interfaces/local/lib/python3.10/dist-packages/my_robot_interfaces-0.0.0-py3.10.egg-info/dependency_links.txt
[1.276s] -- Installing: /home/dongwon_serer/ros_ws/install/my_robot_interfaces/local/lib/python3.10/dist-packages/my_robot_interfaces-0.0.0-py3.10.egg-info/top_level.txt
[1.277s] -- Up-to-date: /home/dongwon_serer/ros_ws/install/my_robot_interfaces/local/lib/python3.10/dist-packages/my_robot_interfaces
[1.277s] -- Up-to-date: /home/dongwon_serer/ros_ws/install/my_robot_interfaces/local/lib/python3.10/dist-packages/my_robot_interfaces/_my_robot_interfaces_s.ep.rosidl_typesupport_fastrtps_c.c
[1.277s] -- Up-to-date: /home/dongwon_serer/ros_ws/install/my_robot_interfaces/local/lib/python3.10/dist-packages/my_robot_interfaces/libmy_robot_interfaces__rosidl_generator_py.so
[1.277s] -- Installing: /home/dongwon_serer/ros_ws/install/my_robot_interfaces/local/lib/python3.10/dist-packages/my_robot_interfaces/__init__.py
[1.277s] -- Up-to-date: /home/dongwon_serer/ros_ws/install/my_robot_interfaces/local/lib/python3.10/dist-packages/my_robot_interfaces/_my_robot_interfaces_s.ep.rosidl_typesupport_introspection_c.c
[1.277s] -- Up-to-date: /home/dongwon_serer/ros_ws/install/my_robot_interfaces/local/lib/python3.10/dist-packages/my_robot_interfaces/my_robot_interfaces_s__rosidl_typesupport_c.cpython-310-x86_64-linux-gnu.so
[1.277s] -- Up-to-date: /home/dongwon_serer/ros_ws/install/my_robot_interfaces/local/lib/python3.10/dist-packages/my_robot_interfaces/msg
[1.277s] -- Up-to-date: /home/dongwon_serer/ros_ws/install/my_robot_interfaces/local/lib/python3.10/dist-packages/my_robot_interfaces/msg/_hardware_status.py
[1.277s] -- Up-to-date: /home/dongwon_serer/ros_ws/install/my_robot_interfaces/local/lib/python3.10/dist-packages/my_robot_interfaces/msg/__init__.py
[1.277s] -- Up-to-date: /home/dongwon_serer/ros_ws/install/my_robot_interfaces/local/lib/python3.10/dist-packages/my_robot_interfaces/msg/_hardware_status_s.c
[1.278s] -- Up-to-date: /home/dongwon_serer/ros_ws/install/my_robot_interfaces/local/lib/python3.10/dist-packages/my_robot_interfaces/my_robot_interfaces_s__rosidl_typesupport_introspection_c.cpython-310-x86_64-linux-gnu.so
[1.278s] -- Up-to-date: /home/dongwon_serer/ros_ws/install/my_robot_interfaces/local/lib/python3.10/dist-packages/my_robot_interfaces/my_robot_interfaces_s__rosidl_typesupport_fastrtps_c.cpython-310-x86_64-linux-gnu.so
[1.278s] -- Up-to-date: /home/dongwon_serer/ros_ws/install/my_robot_interfaces/local/lib/python3.10/dist-packages/my_robot_interfaces/_my_robot_interfaces_s.ep.rosidl_typesupport_c.c
[1.304s] Listing '/home/dongwon_serer/ros_ws/install/my_robot_interfaces/local/lib/python3.10/dist-packages/my_robot_interfaces'...
[1.304s] Compiling '/home/dongwon_serer/ros_ws/install/my_robot_interfaces/local/lib/python3.10/dist-packages/my_robot_interfaces/__init__.py'...
[1.304s] Listing '/home/dongwon_serer/ros_ws/install/my_robot_interfaces/local/lib/python3.10/dist-packages/my_robot_interfaces/msg'...
[1.307s] -- Up-to-date: /home/dongwon_serer/ros_ws/install/my_robot_interfaces/local/lib/python3.10/dist-packages/my_robot_interfaces/my_robot_interfaces_s__rosidl_typesupport_fastrtps_c.cpython-310-x86_64-linux-gnu.so
[1.308s] -- Up-to-date: /home/dongwon_serer/ros_ws/install/my_robot_interfaces/local/lib/python3.10/dist-packages/my_robot_interfaces/my_robot_interfaces_s__rosidl_typesupport_introspection_c.cpython-310-x86_64-linux-gnu.so
[1.308s] -- Up-to-date: /home/dongwon_serer/ros_ws/install/my_robot_interfaces/local/lib/python3.10/dist-packages/my_robot_interfaces/my_robot_interfaces_s__rosidl_typesupport_c.cpython-310-x86_64-linux-gnu.so
[1.309s] -- Up-to-date: /home/dongwon_serer/ros_ws/install/my_robot_interfaces/lib/libmy_robot_interfaces__rosidl_generator_py.so
[1.309s] -- Up-to-date: /home/dongwon_serer/ros_ws/install/my_robot_interfaces/share/my_robot_interfaces/msg/HardwareStatus.idl
[1.309s] -- Up-to-date: /home/dongwon_serer/ros_ws/install/my_robot_interfaces/share/my_robot_interfaces/msg/HardwareStatus.msg
[1.309s] -- Up-to-date: /home/dongwon_serer/ros_ws/install/my_robot_interfaces/share/ament_index/resource_index/package_run_dependencies/my_robot_interfaces
[1.309s] -- Installing: /home/dongwon_serer/ros_ws/install/my_robot_interfaces/share/ament_index/resource_index/parent_prefix_path/my_robot_interfaces
[1.309s] -- Up-to-date: /home/dongwon_serer/ros_ws/install/my_robot_interfaces/share/my_robot_interfaces/environment/ament_prefix_path.sh
[1.309s] -- Installing: /home/dongwon_serer/ros_ws/install/my_robot_interfaces/share/my_robot_interfaces/environment/ament_prefix_path.dsv
[1.310s] -- Up-to-date: /home/dongwon_serer/ros_ws/install/my_robot_interfaces/share/my_robot_interfaces/environment/path.sh
[1.310s] -- Installing: /home/dongwon_serer/ros_ws/install/my_robot_interfaces/share/my_robot_interfaces/environment/path.dsv
[1.310s] -- Up-to-date: /home/dongwon_serer/ros_ws/install/my_robot_interfaces/share/my_robot_interfaces/local_setup.bash
[1.310s] -- Up-to-date: /home/dongwon_serer/ros_ws/install/my_robot_interfaces/share/my_robot_interfaces/local_setup.sh
[1.310s] -- Up-to-date: /home/dongwon_serer/ros_ws/install/my_robot_interfaces/share/my_robot_interfaces/local_setup.zsh
[1.310s] -- Installing: /home/dongwon_serer/ros_ws/install/my_robot_interfaces/share/my_robot_interfaces/local_setup.dsv
[1.310s] -- Installing: /home/dongwon_serer/ros_ws/install/my_robot_interfaces/share/my_robot_interfaces/package.dsv
[1.311s] -- Up-to-date: /home/dongwon_serer/ros_ws/install/my_robot_interfaces/share/ament_index/resource_index/packages/my_robot_interfaces
[1.311s] -- Up-to-date: /home/dongwon_serer/ros_ws/install/my_robot_interfaces/share/my_robot_interfaces/cmake/export_my_robot_interfaces__rosidl_generator_cExport.cmake
[1.311s] -- Up-to-date: /home/dongwon_serer/ros_ws/install/my_robot_interfaces/share/my_robot_interfaces/cmake/export_my_robot_interfaces__rosidl_generator_cExport-noconfig.cmake
[1.311s] -- Up-to-date: /home/dongwon_serer/ros_ws/install/my_robot_interfaces/share/my_robot_interfaces/cmake/export_my_robot_interfaces__rosidl_typesupport_fastrtps_cExport.cmake
[1.311s] -- Up-to-date: /home/dongwon_serer/ros_ws/install/my_robot_interfaces/share/my_robot_interfaces/cmake/export_my_robot_interfaces__rosidl_typesupport_fastrtps_cExport-noconfig.cmake
[1.312s] -- Up-to-date: /home/dongwon_serer/ros_ws/install/my_robot_interfaces/share/my_robot_interfaces/cmake/export_my_robot_interfaces__rosidl_generator_cppExport.cmake
[1.312s] -- Up-to-date: /home/dongwon_serer/ros_ws/install/my_robot_interfaces/share/my_robot_interfaces/cmake/export_my_robot_interfaces__rosidl_typesupport_fastrtps_cppExport.cmake
[1.312s] -- Up-to-date: /home/dongwon_serer/ros_ws/install/my_robot_interfaces/share/my_robot_interfaces/cmake/export_my_robot_interfaces__rosidl_typesupport_fastrtps_cppExport-noconfig.cmake
[1.312s] -- Up-to-date: /home/dongwon_serer/ros_ws/install/my_robot_interfaces/share/my_robot_interfaces/cmake/my_robot_interfaces__rosidl_typesupport_introspection_cExport.cmake
[1.312s] -- Up-to-date: /home/dongwon_serer/ros_ws/install/my_robot_interfaces/share/my_robot_interfaces/cmake/my_robot_interfaces__rosidl_typesupport_introspection_cExport-noconfig.cmake
[1.313s] -- Up-to-date: /home/dongwon_serer/ros_ws/install/my_robot_interfaces/share/my_robot_interfaces/cmake/my_robot_interfaces__rosidl_typesupport_cExport.cmake
[1.313s] -- Up-to-date: /home/dongwon_serer/ros_ws/install/my_robot_interfaces/share/my_robot_interfaces/cmake/my_robot_interfaces__rosidl_typesupport_cExport-noconfig.cmake
[1.313s] -- Up-to-date: /home/dongwon_serer/ros_ws/install/my_robot_interfaces/share/my_robot_interfaces/cmake/my_robot_interfaces__rosidl_typesupport_introspection_cppExport.cmake
[1.313s] -- Up-to-date: /home/dongwon_serer/ros_ws/install/my_robot_interfaces/share/my_robot_interfaces/cmake/my_robot_interfaces__rosidl_typesupport_introspection_cppExport-noconfig.cmake
[1.313s] -- Up-to-date: /home/dongwon_serer/ros_ws/install/my_robot_interfaces/share/my_robot_interfaces/cmake/my_robot_interfaces__rosidl_typesupport_cppExport.cmake
[1.313s] -- Up-to-date: /home/dongwon_serer/ros_ws/install/my_robot_interfaces/share/my_robot_interfaces/cmake/my_robot_interfaces__rosidl_typesupport_cppExport-noconfig.cmake
[1.313s] -- Up-to-date: /home/dongwon_serer/ros_ws/install/my_robot_interfaces/share/my_robot_interfaces/cmake/export_my_robot_interfaces__rosidl_generator_pyExport.cmake
[1.314s] -- Up-to-date: /home/dongwon_serer/ros_ws/install/my_robot_interfaces/share/my_robot_interfaces/cmake/export_my_robot_interfaces__rosidl_generator_pyExport-noconfig.cmake
[1.314s] -- Up-to-date: /home/dongwon_serer/ros_ws/install/my_robot_interfaces/share/my_robot_interfaces/cmake/rosidl_cmake-extras.cmake
[1.314s] -- Up-to-date: /home/dongwon_serer/ros_ws/install/my_robot_interfaces/share/my_robot_interfaces/cmake/ament_cmake_export_include_directories-extras.cmake
[1.314s] -- Up-to-date: /home/dongwon_serer/ros_ws/install/my_robot_interfaces/share/my_robot_interfaces/cmake/ament_cmake_export_libraries-extras.cmake
[1.314s] -- Up-to-date: /home/dongwon_serer/ros_ws/install/my_robot_interfaces/share/my_robot_interfaces/cmake/ament_cmake_export_targets-extras.cmake
[1.314s] -- Up-to-date: /home/dongwon_serer/ros_ws/install/my_robot_interfaces/share/my_robot_interfaces/cmake/rosidl_cmake_export_typesupport_targets-extras.cmake
[1.314s] -- Up-to-date: /home/dongwon_serer/ros_ws/install/my_robot_interfaces/share/my_robot_interfaces/cmake/ament_cmake_export_dependencies-extras.cmake
[1.314s] -- Up-to-date: /home/dongwon_serer/ros_ws/install/my_robot_interfaces/share/my_robot_interfaces/cmake/rosidl_cmake_export_typesupport_libraries-extras.cmake
[1.314s] -- Up-to-date: /home/dongwon_serer/ros_ws/install/my_robot_interfaces/share/my_robot_interfaces/cmake/my_robot_interfacesConfig.cmake
[1.314s] -- Up-to-date: /home/dongwon_serer/ros_ws/install/my_robot_interfaces/share/my_robot_interfaces/cmake/my_robot_interfacesConfig-version.cmake
[1.314s] -- Up-to-date: /home/dongwon_serer/ros_ws/install/my_robot_interfaces/share/my_robot_interfaces/package.xml
[1.317s] Invoked command in '/home/dongwon_serer/ros_ws/build/my_robot_interfaces' returned '0': CMAKE_PREFIX_PATH=${CMAKE_PREFIX_PATH}:/home/dongwon_serer/ros_ws/install/my_py_pkg:/opt/ros/humble /usr/bin/cmake --install /home/dongwon_serer/ros_ws/build/my_robot_interfaces
