[0.475s] Invoking command in '/home/dongwon_serer/ros_ws/my_py_pkg': PYTHONPATH=/home/dongwon_serer/ros_ws/build/my_py_pkg/prefix_override:/usr/lib/python3/dist-packages/colcon_core/task/python/colcon_distutils_commands:/home/dongwon_serer/ros_ws/install/my_py_pkg/lib/python3.10/site-packages:${PYTHONPATH} /usr/bin/python3 -W ignore:setup.py install is deprecated -W ignore:easy_install command is deprecated setup.py egg_info --egg-base ../build/my_py_pkg build --build-base /home/dongwon_serer/ros_ws/build/my_py_pkg/build install --record /home/dongwon_serer/ros_ws/build/my_py_pkg/install.log --single-version-externally-managed install_data
[0.609s] running egg_info
[0.609s] writing ../build/my_py_pkg/my_py_pkg.egg-info/PKG-INFO
[0.610s] writing dependency_links to ../build/my_py_pkg/my_py_pkg.egg-info/dependency_links.txt
[0.610s] writing entry points to ../build/my_py_pkg/my_py_pkg.egg-info/entry_points.txt
[0.610s] writing requirements to ../build/my_py_pkg/my_py_pkg.egg-info/requires.txt
[0.610s] writing top-level names to ../build/my_py_pkg/my_py_pkg.egg-info/top_level.txt
[0.611s] reading manifest file '../build/my_py_pkg/my_py_pkg.egg-info/SOURCES.txt'
[0.612s] writing manifest file '../build/my_py_pkg/my_py_pkg.egg-info/SOURCES.txt'
[0.612s] running build
[0.613s] running build_py
[0.613s] copying my_py_pkg/add_two_ints_server.py -> /home/dongwon_serer/ros_ws/build/my_py_pkg/build/lib/my_py_pkg
[0.613s] running install
[0.614s] running install_lib
[0.614s] copying /home/dongwon_serer/ros_ws/build/my_py_pkg/build/lib/my_py_pkg/add_two_ints_server.py -> /home/dongwon_serer/ros_ws/install/my_py_pkg/lib/python3.10/site-packages/my_py_pkg
[0.615s] byte-compiling /home/dongwon_serer/ros_ws/install/my_py_pkg/lib/python3.10/site-packages/my_py_pkg/add_two_ints_server.py to add_two_ints_server.cpython-310.pyc
[0.616s] running install_data
[0.616s] running install_egg_info
[0.617s] removing '/home/dongwon_serer/ros_ws/install/my_py_pkg/lib/python3.10/site-packages/my_py_pkg-0.0.0-py3.10.egg-info' (and everything under it)
[0.617s] Copying ../build/my_py_pkg/my_py_pkg.egg-info to /home/dongwon_serer/ros_ws/install/my_py_pkg/lib/python3.10/site-packages/my_py_pkg-0.0.0-py3.10.egg-info
[0.618s] running install_scripts
[0.631s] Installing add_two_ints_server script to /home/dongwon_serer/ros_ws/install/my_py_pkg/lib/my_py_pkg
[0.631s] Installing number_counter script to /home/dongwon_serer/ros_ws/install/my_py_pkg/lib/my_py_pkg
[0.632s] Installing number_publisher script to /home/dongwon_serer/ros_ws/install/my_py_pkg/lib/my_py_pkg
[0.632s] Installing robot_news_station script to /home/dongwon_serer/ros_ws/install/my_py_pkg/lib/my_py_pkg
[0.632s] Installing smartphone script to /home/dongwon_serer/ros_ws/install/my_py_pkg/lib/my_py_pkg
[0.632s] writing list of installed files to '/home/dongwon_serer/ros_ws/build/my_py_pkg/install.log'
[0.646s] Invoked command in '/home/dongwon_serer/ros_ws/my_py_pkg' returned '0': PYTHONPATH=/home/dongwon_serer/ros_ws/build/my_py_pkg/prefix_override:/usr/lib/python3/dist-packages/colcon_core/task/python/colcon_distutils_commands:/home/dongwon_serer/ros_ws/install/my_py_pkg/lib/python3.10/site-packages:${PYTHONPATH} /usr/bin/python3 -W ignore:setup.py install is deprecated -W ignore:easy_install command is deprecated setup.py egg_info --egg-base ../build/my_py_pkg build --build-base /home/dongwon_serer/ros_ws/build/my_py_pkg/build install --record /home/dongwon_serer/ros_ws/build/my_py_pkg/install.log --single-version-externally-managed install_data
