[0.331s] Invoking command in '/home/sloth/ros2_clean_ws/build/my_py_pkg': PYTHONPATH=/home/sloth/ros2_clean_ws/build/my_py_pkg/prefix_override:/usr/lib/python3/dist-packages/colcon_core/task/python/colcon_distutils_commands:/home/sloth/ros2_clean_ws/install/my_py_pkg/lib/python3.10/site-packages:${PYTHONPATH} /usr/bin/python3 -W ignore:setup.py install is deprecated -W ignore:easy_install command is deprecated setup.py develop --editable --build-directory /home/sloth/ros2_clean_ws/build/my_py_pkg/build --no-deps symlink_data
[0.462s] running develop
[0.532s] running egg_info
[0.532s] writing my_py_pkg.egg-info/PKG-INFO
[0.533s] writing dependency_links to my_py_pkg.egg-info/dependency_links.txt
[0.533s] writing entry points to my_py_pkg.egg-info/entry_points.txt
[0.533s] writing requirements to my_py_pkg.egg-info/requires.txt
[0.533s] writing top-level names to my_py_pkg.egg-info/top_level.txt
[0.534s] reading manifest file 'my_py_pkg.egg-info/SOURCES.txt'
[0.534s] writing manifest file 'my_py_pkg.egg-info/SOURCES.txt'
[0.535s] running build_ext
[0.535s] Creating /home/sloth/ros2_clean_ws/install/my_py_pkg/lib/python3.10/site-packages/my-py-pkg.egg-link (link to .)
[0.536s] Installing number_counter script to /home/sloth/ros2_clean_ws/install/my_py_pkg/lib/my_py_pkg
[0.536s] Installing number_publisher script to /home/sloth/ros2_clean_ws/install/my_py_pkg/lib/my_py_pkg
[0.536s] Installing robot_news_station script to /home/sloth/ros2_clean_ws/install/my_py_pkg/lib/my_py_pkg
[0.536s] Installing smartphone script to /home/sloth/ros2_clean_ws/install/my_py_pkg/lib/my_py_pkg
[0.536s] 
[0.536s] Installed /home/sloth/ros2_clean_ws/build/my_py_pkg
[0.536s] running symlink_data
[0.550s] Invoked command in '/home/sloth/ros2_clean_ws/build/my_py_pkg' returned '0': PYTHONPATH=/home/sloth/ros2_clean_ws/build/my_py_pkg/prefix_override:/usr/lib/python3/dist-packages/colcon_core/task/python/colcon_distutils_commands:/home/sloth/ros2_clean_ws/install/my_py_pkg/lib/python3.10/site-packages:${PYTHONPATH} /usr/bin/python3 -W ignore:setup.py install is deprecated -W ignore:easy_install command is deprecated setup.py develop --editable --build-directory /home/sloth/ros2_clean_ws/build/my_py_pkg/build --no-deps symlink_data
