[0.009s] Invoking command in '/home/dongwon_serer/ros_ws/build/cpp_prac_pkg': CMAKE_PREFIX_PATH=${CMAKE_PREFIX_PATH}:/home/dongwon_serer/ros_ws/install/my_py_pkg:/opt/ros/humble /usr/bin/cmake --build /home/dongwon_serer/ros_ws/build/cpp_prac_pkg -- -j8 -l8
[0.060s] [ 50%] Built target number_publisher
[0.060s] [ 75%] [32mBuilding CXX object CMakeFiles/number_counter.dir/src/number_counter.cpp.o[0m
[7.533s] [100%] [32m[1mLinking CXX executable number_counter[0m
[7.934s] [100%] Built target number_counter
[7.946s] Invoked command in '/home/dongwon_serer/ros_ws/build/cpp_prac_pkg' returned '0': CMAKE_PREFIX_PATH=${CMAKE_PREFIX_PATH}:/home/dongwon_serer/ros_ws/install/my_py_pkg:/opt/ros/humble /usr/bin/cmake --build /home/dongwon_serer/ros_ws/build/cpp_prac_pkg -- -j8 -l8
[7.958s] Invoking command in '/home/dongwon_serer/ros_ws/build/cpp_prac_pkg': CMAKE_PREFIX_PATH=${CMAKE_PREFIX_PATH}:/home/dongwon_serer/ros_ws/install/my_py_pkg:/opt/ros/humble /usr/bin/cmake --install /home/dongwon_serer/ros_ws/build/cpp_prac_pkg
[7.965s] -- Install configuration: ""
[7.966s] -- Execute custom install script
[7.967s] -- Up-to-date symlink: /home/dongwon_serer/ros_ws/install/cpp_prac_pkg/lib/cpp_prac_pkg/number_publisher
[7.967s] -- Up-to-date symlink: /home/dongwon_serer/ros_ws/install/cpp_prac_pkg/lib/cpp_prac_pkg/number_counter
[7.967s] -- Up-to-date symlink: /home/dongwon_serer/ros_ws/install/cpp_prac_pkg/share/ament_index/resource_index/package_run_dependencies/cpp_prac_pkg
[7.967s] -- Up-to-date symlink: /home/dongwon_serer/ros_ws/install/cpp_prac_pkg/share/ament_index/resource_index/parent_prefix_path/cpp_prac_pkg
[7.967s] -- Up-to-date symlink: /home/dongwon_serer/ros_ws/install/cpp_prac_pkg/share/cpp_prac_pkg/environment/ament_prefix_path.sh
[7.967s] -- Up-to-date symlink: /home/dongwon_serer/ros_ws/install/cpp_prac_pkg/share/cpp_prac_pkg/environment/ament_prefix_path.dsv
[7.968s] -- Up-to-date symlink: /home/dongwon_serer/ros_ws/install/cpp_prac_pkg/share/cpp_prac_pkg/environment/path.sh
[7.968s] -- Up-to-date symlink: /home/dongwon_serer/ros_ws/install/cpp_prac_pkg/share/cpp_prac_pkg/environment/path.dsv
[7.968s] -- Up-to-date symlink: /home/dongwon_serer/ros_ws/install/cpp_prac_pkg/share/cpp_prac_pkg/local_setup.bash
[7.968s] -- Up-to-date symlink: /home/dongwon_serer/ros_ws/install/cpp_prac_pkg/share/cpp_prac_pkg/local_setup.sh
[7.968s] -- Up-to-date symlink: /home/dongwon_serer/ros_ws/install/cpp_prac_pkg/share/cpp_prac_pkg/local_setup.zsh
[7.968s] -- Up-to-date symlink: /home/dongwon_serer/ros_ws/install/cpp_prac_pkg/share/cpp_prac_pkg/local_setup.dsv
[7.968s] -- Symlinking: /home/dongwon_serer/ros_ws/install/cpp_prac_pkg/share/cpp_prac_pkg/package.dsv
[7.979s] -- Up-to-date symlink: /home/dongwon_serer/ros_ws/install/cpp_prac_pkg/share/ament_index/resource_index/packages/cpp_prac_pkg
[7.979s] -- Up-to-date symlink: /home/dongwon_serer/ros_ws/install/cpp_prac_pkg/share/cpp_prac_pkg/cmake/cpp_prac_pkgConfig.cmake
[7.979s] -- Up-to-date symlink: /home/dongwon_serer/ros_ws/install/cpp_prac_pkg/share/cpp_prac_pkg/cmake/cpp_prac_pkgConfig-version.cmake
[7.979s] -- Up-to-date symlink: /home/dongwon_serer/ros_ws/install/cpp_prac_pkg/share/cpp_prac_pkg/package.xml
[7.981s] Invoked command in '/home/dongwon_serer/ros_ws/build/cpp_prac_pkg' returned '0': CMAKE_PREFIX_PATH=${CMAKE_PREFIX_PATH}:/home/dongwon_serer/ros_ws/install/my_py_pkg:/opt/ros/humble /usr/bin/cmake --install /home/dongwon_serer/ros_ws/build/cpp_prac_pkg
