[0.026s] Invoking command in '/home/dongwon_serer/ros_ws/build/cpp_prac_pkg': CMAKE_PREFIX_PATH=${CMAKE_PREFIX_PATH}:/home/dongwon_serer/ros_ws/install/my_py_pkg:/opt/ros/humble /usr/bin/cmake /home/dongwon_serer/ros_ws/src/cpp_prac_pkg -DCMAKE_EXPORT_COMPILE_COMMANDS=ON -DCMAKE_INSTALL_PREFIX=/home/dongwon_serer/ros_ws/install/cpp_prac_pkg
[0.065s] -- Found ament_cmake: 1.3.12 (/opt/ros/humble/share/ament_cmake/cmake)
[0.172s] -- Override CMake install command with custom implementation using symlinks instead of copying resources
[0.189s] -- Found rclcpp: 16.0.14 (/opt/ros/humble/share/rclcpp/cmake)
[0.262s] -- Found rosidl_generator_c: 3.1.7 (/opt/ros/humble/share/rosidl_generator_c/cmake)
[0.265s] -- Found rosidl_adapter: 3.1.7 (/opt/ros/humble/share/rosidl_adapter/cmake)
[0.273s] -- Found rosidl_generator_cpp: 3.1.7 (/opt/ros/humble/share/rosidl_generator_cpp/cmake)
[0.286s] -- Using all available rosidl_typesupport_c: rosidl_typesupport_fastrtps_c;rosidl_typesupport_introspection_c
[0.300s] -- Using all available rosidl_typesupport_cpp: rosidl_typesupport_fastrtps_cpp;rosidl_typesupport_introspection_cpp
[0.343s] -- Found rmw_implementation_cmake: 6.1.2 (/opt/ros/humble/share/rmw_implementation_cmake/cmake)
[0.347s] -- Found rmw_fastrtps_cpp: 6.2.8 (/opt/ros/humble/share/rmw_fastrtps_cpp/cmake)
[1.203s] -- Using RMW implementation 'rmw_fastrtps_cpp' as default
[1.258s] -- Found example_interfaces: 0.9.3 (/opt/ros/humble/share/example_interfaces/cmake)
[1.356s] -- Configuring done
[1.373s] -- Generating done
[1.377s] -- Build files have been written to: /home/dongwon_serer/ros_ws/build/cpp_prac_pkg
[1.543s] Invoked command in '/home/dongwon_serer/ros_ws/build/cpp_prac_pkg' returned '0': CMAKE_PREFIX_PATH=${CMAKE_PREFIX_PATH}:/home/dongwon_serer/ros_ws/install/my_py_pkg:/opt/ros/humble /usr/bin/cmake /home/dongwon_serer/ros_ws/src/cpp_prac_pkg -DCMAKE_EXPORT_COMPILE_COMMANDS=ON -DCMAKE_INSTALL_PREFIX=/home/dongwon_serer/ros_ws/install/cpp_prac_pkg
[1.544s] Invoking command in '/home/dongwon_serer/ros_ws/build/cpp_prac_pkg': CMAKE_PREFIX_PATH=${CMAKE_PREFIX_PATH}:/home/dongwon_serer/ros_ws/install/my_py_pkg:/opt/ros/humble /usr/bin/cmake --build /home/dongwon_serer/ros_ws/build/cpp_prac_pkg -- -j8 -l8
[1.581s] [35m[1mConsolidate compiler generated dependencies of target number_publisher[0m
[1.581s] [35m[1mConsolidate compiler generated dependencies of target number_counter[0m
[1.621s] [100%] Built target number_counter
[1.621s] [100%] Built target number_publisher
