[0.008s] Invoking command in '/home/dongwon_serer/ros_ws/build/my_cpp_pkg': CMAKE_PREFIX_PATH=${CMAKE_PREFIX_PATH}:/home/dongwon_serer/ros_ws/install/my_py_pkg:/opt/ros/humble /usr/bin/cmake --build /home/dongwon_serer/ros_ws/build/my_cpp_pkg -- -j8 -l8
[0.041s] [35m[1mConsolidate compiler generated dependencies of target add_two_ints_client[0m
[0.052s] [ 50%] Built target my_node
[0.052s] [ 62%] Built target add_two_ints_server
[0.052s] [ 75%] Built target add_two_ints_client_no_oop
[0.055s] [ 87%] [32mBuilding CXX object CMakeFiles/add_two_ints_client.dir/src/add_two_ints_client.cpp.o[0m
[1.842s] [01m[K/home/dongwon_serer/ros_ws/src/my_cpp_pkg/src/add_two_ints_client.cpp:[m[K In member function ‘[01m[Kvoid AddTwoIntsClientNode::callAddTwoInts(int, int)[m[K’:
[1.842s] [01m[K/home/dongwon_serer/ros_ws/src/my_cpp_pkg/src/add_two_ints_client.cpp:25:5:[m[K [01;31m[Kerror: [m[Kexpected ‘[01m[K;[m[K’ before ‘[01m[K}[m[K’ token
[1.842s]    25 |     [01;31m[K}[m[K
[1.842s]       |     [01;31m[K^[m[K
[1.846s] In file included from [01m[K/opt/ros/humble/include/rclcpp/rclcpp/logging.hpp:24[m[K,
[1.847s]                  from [01m[K/opt/ros/humble/include/rclcpp/rclcpp/client.hpp:40[m[K,
[1.847s]                  from [01m[K/opt/ros/humble/include/rclcpp/rclcpp/callback_group.hpp:24[m[K,
[1.847s]                  from [01m[K/opt/ros/humble/include/rclcpp/rclcpp/any_executable.hpp:20[m[K,
[1.847s]                  from [01m[K/opt/ros/humble/include/rclcpp/rclcpp/memory_strategy.hpp:25[m[K,
[1.847s]                  from [01m[K/opt/ros/humble/include/rclcpp/rclcpp/memory_strategies.hpp:18[m[K,
[1.847s]                  from [01m[K/opt/ros/humble/include/rclcpp/rclcpp/executor_options.hpp:20[m[K,
[1.847s]                  from [01m[K/opt/ros/humble/include/rclcpp/rclcpp/executor.hpp:37[m[K,
[1.847s]                  from [01m[K/opt/ros/humble/include/rclcpp/rclcpp/executors/multi_threaded_executor.hpp:25[m[K,
[1.847s]                  from [01m[K/opt/ros/humble/include/rclcpp/rclcpp/executors.hpp:21[m[K,
[1.847s]                  from [01m[K/opt/ros/humble/include/rclcpp/rclcpp/rclcpp.hpp:155[m[K,
[1.847s]                  from [01m[K/home/dongwon_serer/ros_ws/src/my_cpp_pkg/src/add_two_ints_client.cpp:1[m[K:
[1.847s] [01m[K/home/dongwon_serer/ros_ws/src/my_cpp_pkg/src/add_two_ints_client.cpp:[m[K In member function ‘[01m[Kvoid AddTwoIntsClientNode::callbackCallAddTwoInts(rclcpp::Client<example_interfaces::srv::AddTwoInts>::SharedFuture)[m[K’:
[1.847s] [01m[K/home/dongwon_serer/ros_ws/src/my_cpp_pkg/src/add_two_ints_client.cpp:30:60:[m[K [01;31m[Kerror: [m[K‘[01m[Krequest[m[K’ was not declared in this scope
[1.847s]    30 |         RCLCPP_INFO(this->get_logger(), "%ld + %ld = %ld", [01;31m[Krequest[m[K->a, request->b, response->sum);
[1.847s]       |                                                            [01;31m[K^~~~~~~[m[K
[2.314s] gmake[2]: *** [CMakeFiles/add_two_ints_client.dir/build.make:76: CMakeFiles/add_two_ints_client.dir/src/add_two_ints_client.cpp.o] Error 1
[2.314s] gmake[1]: *** [CMakeFiles/Makefile2:221: CMakeFiles/add_two_ints_client.dir/all] Error 2
[2.314s] gmake: *** [Makefile:146: all] Error 2
[2.317s] Invoked command in '/home/dongwon_serer/ros_ws/build/my_cpp_pkg' returned '2': CMAKE_PREFIX_PATH=${CMAKE_PREFIX_PATH}:/home/dongwon_serer/ros_ws/install/my_py_pkg:/opt/ros/humble /usr/bin/cmake --build /home/dongwon_serer/ros_ws/build/my_cpp_pkg -- -j8 -l8
