[0.015s] Invoking command in '/home/dongwon_serer/ros_ws/src/build/my_robot_interfaces': CMAKE_PREFIX_PATH=${CMAKE_PREFIX_PATH}:/home/dongwon_serer/ros_ws/install/my_py_pkg:/opt/ros/humble /usr/bin/cmake /home/dongwon_serer/ros_ws/src/my_robot_interfaces -DCMAKE_INSTALL_PREFIX=/home/dongwon_serer/ros_ws/src/install/my_robot_interfaces
[0.201s] -- The C compiler identification is GNU 11.4.0
[0.445s] -- The CXX compiler identification is GNU 11.4.0
[0.576s] -- Detecting C compiler ABI info
[0.676s] -- Detecting C compiler ABI info - done
[0.681s] -- Check for working C compiler: /usr/bin/cc - skipped
[0.682s] -- Detecting C compile features
[0.682s] -- Detecting C compile features - done
[0.685s] -- Detecting CXX compiler ABI info
[0.787s] -- Detecting CXX compiler ABI info - done
[0.792s] -- Check for working CXX compiler: /usr/bin/c++ - skipped
[0.792s] -- Detecting CXX compile features
[0.792s] -- Detecting CXX compile features - done
[0.808s] -- Found ament_cmake: 1.3.12 (/opt/ros/humble/share/ament_cmake/cmake)
[0.928s] -- Found Python3: /usr/bin/python3 (found version "3.10.12") found components: Interpreter 
[1.019s] -- Found rosidl_default_generators: 1.2.0 (/opt/ros/humble/share/rosidl_default_generators/cmake)
[1.024s] -- Using all available rosidl_typesupport_c: rosidl_typesupport_fastrtps_c;rosidl_typesupport_introspection_c
[1.033s] -- Found rosidl_adapter: 3.1.7 (/opt/ros/humble/share/rosidl_adapter/cmake)
[1.134s] -- Using all available rosidl_typesupport_cpp: rosidl_typesupport_fastrtps_cpp;rosidl_typesupport_introspection_cpp
[1.358s] -- Found ament_cmake_ros: 0.10.0 (/opt/ros/humble/share/ament_cmake_ros/cmake)
[1.508s] -- Using all available rosidl_typesupport_c: rosidl_typesupport_fastrtps_c;rosidl_typesupport_introspection_c
[1.692s] -- Using all available rosidl_typesupport_cpp: rosidl_typesupport_fastrtps_cpp;rosidl_typesupport_introspection_cpp
[1.750s] -- Found PythonInterp: /usr/bin/python3 (found suitable version "3.10.12", minimum required is "3.6") 
[1.753s] -- Found python_cmake_module: 0.10.0 (/opt/ros/humble/share/python_cmake_module/cmake)
[1.912s] -- Found PythonLibs: /usr/lib/x86_64-linux-gnu/libpython3.10.so (found suitable version "3.10.12", minimum required is "3.5") 
[1.913s] -- Using PYTHON_EXECUTABLE: /usr/bin/python3
[1.913s] -- Using PYTHON_INCLUDE_DIRS: /usr/include/python3.10
[1.913s] -- Using PYTHON_LIBRARIES: /usr/lib/x86_64-linux-gnu/libpython3.10.so
[1.929s] -- Found PythonExtra: .so  
[1.984s] -- Configuring done
[2.033s] -- Generating done
[2.041s] -- Build files have been written to: /home/dongwon_serer/ros_ws/src/build/my_robot_interfaces
[2.049s] Invoked command in '/home/dongwon_serer/ros_ws/src/build/my_robot_interfaces' returned '0': CMAKE_PREFIX_PATH=${CMAKE_PREFIX_PATH}:/home/dongwon_serer/ros_ws/install/my_py_pkg:/opt/ros/humble /usr/bin/cmake /home/dongwon_serer/ros_ws/src/my_robot_interfaces -DCMAKE_INSTALL_PREFIX=/home/dongwon_serer/ros_ws/src/install/my_robot_interfaces
[2.051s] Invoking command in '/home/dongwon_serer/ros_ws/src/build/my_robot_interfaces': CMAKE_PREFIX_PATH=${CMAKE_PREFIX_PATH}:/home/dongwon_serer/ros_ws/install/my_py_pkg:/opt/ros/humble /usr/bin/cmake --build /home/dongwon_serer/ros_ws/src/build/my_robot_interfaces -- -j8 -l8
[2.085s] [  3%] [34m[1mGenerating C code for ROS interfaces[0m
[2.093s] [  6%] [34m[1mGenerating C++ code for ROS interfaces[0m
[2.101s] [  6%] Built target ament_cmake_python_copy_my_robot_interfaces
[2.265s] [  6%] Built target my_robot_interfaces__cpp
[2.273s] [  9%] [34m[1mGenerating C++ type support for eProsima Fast-RTPS[0m
[2.273s] [ 12%] [34m[1mGenerating C++ type support dispatch for ROS interfaces[0m
[2.273s] [ 16%] [34m[1mGenerating C++ introspection for ROS interfaces[0m
[2.280s] [ 19%] [32mBuilding C object CMakeFiles/my_robot_interfaces__rosidl_generator_c.dir/rosidl_generator_c/my_robot_interfaces/msg/detail/hardware_status__functions.c.o[0m
[2.281s] running egg_info
[2.282s] creating my_robot_interfaces.egg-info
[2.282s] writing my_robot_interfaces.egg-info/PKG-INFO
[2.282s] writing dependency_links to my_robot_interfaces.egg-info/dependency_links.txt
[2.282s] writing top-level names to my_robot_interfaces.egg-info/top_level.txt
[2.283s] writing manifest file 'my_robot_interfaces.egg-info/SOURCES.txt'
[2.285s] reading manifest file 'my_robot_interfaces.egg-info/SOURCES.txt'
[2.285s] writing manifest file 'my_robot_interfaces.egg-info/SOURCES.txt'
[2.308s] [ 19%] Built target ament_cmake_python_build_my_robot_interfaces_egg
[2.341s] [ 22%] [32m[1mLinking C shared library libmy_robot_interfaces__rosidl_generator_c.so[0m
[2.408s] [ 22%] Built target my_robot_interfaces__rosidl_generator_c
[2.418s] [ 29%] [34m[1mGenerating C type support dispatch for ROS interfaces[0m
[2.418s] [ 29%] [34m[1mGenerating C introspection for ROS interfaces[0m
[2.419s] [ 32%] [34m[1mGenerating C type support for eProsima Fast-RTPS[0m
[2.423s] [ 35%] [32mBuilding CXX object CMakeFiles/my_robot_interfaces__rosidl_typesupport_cpp.dir/rosidl_typesupport_cpp/my_robot_interfaces/msg/hardware_status__type_support.cpp.o[0m
[2.439s] [ 38%] [32mBuilding CXX object CMakeFiles/my_robot_interfaces__rosidl_typesupport_introspection_cpp.dir/rosidl_typesupport_introspection_cpp/my_robot_interfaces/msg/detail/hardware_status__type_support.cpp.o[0m
[2.443s] [ 41%] [32mBuilding CXX object CMakeFiles/my_robot_interfaces__rosidl_typesupport_fastrtps_cpp.dir/rosidl_typesupport_fastrtps_cpp/my_robot_interfaces/msg/detail/dds_fastrtps/hardware_status__type_support.cpp.o[0m
[2.589s] [ 45%] [32mBuilding CXX object CMakeFiles/my_robot_interfaces__rosidl_typesupport_c.dir/rosidl_typesupport_c/my_robot_interfaces/msg/hardware_status__type_support.cpp.o[0m
[2.595s] [ 48%] [32mBuilding CXX object CMakeFiles/my_robot_interfaces__rosidl_typesupport_fastrtps_c.dir/rosidl_typesupport_fastrtps_c/my_robot_interfaces/msg/detail/hardware_status__type_support_c.cpp.o[0m
[2.598s] [ 51%] [32mBuilding C object CMakeFiles/my_robot_interfaces__rosidl_typesupport_introspection_c.dir/rosidl_typesupport_introspection_c/my_robot_interfaces/msg/detail/hardware_status__type_support.c.o[0m
[2.620s] [ 54%] [32m[1mLinking CXX shared library libmy_robot_interfaces__rosidl_typesupport_c.so[0m
[2.633s] [ 58%] [32m[1mLinking C shared library libmy_robot_interfaces__rosidl_typesupport_introspection_c.so[0m
[2.675s] [ 61%] [32m[1mLinking CXX shared library libmy_robot_interfaces__rosidl_typesupport_cpp.so[0m
[2.684s] [ 61%] Built target my_robot_interfaces__rosidl_typesupport_c
[2.692s] [ 61%] Built target my_robot_interfaces__rosidl_typesupport_introspection_c
[2.746s] [ 61%] Built target my_robot_interfaces__rosidl_typesupport_cpp
[2.767s] [ 64%] [32m[1mLinking CXX shared library libmy_robot_interfaces__rosidl_typesupport_fastrtps_cpp.so[0m
[2.775s] [ 67%] [32m[1mLinking CXX shared library libmy_robot_interfaces__rosidl_typesupport_introspection_cpp.so[0m
[2.858s] [ 70%] [32m[1mLinking CXX shared library libmy_robot_interfaces__rosidl_typesupport_fastrtps_c.so[0m
[2.862s] [ 70%] Built target my_robot_interfaces__rosidl_typesupport_fastrtps_cpp
[2.865s] [ 70%] Built target my_robot_interfaces__rosidl_typesupport_introspection_cpp
[2.946s] [ 70%] Built target my_robot_interfaces__rosidl_typesupport_fastrtps_c
[2.962s] [ 70%] Built target my_robot_interfaces
[2.979s] [ 74%] [34m[1mGenerating Python code for ROS interfaces[0m
[3.173s] [ 74%] Built target my_robot_interfaces__py
[3.189s] [ 77%] [32mBuilding C object CMakeFiles/my_robot_interfaces__rosidl_generator_py.dir/rosidl_generator_py/my_robot_interfaces/msg/_hardware_status_s.c.o[0m
[3.298s] [ 80%] [32m[1mLinking C shared library rosidl_generator_py/my_robot_interfaces/libmy_robot_interfaces__rosidl_generator_py.so[0m
[3.362s] [ 80%] Built target my_robot_interfaces__rosidl_generator_py
[3.380s] [ 87%] [32mBuilding C object CMakeFiles/my_robot_interfaces__rosidl_typesupport_fastrtps_c__pyext.dir/rosidl_generator_py/my_robot_interfaces/_my_robot_interfaces_s.ep.rosidl_typesupport_fastrtps_c.c.o[0m
[3.380s] [ 90%] [32mBuilding C object CMakeFiles/my_robot_interfaces__rosidl_typesupport_introspection_c__pyext.dir/rosidl_generator_py/my_robot_interfaces/_my_robot_interfaces_s.ep.rosidl_typesupport_introspection_c.c.o[0m
[3.380s] [ 90%] [32mBuilding C object CMakeFiles/my_robot_interfaces__rosidl_typesupport_c__pyext.dir/rosidl_generator_py/my_robot_interfaces/_my_robot_interfaces_s.ep.rosidl_typesupport_c.c.o[0m
[3.453s] [ 96%] [32m[1mLinking C shared library rosidl_generator_py/my_robot_interfaces/my_robot_interfaces_s__rosidl_typesupport_introspection_c.cpython-310-x86_64-linux-gnu.so[0m
[3.453s] [ 96%] [32m[1mLinking C shared library rosidl_generator_py/my_robot_interfaces/my_robot_interfaces_s__rosidl_typesupport_c.cpython-310-x86_64-linux-gnu.so[0m
[3.459s] [100%] [32m[1mLinking C shared library rosidl_generator_py/my_robot_interfaces/my_robot_interfaces_s__rosidl_typesupport_fastrtps_c.cpython-310-x86_64-linux-gnu.so[0m
[3.497s] [100%] Built target my_robot_interfaces__rosidl_typesupport_c__pyext
[3.500s] [100%] Built target my_robot_interfaces__rosidl_typesupport_introspection_c__pyext
[3.513s] [100%] Built target my_robot_interfaces__rosidl_typesupport_fastrtps_c__pyext
[3.524s] Invoked command in '/home/dongwon_serer/ros_ws/src/build/my_robot_interfaces' returned '0': CMAKE_PREFIX_PATH=${CMAKE_PREFIX_PATH}:/home/dongwon_serer/ros_ws/install/my_py_pkg:/opt/ros/humble /usr/bin/cmake --build /home/dongwon_serer/ros_ws/src/build/my_robot_interfaces -- -j8 -l8
[3.533s] Invoking command in '/home/dongwon_serer/ros_ws/src/build/my_robot_interfaces': CMAKE_PREFIX_PATH=${CMAKE_PREFIX_PATH}:/home/dongwon_serer/ros_ws/install/my_py_pkg:/opt/ros/humble /usr/bin/cmake --install /home/dongwon_serer/ros_ws/src/build/my_robot_interfaces
[3.539s] -- Install configuration: ""
[3.541s] -- Installing: /home/dongwon_serer/ros_ws/src/install/my_robot_interfaces/share/ament_index/resource_index/rosidl_interfaces/my_robot_interfaces
[3.541s] -- Installing: /home/dongwon_serer/ros_ws/src/install/my_robot_interfaces/include/my_robot_interfaces/my_robot_interfaces
[3.542s] -- Installing: /home/dongwon_serer/ros_ws/src/install/my_robot_interfaces/include/my_robot_interfaces/my_robot_interfaces/msg
[3.543s] -- Installing: /home/dongwon_serer/ros_ws/src/install/my_robot_interfaces/include/my_robot_interfaces/my_robot_interfaces/msg/hardware_status.h
[3.543s] -- Installing: /home/dongwon_serer/ros_ws/src/install/my_robot_interfaces/include/my_robot_interfaces/my_robot_interfaces/msg/detail
[3.543s] -- Installing: /home/dongwon_serer/ros_ws/src/install/my_robot_interfaces/include/my_robot_interfaces/my_robot_interfaces/msg/detail/hardware_status__functions.h
[3.543s] -- Installing: /home/dongwon_serer/ros_ws/src/install/my_robot_interfaces/include/my_robot_interfaces/my_robot_interfaces/msg/detail/hardware_status__type_support.h
[3.543s] -- Installing: /home/dongwon_serer/ros_ws/src/install/my_robot_interfaces/include/my_robot_interfaces/my_robot_interfaces/msg/detail/hardware_status__struct.h
[3.544s] -- Installing: /home/dongwon_serer/ros_ws/src/install/my_robot_interfaces/include/my_robot_interfaces/my_robot_interfaces/msg/detail/hardware_status__functions.c
[3.544s] -- Installing: /home/dongwon_serer/ros_ws/src/install/my_robot_interfaces/include/my_robot_interfaces/my_robot_interfaces/msg/rosidl_generator_c__visibility_control.h
[3.545s] -- Installing: /home/dongwon_serer/ros_ws/src/install/my_robot_interfaces/share/my_robot_interfaces/environment/library_path.sh
[3.545s] -- Installing: /home/dongwon_serer/ros_ws/src/install/my_robot_interfaces/share/my_robot_interfaces/environment/library_path.dsv
[3.545s] -- Installing: /home/dongwon_serer/ros_ws/src/install/my_robot_interfaces/lib/libmy_robot_interfaces__rosidl_generator_c.so
[3.546s] -- Set runtime path of "/home/dongwon_serer/ros_ws/src/install/my_robot_interfaces/lib/libmy_robot_interfaces__rosidl_generator_c.so" to ""
[3.546s] -- Up-to-date: /home/dongwon_serer/ros_ws/src/install/my_robot_interfaces/include/my_robot_interfaces/my_robot_interfaces
[3.546s] -- Up-to-date: /home/dongwon_serer/ros_ws/src/install/my_robot_interfaces/include/my_robot_interfaces/my_robot_interfaces/msg
[3.546s] -- Installing: /home/dongwon_serer/ros_ws/src/install/my_robot_interfaces/include/my_robot_interfaces/my_robot_interfaces/msg/rosidl_typesupport_fastrtps_c__visibility_control.h
[3.546s] -- Up-to-date: /home/dongwon_serer/ros_ws/src/install/my_robot_interfaces/include/my_robot_interfaces/my_robot_interfaces/msg/detail
[3.546s] -- Installing: /home/dongwon_serer/ros_ws/src/install/my_robot_interfaces/include/my_robot_interfaces/my_robot_interfaces/msg/detail/hardware_status__rosidl_typesupport_fastrtps_c.h
[3.546s] -- Installing: /home/dongwon_serer/ros_ws/src/install/my_robot_interfaces/lib/libmy_robot_interfaces__rosidl_typesupport_fastrtps_c.so
[3.547s] -- Set runtime path of "/home/dongwon_serer/ros_ws/src/install/my_robot_interfaces/lib/libmy_robot_interfaces__rosidl_typesupport_fastrtps_c.so" to ""
[3.547s] -- Up-to-date: /home/dongwon_serer/ros_ws/src/install/my_robot_interfaces/include/my_robot_interfaces/my_robot_interfaces
[3.547s] -- Up-to-date: /home/dongwon_serer/ros_ws/src/install/my_robot_interfaces/include/my_robot_interfaces/my_robot_interfaces/msg
[3.547s] -- Up-to-date: /home/dongwon_serer/ros_ws/src/install/my_robot_interfaces/include/my_robot_interfaces/my_robot_interfaces/msg/detail
[3.547s] -- Installing: /home/dongwon_serer/ros_ws/src/install/my_robot_interfaces/include/my_robot_interfaces/my_robot_interfaces/msg/detail/hardware_status__type_support.c
[3.547s] -- Installing: /home/dongwon_serer/ros_ws/src/install/my_robot_interfaces/include/my_robot_interfaces/my_robot_interfaces/msg/detail/hardware_status__rosidl_typesupport_introspection_c.h
[3.547s] -- Installing: /home/dongwon_serer/ros_ws/src/install/my_robot_interfaces/include/my_robot_interfaces/my_robot_interfaces/msg/rosidl_typesupport_introspection_c__visibility_control.h
[3.547s] -- Installing: /home/dongwon_serer/ros_ws/src/install/my_robot_interfaces/lib/libmy_robot_interfaces__rosidl_typesupport_introspection_c.so
[3.548s] -- Set runtime path of "/home/dongwon_serer/ros_ws/src/install/my_robot_interfaces/lib/libmy_robot_interfaces__rosidl_typesupport_introspection_c.so" to ""
[3.548s] -- Installing: /home/dongwon_serer/ros_ws/src/install/my_robot_interfaces/lib/libmy_robot_interfaces__rosidl_typesupport_c.so
[3.548s] -- Set runtime path of "/home/dongwon_serer/ros_ws/src/install/my_robot_interfaces/lib/libmy_robot_interfaces__rosidl_typesupport_c.so" to ""
[3.548s] -- Up-to-date: /home/dongwon_serer/ros_ws/src/install/my_robot_interfaces/include/my_robot_interfaces/my_robot_interfaces
[3.548s] -- Up-to-date: /home/dongwon_serer/ros_ws/src/install/my_robot_interfaces/include/my_robot_interfaces/my_robot_interfaces/msg
[3.548s] -- Up-to-date: /home/dongwon_serer/ros_ws/src/install/my_robot_interfaces/include/my_robot_interfaces/my_robot_interfaces/msg/detail
[3.548s] -- Installing: /home/dongwon_serer/ros_ws/src/install/my_robot_interfaces/include/my_robot_interfaces/my_robot_interfaces/msg/detail/hardware_status__struct.hpp
[3.548s] -- Installing: /home/dongwon_serer/ros_ws/src/install/my_robot_interfaces/include/my_robot_interfaces/my_robot_interfaces/msg/detail/hardware_status__type_support.hpp
[3.549s] -- Installing: /home/dongwon_serer/ros_ws/src/install/my_robot_interfaces/include/my_robot_interfaces/my_robot_interfaces/msg/detail/hardware_status__traits.hpp
[3.549s] -- Installing: /home/dongwon_serer/ros_ws/src/install/my_robot_interfaces/include/my_robot_interfaces/my_robot_interfaces/msg/detail/hardware_status__builder.hpp
[3.549s] -- Installing: /home/dongwon_serer/ros_ws/src/install/my_robot_interfaces/include/my_robot_interfaces/my_robot_interfaces/msg/rosidl_generator_cpp__visibility_control.hpp
[3.549s] -- Installing: /home/dongwon_serer/ros_ws/src/install/my_robot_interfaces/include/my_robot_interfaces/my_robot_interfaces/msg/hardware_status.hpp
[3.549s] -- Up-to-date: /home/dongwon_serer/ros_ws/src/install/my_robot_interfaces/include/my_robot_interfaces/my_robot_interfaces
[3.549s] -- Up-to-date: /home/dongwon_serer/ros_ws/src/install/my_robot_interfaces/include/my_robot_interfaces/my_robot_interfaces/msg
[3.549s] -- Installing: /home/dongwon_serer/ros_ws/src/install/my_robot_interfaces/include/my_robot_interfaces/my_robot_interfaces/msg/rosidl_typesupport_fastrtps_cpp__visibility_control.h
[3.549s] -- Up-to-date: /home/dongwon_serer/ros_ws/src/install/my_robot_interfaces/include/my_robot_interfaces/my_robot_interfaces/msg/detail
[3.550s] -- Installing: /home/dongwon_serer/ros_ws/src/install/my_robot_interfaces/include/my_robot_interfaces/my_robot_interfaces/msg/detail/hardware_status__rosidl_typesupport_fastrtps_cpp.hpp
[3.550s] -- Installing: /home/dongwon_serer/ros_ws/src/install/my_robot_interfaces/include/my_robot_interfaces/my_robot_interfaces/msg/detail/dds_fastrtps
[3.550s] -- Installing: /home/dongwon_serer/ros_ws/src/install/my_robot_interfaces/lib/libmy_robot_interfaces__rosidl_typesupport_fastrtps_cpp.so
[3.550s] -- Set runtime path of "/home/dongwon_serer/ros_ws/src/install/my_robot_interfaces/lib/libmy_robot_interfaces__rosidl_typesupport_fastrtps_cpp.so" to ""
[3.551s] -- Up-to-date: /home/dongwon_serer/ros_ws/src/install/my_robot_interfaces/include/my_robot_interfaces/my_robot_interfaces
[3.551s] -- Up-to-date: /home/dongwon_serer/ros_ws/src/install/my_robot_interfaces/include/my_robot_interfaces/my_robot_interfaces/msg
[3.551s] -- Up-to-date: /home/dongwon_serer/ros_ws/src/install/my_robot_interfaces/include/my_robot_interfaces/my_robot_interfaces/msg/detail
[3.551s] -- Installing: /home/dongwon_serer/ros_ws/src/install/my_robot_interfaces/include/my_robot_interfaces/my_robot_interfaces/msg/detail/hardware_status__type_support.cpp
[3.551s] -- Installing: /home/dongwon_serer/ros_ws/src/install/my_robot_interfaces/include/my_robot_interfaces/my_robot_interfaces/msg/detail/hardware_status__rosidl_typesupport_introspection_cpp.hpp
[3.551s] -- Installing: /home/dongwon_serer/ros_ws/src/install/my_robot_interfaces/lib/libmy_robot_interfaces__rosidl_typesupport_introspection_cpp.so
[3.551s] -- Set runtime path of "/home/dongwon_serer/ros_ws/src/install/my_robot_interfaces/lib/libmy_robot_interfaces__rosidl_typesupport_introspection_cpp.so" to ""
[3.551s] -- Installing: /home/dongwon_serer/ros_ws/src/install/my_robot_interfaces/lib/libmy_robot_interfaces__rosidl_typesupport_cpp.so
[3.552s] -- Set runtime path of "/home/dongwon_serer/ros_ws/src/install/my_robot_interfaces/lib/libmy_robot_interfaces__rosidl_typesupport_cpp.so" to ""
[3.552s] -- Installing: /home/dongwon_serer/ros_ws/src/install/my_robot_interfaces/share/my_robot_interfaces/environment/pythonpath.sh
[3.552s] -- Installing: /home/dongwon_serer/ros_ws/src/install/my_robot_interfaces/share/my_robot_interfaces/environment/pythonpath.dsv
[3.552s] -- Installing: /home/dongwon_serer/ros_ws/src/install/my_robot_interfaces/local/lib/python3.10/dist-packages/my_robot_interfaces-0.0.0-py3.10.egg-info
[3.554s] -- Installing: /home/dongwon_serer/ros_ws/src/install/my_robot_interfaces/local/lib/python3.10/dist-packages/my_robot_interfaces-0.0.0-py3.10.egg-info/PKG-INFO
[3.554s] -- Installing: /home/dongwon_serer/ros_ws/src/install/my_robot_interfaces/local/lib/python3.10/dist-packages/my_robot_interfaces-0.0.0-py3.10.egg-info/SOURCES.txt
[3.554s] -- Installing: /home/dongwon_serer/ros_ws/src/install/my_robot_interfaces/local/lib/python3.10/dist-packages/my_robot_interfaces-0.0.0-py3.10.egg-info/dependency_links.txt
[3.554s] -- Installing: /home/dongwon_serer/ros_ws/src/install/my_robot_interfaces/local/lib/python3.10/dist-packages/my_robot_interfaces-0.0.0-py3.10.egg-info/top_level.txt
[3.554s] -- Installing: /home/dongwon_serer/ros_ws/src/install/my_robot_interfaces/local/lib/python3.10/dist-packages/my_robot_interfaces
[3.555s] -- Installing: /home/dongwon_serer/ros_ws/src/install/my_robot_interfaces/local/lib/python3.10/dist-packages/my_robot_interfaces/_my_robot_interfaces_s.ep.rosidl_typesupport_fastrtps_c.c
[3.555s] -- Installing: /home/dongwon_serer/ros_ws/src/install/my_robot_interfaces/local/lib/python3.10/dist-packages/my_robot_interfaces/libmy_robot_interfaces__rosidl_generator_py.so
[3.555s] -- Installing: /home/dongwon_serer/ros_ws/src/install/my_robot_interfaces/local/lib/python3.10/dist-packages/my_robot_interfaces/__init__.py
[3.555s] -- Installing: /home/dongwon_serer/ros_ws/src/install/my_robot_interfaces/local/lib/python3.10/dist-packages/my_robot_interfaces/_my_robot_interfaces_s.ep.rosidl_typesupport_introspection_c.c
[3.555s] -- Installing: /home/dongwon_serer/ros_ws/src/install/my_robot_interfaces/local/lib/python3.10/dist-packages/my_robot_interfaces/my_robot_interfaces_s__rosidl_typesupport_c.cpython-310-x86_64-linux-gnu.so
[3.556s] -- Installing: /home/dongwon_serer/ros_ws/src/install/my_robot_interfaces/local/lib/python3.10/dist-packages/my_robot_interfaces/msg
[3.556s] -- Installing: /home/dongwon_serer/ros_ws/src/install/my_robot_interfaces/local/lib/python3.10/dist-packages/my_robot_interfaces/msg/_hardware_status.py
[3.556s] -- Installing: /home/dongwon_serer/ros_ws/src/install/my_robot_interfaces/local/lib/python3.10/dist-packages/my_robot_interfaces/msg/__init__.py
[3.556s] -- Installing: /home/dongwon_serer/ros_ws/src/install/my_robot_interfaces/local/lib/python3.10/dist-packages/my_robot_interfaces/msg/_hardware_status_s.c
[3.557s] -- Installing: /home/dongwon_serer/ros_ws/src/install/my_robot_interfaces/local/lib/python3.10/dist-packages/my_robot_interfaces/my_robot_interfaces_s__rosidl_typesupport_introspection_c.cpython-310-x86_64-linux-gnu.so
[3.557s] -- Installing: /home/dongwon_serer/ros_ws/src/install/my_robot_interfaces/local/lib/python3.10/dist-packages/my_robot_interfaces/my_robot_interfaces_s__rosidl_typesupport_fastrtps_c.cpython-310-x86_64-linux-gnu.so
[3.557s] -- Installing: /home/dongwon_serer/ros_ws/src/install/my_robot_interfaces/local/lib/python3.10/dist-packages/my_robot_interfaces/_my_robot_interfaces_s.ep.rosidl_typesupport_c.c
[3.584s] Listing '/home/dongwon_serer/ros_ws/src/install/my_robot_interfaces/local/lib/python3.10/dist-packages/my_robot_interfaces'...
[3.584s] Compiling '/home/dongwon_serer/ros_ws/src/install/my_robot_interfaces/local/lib/python3.10/dist-packages/my_robot_interfaces/__init__.py'...
[3.584s] Listing '/home/dongwon_serer/ros_ws/src/install/my_robot_interfaces/local/lib/python3.10/dist-packages/my_robot_interfaces/msg'...
[3.584s] Compiling '/home/dongwon_serer/ros_ws/src/install/my_robot_interfaces/local/lib/python3.10/dist-packages/my_robot_interfaces/msg/__init__.py'...
[3.584s] Compiling '/home/dongwon_serer/ros_ws/src/install/my_robot_interfaces/local/lib/python3.10/dist-packages/my_robot_interfaces/msg/_hardware_status.py'...
[3.587s] -- Installing: /home/dongwon_serer/ros_ws/src/install/my_robot_interfaces/local/lib/python3.10/dist-packages/my_robot_interfaces/my_robot_interfaces_s__rosidl_typesupport_fastrtps_c.cpython-310-x86_64-linux-gnu.so
[3.587s] -- Set runtime path of "/home/dongwon_serer/ros_ws/src/install/my_robot_interfaces/local/lib/python3.10/dist-packages/my_robot_interfaces/my_robot_interfaces_s__rosidl_typesupport_fastrtps_c.cpython-310-x86_64-linux-gnu.so" to ""
[3.588s] -- Installing: /home/dongwon_serer/ros_ws/src/install/my_robot_interfaces/local/lib/python3.10/dist-packages/my_robot_interfaces/my_robot_interfaces_s__rosidl_typesupport_introspection_c.cpython-310-x86_64-linux-gnu.so
[3.588s] -- Set runtime path of "/home/dongwon_serer/ros_ws/src/install/my_robot_interfaces/local/lib/python3.10/dist-packages/my_robot_interfaces/my_robot_interfaces_s__rosidl_typesupport_introspection_c.cpython-310-x86_64-linux-gnu.so" to ""
[3.588s] -- Installing: /home/dongwon_serer/ros_ws/src/install/my_robot_interfaces/local/lib/python3.10/dist-packages/my_robot_interfaces/my_robot_interfaces_s__rosidl_typesupport_c.cpython-310-x86_64-linux-gnu.so
[3.589s] -- Set runtime path of "/home/dongwon_serer/ros_ws/src/install/my_robot_interfaces/local/lib/python3.10/dist-packages/my_robot_interfaces/my_robot_interfaces_s__rosidl_typesupport_c.cpython-310-x86_64-linux-gnu.so" to ""
[3.589s] -- Installing: /home/dongwon_serer/ros_ws/src/install/my_robot_interfaces/lib/libmy_robot_interfaces__rosidl_generator_py.so
[3.589s] -- Set runtime path of "/home/dongwon_serer/ros_ws/src/install/my_robot_interfaces/lib/libmy_robot_interfaces__rosidl_generator_py.so" to ""
[3.589s] -- Installing: /home/dongwon_serer/ros_ws/src/install/my_robot_interfaces/share/my_robot_interfaces/msg/HardwareStatus.idl
[3.590s] -- Installing: /home/dongwon_serer/ros_ws/src/install/my_robot_interfaces/share/my_robot_interfaces/msg/HardwareStatus.msg
[3.590s] -- Installing: /home/dongwon_serer/ros_ws/src/install/my_robot_interfaces/share/ament_index/resource_index/package_run_dependencies/my_robot_interfaces
[3.591s] -- Installing: /home/dongwon_serer/ros_ws/src/install/my_robot_interfaces/share/ament_index/resource_index/parent_prefix_path/my_robot_interfaces
[3.591s] -- Installing: /home/dongwon_serer/ros_ws/src/install/my_robot_interfaces/share/my_robot_interfaces/environment/ament_prefix_path.sh
[3.591s] -- Installing: /home/dongwon_serer/ros_ws/src/install/my_robot_interfaces/share/my_robot_interfaces/environment/ament_prefix_path.dsv
[3.591s] -- Installing: /home/dongwon_serer/ros_ws/src/install/my_robot_interfaces/share/my_robot_interfaces/environment/path.sh
[3.591s] -- Installing: /home/dongwon_serer/ros_ws/src/install/my_robot_interfaces/share/my_robot_interfaces/environment/path.dsv
[3.592s] -- Installing: /home/dongwon_serer/ros_ws/src/install/my_robot_interfaces/share/my_robot_interfaces/local_setup.bash
[3.592s] -- Installing: /home/dongwon_serer/ros_ws/src/install/my_robot_interfaces/share/my_robot_interfaces/local_setup.sh
[3.592s] -- Installing: /home/dongwon_serer/ros_ws/src/install/my_robot_interfaces/share/my_robot_interfaces/local_setup.zsh
[3.592s] -- Installing: /home/dongwon_serer/ros_ws/src/install/my_robot_interfaces/share/my_robot_interfaces/local_setup.dsv
[3.592s] -- Installing: /home/dongwon_serer/ros_ws/src/install/my_robot_interfaces/share/my_robot_interfaces/package.dsv
[3.593s] -- Installing: /home/dongwon_serer/ros_ws/src/install/my_robot_interfaces/share/ament_index/resource_index/packages/my_robot_interfaces
[3.593s] -- Installing: /home/dongwon_serer/ros_ws/src/install/my_robot_interfaces/share/my_robot_interfaces/cmake/export_my_robot_interfaces__rosidl_generator_cExport.cmake
[3.594s] -- Installing: /home/dongwon_serer/ros_ws/src/install/my_robot_interfaces/share/my_robot_interfaces/cmake/export_my_robot_interfaces__rosidl_generator_cExport-noconfig.cmake
[3.594s] -- Installing: /home/dongwon_serer/ros_ws/src/install/my_robot_interfaces/share/my_robot_interfaces/cmake/export_my_robot_interfaces__rosidl_typesupport_fastrtps_cExport.cmake
[3.594s] -- Installing: /home/dongwon_serer/ros_ws/src/install/my_robot_interfaces/share/my_robot_interfaces/cmake/export_my_robot_interfaces__rosidl_typesupport_fastrtps_cExport-noconfig.cmake
[3.594s] -- Installing: /home/dongwon_serer/ros_ws/src/install/my_robot_interfaces/share/my_robot_interfaces/cmake/my_robot_interfaces__rosidl_typesupport_introspection_cExport.cmake
[3.594s] -- Installing: /home/dongwon_serer/ros_ws/src/install/my_robot_interfaces/share/my_robot_interfaces/cmake/my_robot_interfaces__rosidl_typesupport_introspection_cExport-noconfig.cmake
[3.594s] -- Installing: /home/dongwon_serer/ros_ws/src/install/my_robot_interfaces/share/my_robot_interfaces/cmake/my_robot_interfaces__rosidl_typesupport_cExport.cmake
[3.595s] -- Installing: /home/dongwon_serer/ros_ws/src/install/my_robot_interfaces/share/my_robot_interfaces/cmake/my_robot_interfaces__rosidl_typesupport_cExport-noconfig.cmake
[3.595s] -- Installing: /home/dongwon_serer/ros_ws/src/install/my_robot_interfaces/share/my_robot_interfaces/cmake/export_my_robot_interfaces__rosidl_generator_cppExport.cmake
[3.595s] -- Installing: /home/dongwon_serer/ros_ws/src/install/my_robot_interfaces/share/my_robot_interfaces/cmake/export_my_robot_interfaces__rosidl_typesupport_fastrtps_cppExport.cmake
[3.595s] -- Installing: /home/dongwon_serer/ros_ws/src/install/my_robot_interfaces/share/my_robot_interfaces/cmake/export_my_robot_interfaces__rosidl_typesupport_fastrtps_cppExport-noconfig.cmake
[3.595s] -- Installing: /home/dongwon_serer/ros_ws/src/install/my_robot_interfaces/share/my_robot_interfaces/cmake/my_robot_interfaces__rosidl_typesupport_introspection_cppExport.cmake
[3.596s] -- Installing: /home/dongwon_serer/ros_ws/src/install/my_robot_interfaces/share/my_robot_interfaces/cmake/my_robot_interfaces__rosidl_typesupport_introspection_cppExport-noconfig.cmake
[3.596s] -- Installing: /home/dongwon_serer/ros_ws/src/install/my_robot_interfaces/share/my_robot_interfaces/cmake/my_robot_interfaces__rosidl_typesupport_cppExport.cmake
[3.596s] -- Installing: /home/dongwon_serer/ros_ws/src/install/my_robot_interfaces/share/my_robot_interfaces/cmake/my_robot_interfaces__rosidl_typesupport_cppExport-noconfig.cmake
[3.596s] -- Installing: /home/dongwon_serer/ros_ws/src/install/my_robot_interfaces/share/my_robot_interfaces/cmake/export_my_robot_interfaces__rosidl_generator_pyExport.cmake
[3.596s] -- Installing: /home/dongwon_serer/ros_ws/src/install/my_robot_interfaces/share/my_robot_interfaces/cmake/export_my_robot_interfaces__rosidl_generator_pyExport-noconfig.cmake
[3.597s] -- Installing: /home/dongwon_serer/ros_ws/src/install/my_robot_interfaces/share/my_robot_interfaces/cmake/rosidl_cmake-extras.cmake
[3.597s] -- Installing: /home/dongwon_serer/ros_ws/src/install/my_robot_interfaces/share/my_robot_interfaces/cmake/ament_cmake_export_include_directories-extras.cmake
[3.597s] -- Installing: /home/dongwon_serer/ros_ws/src/install/my_robot_interfaces/share/my_robot_interfaces/cmake/ament_cmake_export_libraries-extras.cmake
[3.597s] -- Installing: /home/dongwon_serer/ros_ws/src/install/my_robot_interfaces/share/my_robot_interfaces/cmake/ament_cmake_export_targets-extras.cmake
[3.597s] -- Installing: /home/dongwon_serer/ros_ws/src/install/my_robot_interfaces/share/my_robot_interfaces/cmake/rosidl_cmake_export_typesupport_targets-extras.cmake
[3.597s] -- Installing: /home/dongwon_serer/ros_ws/src/install/my_robot_interfaces/share/my_robot_interfaces/cmake/ament_cmake_export_dependencies-extras.cmake
[3.598s] -- Installing: /home/dongwon_serer/ros_ws/src/install/my_robot_interfaces/share/my_robot_interfaces/cmake/rosidl_cmake_export_typesupport_libraries-extras.cmake
[3.598s] -- Installing: /home/dongwon_serer/ros_ws/src/install/my_robot_interfaces/share/my_robot_interfaces/cmake/my_robot_interfacesConfig.cmake
[3.598s] -- Installing: /home/dongwon_serer/ros_ws/src/install/my_robot_interfaces/share/my_robot_interfaces/cmake/my_robot_interfacesConfig-version.cmake
[3.598s] -- Installing: /home/dongwon_serer/ros_ws/src/install/my_robot_interfaces/share/my_robot_interfaces/package.xml
[3.601s] Invoked command in '/home/dongwon_serer/ros_ws/src/build/my_robot_interfaces' returned '0': CMAKE_PREFIX_PATH=${CMAKE_PREFIX_PATH}:/home/dongwon_serer/ros_ws/install/my_py_pkg:/opt/ros/humble /usr/bin/cmake --install /home/dongwon_serer/ros_ws/src/build/my_robot_interfaces
