[0.374s] Invoking command in '/home/dongwon_serer/ros_ws/build/my_py_pkg': PYTHONPATH=/home/dongwon_serer/ros_ws/build/my_py_pkg/prefix_override:/usr/lib/python3/dist-packages/colcon_core/task/python/colcon_distutils_commands:/home/dongwon_serer/ros_ws/install/my_py_pkg/lib/python3.10/site-packages:${PYTHONPATH} /usr/bin/python3 -W ignore:setup.py install is deprecated -W ignore:easy_install command is deprecated setup.py develop --editable --build-directory /home/dongwon_serer/ros_ws/build/my_py_pkg/build --no-deps symlink_data
[0.520s] running develop
[0.600s] running egg_info
[0.600s] writing my_py_pkg.egg-info/PKG-INFO
[0.600s] writing dependency_links to my_py_pkg.egg-info/dependency_links.txt
[0.600s] writing entry points to my_py_pkg.egg-info/entry_points.txt
[0.600s] writing requirements to my_py_pkg.egg-info/requires.txt
[0.601s] writing top-level names to my_py_pkg.egg-info/top_level.txt
[0.601s] reading manifest file 'my_py_pkg.egg-info/SOURCES.txt'
[0.602s] writing manifest file 'my_py_pkg.egg-info/SOURCES.txt'
[0.603s] running build_ext
[0.603s] Creating /home/dongwon_serer/ros_ws/install/my_py_pkg/lib/python3.10/site-packages/my-py-pkg.egg-link (link to .)
[0.603s] Installing add_two_ints_client script to /home/dongwon_serer/ros_ws/install/my_py_pkg/lib/my_py_pkg
[0.604s] Installing add_two_ints_client_no_oop script to /home/dongwon_serer/ros_ws/install/my_py_pkg/lib/my_py_pkg
[0.604s] Installing add_two_ints_server script to /home/dongwon_serer/ros_ws/install/my_py_pkg/lib/my_py_pkg
[0.604s] Installing number_counter script to /home/dongwon_serer/ros_ws/install/my_py_pkg/lib/my_py_pkg
[0.604s] Installing number_publisher script to /home/dongwon_serer/ros_ws/install/my_py_pkg/lib/my_py_pkg
[0.604s] Installing robot_news_station script to /home/dongwon_serer/ros_ws/install/my_py_pkg/lib/my_py_pkg
[0.604s] Installing smartphone script to /home/dongwon_serer/ros_ws/install/my_py_pkg/lib/my_py_pkg
[0.604s] 
[0.605s] Installed /home/dongwon_serer/ros_ws/build/my_py_pkg
[0.605s] running symlink_data
[0.621s] Invoked command in '/home/dongwon_serer/ros_ws/build/my_py_pkg' returned '0': PYTHONPATH=/home/dongwon_serer/ros_ws/build/my_py_pkg/prefix_override:/usr/lib/python3/dist-packages/colcon_core/task/python/colcon_distutils_commands:/home/dongwon_serer/ros_ws/install/my_py_pkg/lib/python3.10/site-packages:${PYTHONPATH} /usr/bin/python3 -W ignore:setup.py install is deprecated -W ignore:easy_install command is deprecated setup.py develop --editable --build-directory /home/dongwon_serer/ros_ws/build/my_py_pkg/build --no-deps symlink_data
