running develop
running egg_info
writing my_py_pkg.egg-info/PKG-INFO
writing dependency_links to my_py_pkg.egg-info/dependency_links.txt
writing entry points to my_py_pkg.egg-info/entry_points.txt
writing requirements to my_py_pkg.egg-info/requires.txt
writing top-level names to my_py_pkg.egg-info/top_level.txt
reading manifest file 'my_py_pkg.egg-info/SOURCES.txt'
writing manifest file 'my_py_pkg.egg-info/SOURCES.txt'
running build_ext
Creating /home/dongwon_serer/ros_ws/install/my_py_pkg/lib/python3.10/site-packages/my-py-pkg.egg-link (link to .)
Installing add_two_ints_client_no_oop script to /home/dongwon_serer/ros_ws/install/my_py_pkg/lib/my_py_pkg
Installing add_two_ints_server script to /home/dongwon_serer/ros_ws/install/my_py_pkg/lib/my_py_pkg
Installing number_counter script to /home/dongwon_serer/ros_ws/install/my_py_pkg/lib/my_py_pkg
Installing number_publisher script to /home/dongwon_serer/ros_ws/install/my_py_pkg/lib/my_py_pkg
Installing robot_news_station script to /home/dongwon_serer/ros_ws/install/my_py_pkg/lib/my_py_pkg
Installing smartphone script to /home/dongwon_serer/ros_ws/install/my_py_pkg/lib/my_py_pkg

Installed /home/dongwon_serer/ros_ws/build/my_py_pkg
running symlink_data
symbolically linking /home/dongwon_serer/ros_ws/build/my_py_pkg/resource/my_py_pkg -> /home/dongwon_serer/ros_ws/install/my_py_pkg/share/ament_index/resource_index/packages
symbolically linking /home/dongwon_serer/ros_ws/build/my_py_pkg/package.xml -> /home/dongwon_serer/ros_ws/install/my_py_pkg/share/my_py_pkg
