[0.369s] Invoking command in '/home/dongwon_serer/ros_ws/build/my_py_pkg': PYTHONPATH=/home/dongwon_serer/ros_ws/build/my_py_pkg/prefix_override:/usr/lib/python3/dist-packages/colcon_core/task/python/colcon_distutils_commands:/home/dongwon_serer/ros_ws/install/my_py_pkg/lib/python3.10/site-packages:${PYTHONPATH} /usr/bin/python3 -W ignore:setup.py install is deprecated -W ignore:easy_install command is deprecated setup.py develop --editable --build-directory /home/dongwon_serer/ros_ws/build/my_py_pkg/build --no-deps symlink_data --force
[0.529s] running develop
[0.605s] running egg_info
[0.605s] writing my_py_pkg.egg-info/PKG-INFO
[0.605s] writing dependency_links to my_py_pkg.egg-info/dependency_links.txt
[0.605s] writing entry points to my_py_pkg.egg-info/entry_points.txt
[0.605s] writing requirements to my_py_pkg.egg-info/requires.txt
[0.605s] writing top-level names to my_py_pkg.egg-info/top_level.txt
[0.606s] reading manifest file 'my_py_pkg.egg-info/SOURCES.txt'
[0.607s] writing manifest file 'my_py_pkg.egg-info/SOURCES.txt'
[0.608s] running build_ext
[0.608s] Creating /home/dongwon_serer/ros_ws/install/my_py_pkg/lib/python3.10/site-packages/my-py-pkg.egg-link (link to .)
[0.608s] Installing add_two_ints_client_no_oop script to /home/dongwon_serer/ros_ws/install/my_py_pkg/lib/my_py_pkg
[0.608s] Installing add_two_ints_server script to /home/dongwon_serer/ros_ws/install/my_py_pkg/lib/my_py_pkg
[0.608s] Installing number_counter script to /home/dongwon_serer/ros_ws/install/my_py_pkg/lib/my_py_pkg
[0.609s] Installing number_publisher script to /home/dongwon_serer/ros_ws/install/my_py_pkg/lib/my_py_pkg
[0.609s] Installing robot_news_station script to /home/dongwon_serer/ros_ws/install/my_py_pkg/lib/my_py_pkg
[0.609s] Installing smartphone script to /home/dongwon_serer/ros_ws/install/my_py_pkg/lib/my_py_pkg
[0.609s] 
[0.609s] Installed /home/dongwon_serer/ros_ws/build/my_py_pkg
[0.609s] running symlink_data
[0.609s] symbolically linking /home/dongwon_serer/ros_ws/build/my_py_pkg/resource/my_py_pkg -> /home/dongwon_serer/ros_ws/install/my_py_pkg/share/ament_index/resource_index/packages
[0.610s] symbolically linking /home/dongwon_serer/ros_ws/build/my_py_pkg/package.xml -> /home/dongwon_serer/ros_ws/install/my_py_pkg/share/my_py_pkg
[0.625s] Invoked command in '/home/dongwon_serer/ros_ws/build/my_py_pkg' returned '0': PYTHONPATH=/home/dongwon_serer/ros_ws/build/my_py_pkg/prefix_override:/usr/lib/python3/dist-packages/colcon_core/task/python/colcon_distutils_commands:/home/dongwon_serer/ros_ws/install/my_py_pkg/lib/python3.10/site-packages:${PYTHONPATH} /usr/bin/python3 -W ignore:setup.py install is deprecated -W ignore:easy_install command is deprecated setup.py develop --editable --build-directory /home/dongwon_serer/ros_ws/build/my_py_pkg/build --no-deps symlink_data --force
