-- Found ament_cmake: 1.3.12 (/opt/ros/humble/share/ament_cmake/cmake)
-- Override CMake install command with custom implementation using symlinks instead of copying resources
-- Found rclcpp: 16.0.14 (/opt/ros/humble/share/rclcpp/cmake)
-- Found rosidl_generator_c: 3.1.7 (/opt/ros/humble/share/rosidl_generator_c/cmake)
-- Found rosidl_adapter: 3.1.7 (/opt/ros/humble/share/rosidl_adapter/cmake)
-- Found rosidl_generator_cpp: 3.1.7 (/opt/ros/humble/share/rosidl_generator_cpp/cmake)
-- Using all available rosidl_typesupport_c: rosidl_typesupport_fastrtps_c;rosidl_typesupport_introspection_c
-- Using all available rosidl_typesupport_cpp: rosidl_typesupport_fastrtps_cpp;rosidl_typesupport_introspection_cpp
-- Found rmw_implementation_cmake: 6.1.2 (/opt/ros/humble/share/rmw_implementation_cmake/cmake)
-- Found rmw_fastrtps_cpp: 6.2.8 (/opt/ros/humble/share/rmw_fastrtps_cpp/cmake)
-- Using RMW implementation 'rmw_fastrtps_cpp' as default
-- Found example_interfaces: 0.9.3 (/opt/ros/humble/share/example_interfaces/cmake)
-- Configuring done
-- Generating done
-- Build files have been written to: /home/dongwon_serer/ros_ws/build/my_cpp_pkg
[35m[1mConsolidate compiler generated dependencies of target add_two_ints_server[0m
[35m[1mConsolidate compiler generated dependencies of target my_node[0m
[35m[1mConsolidate compiler generated dependencies of target add_two_ints_client_no_oop[0m
[35m[1mConsolidate compiler generated dependencies of target add_two_ints_client[0m
[ 37%] [32m[1mLinking CXX executable add_two_ints_server[0m
[ 37%] [32m[1mLinking CXX executable add_two_ints_client_no_oop[0m
[ 37%] [32m[1mLinking CXX executable add_two_ints_client[0m
[ 50%] [32m[1mLinking CXX executable my_node[0m
[ 75%] Built target add_two_ints_client_no_oop
[ 75%] Built target add_two_ints_server
[ 87%] Built target add_two_ints_client
[100%] Built target my_node
-- Install configuration: ""
-- Execute custom install script
-- Symlinking: /home/dongwon_serer/ros_ws/install/my_cpp_pkg/lib/my_cpp_pkg/my_node
-- Symlinking: /home/dongwon_serer/ros_ws/install/my_cpp_pkg/lib/my_cpp_pkg/add_two_ints_server
-- Symlinking: /home/dongwon_serer/ros_ws/install/my_cpp_pkg/lib/my_cpp_pkg/add_two_ints_client_no_oop
-- Symlinking: /home/dongwon_serer/ros_ws/install/my_cpp_pkg/lib/my_cpp_pkg/add_two_ints_client
-- Symlinking: /home/dongwon_serer/ros_ws/install/my_cpp_pkg/share/ament_index/resource_index/package_run_dependencies/my_cpp_pkg
-- Symlinking: /home/dongwon_serer/ros_ws/install/my_cpp_pkg/share/ament_index/resource_index/parent_prefix_path/my_cpp_pkg
-- Symlinking: /home/dongwon_serer/ros_ws/install/my_cpp_pkg/share/my_cpp_pkg/environment/ament_prefix_path.sh
-- Symlinking: /home/dongwon_serer/ros_ws/install/my_cpp_pkg/share/my_cpp_pkg/environment/ament_prefix_path.dsv
-- Symlinking: /home/dongwon_serer/ros_ws/install/my_cpp_pkg/share/my_cpp_pkg/environment/path.sh
-- Symlinking: /home/dongwon_serer/ros_ws/install/my_cpp_pkg/share/my_cpp_pkg/environment/path.dsv
-- Symlinking: /home/dongwon_serer/ros_ws/install/my_cpp_pkg/share/my_cpp_pkg/local_setup.bash
-- Symlinking: /home/dongwon_serer/ros_ws/install/my_cpp_pkg/share/my_cpp_pkg/local_setup.sh
-- Symlinking: /home/dongwon_serer/ros_ws/install/my_cpp_pkg/share/my_cpp_pkg/local_setup.zsh
-- Symlinking: /home/dongwon_serer/ros_ws/install/my_cpp_pkg/share/my_cpp_pkg/local_setup.dsv
-- Symlinking: /home/dongwon_serer/ros_ws/install/my_cpp_pkg/share/my_cpp_pkg/package.dsv
-- Symlinking: /home/dongwon_serer/ros_ws/install/my_cpp_pkg/share/ament_index/resource_index/packages/my_cpp_pkg
-- Symlinking: /home/dongwon_serer/ros_ws/install/my_cpp_pkg/share/my_cpp_pkg/cmake/my_cpp_pkgConfig.cmake
-- Symlinking: /home/dongwon_serer/ros_ws/install/my_cpp_pkg/share/my_cpp_pkg/cmake/my_cpp_pkgConfig-version.cmake
-- Symlinking: /home/dongwon_serer/ros_ws/install/my_cpp_pkg/share/my_cpp_pkg/package.xml
