[0.011s] Invoking command in '/home/dongwon_serer/ros_ws/build/my_cpp_pkg': CMAKE_PREFIX_PATH=${CMAKE_PREFIX_PATH}:/home/dongwon_serer/ros_ws/install/my_py_pkg:/opt/ros/humble /usr/bin/cmake /home/dongwon_serer/ros_ws/src/my_cpp_pkg -DCMAKE_EXPORT_COMPILE_COMMANDS=ON -DCMAKE_INSTALL_PREFIX=/home/dongwon_serer/ros_ws/install/my_cpp_pkg
[0.020s] -- Found ament_cmake: 1.3.12 (/opt/ros/humble/share/ament_cmake/cmake)
[0.116s] -- Override CMake install command with custom implementation using symlinks instead of copying resources
[0.122s] -- Found rclcpp: 16.0.14 (/opt/ros/humble/share/rclcpp/cmake)
[0.197s] -- Found rosidl_generator_c: 3.1.7 (/opt/ros/humble/share/rosidl_generator_c/cmake)
[0.199s] -- Found rosidl_adapter: 3.1.7 (/opt/ros/humble/share/rosidl_adapter/cmake)
[0.203s] -- Found rosidl_generator_cpp: 3.1.7 (/opt/ros/humble/share/rosidl_generator_cpp/cmake)
[0.210s] -- Using all available rosidl_typesupport_c: rosidl_typesupport_fastrtps_c;rosidl_typesupport_introspection_c
[0.219s] -- Using all available rosidl_typesupport_cpp: rosidl_typesupport_fastrtps_cpp;rosidl_typesupport_introspection_cpp
[0.241s] -- Found rmw_implementation_cmake: 6.1.2 (/opt/ros/humble/share/rmw_implementation_cmake/cmake)
[0.242s] -- Found rmw_fastrtps_cpp: 6.2.8 (/opt/ros/humble/share/rmw_fastrtps_cpp/cmake)
[2.218s] -- Using RMW implementation 'rmw_fastrtps_cpp' as default
[2.251s] -- Found example_interfaces: 0.9.3 (/opt/ros/humble/share/example_interfaces/cmake)
[2.325s] -- Configuring done
[2.350s] -- Generating done
[2.356s] -- Build files have been written to: /home/dongwon_serer/ros_ws/build/my_cpp_pkg
[2.363s] Invoked command in '/home/dongwon_serer/ros_ws/build/my_cpp_pkg' returned '0': CMAKE_PREFIX_PATH=${CMAKE_PREFIX_PATH}:/home/dongwon_serer/ros_ws/install/my_py_pkg:/opt/ros/humble /usr/bin/cmake /home/dongwon_serer/ros_ws/src/my_cpp_pkg -DCMAKE_EXPORT_COMPILE_COMMANDS=ON -DCMAKE_INSTALL_PREFIX=/home/dongwon_serer/ros_ws/install/my_cpp_pkg
[2.364s] Invoking command in '/home/dongwon_serer/ros_ws/build/my_cpp_pkg': CMAKE_PREFIX_PATH=${CMAKE_PREFIX_PATH}:/home/dongwon_serer/ros_ws/install/my_py_pkg:/opt/ros/humble /usr/bin/cmake --build /home/dongwon_serer/ros_ws/build/my_cpp_pkg -- -j8 -l8
[2.400s] [35m[1mConsolidate compiler generated dependencies of target add_two_ints_server[0m
[2.400s] [35m[1mConsolidate compiler generated dependencies of target my_node[0m
[2.400s] [35m[1mConsolidate compiler generated dependencies of target add_two_ints_client_no_oop[0m
[2.400s] [35m[1mConsolidate compiler generated dependencies of target add_two_ints_client[0m
[2.416s] [ 37%] [32m[1mLinking CXX executable add_two_ints_server[0m
[2.416s] [ 37%] [32m[1mLinking CXX executable add_two_ints_client_no_oop[0m
[2.416s] [ 37%] [32m[1mLinking CXX executable add_two_ints_client[0m
[2.417s] [ 50%] [32m[1mLinking CXX executable my_node[0m
[2.617s] [ 75%] Built target add_two_ints_client_no_oop
[2.617s] [ 75%] Built target add_two_ints_server
[2.618s] [ 87%] Built target add_two_ints_client
[2.626s] [100%] Built target my_node
[2.636s] Invoked command in '/home/dongwon_serer/ros_ws/build/my_cpp_pkg' returned '0': CMAKE_PREFIX_PATH=${CMAKE_PREFIX_PATH}:/home/dongwon_serer/ros_ws/install/my_py_pkg:/opt/ros/humble /usr/bin/cmake --build /home/dongwon_serer/ros_ws/build/my_cpp_pkg -- -j8 -l8
[2.638s] Invoking command in '/home/dongwon_serer/ros_ws/build/my_cpp_pkg': CMAKE_PREFIX_PATH=${CMAKE_PREFIX_PATH}:/home/dongwon_serer/ros_ws/install/my_py_pkg:/opt/ros/humble /usr/bin/cmake --install /home/dongwon_serer/ros_ws/build/my_cpp_pkg
[2.644s] -- Install configuration: ""
[2.644s] -- Execute custom install script
[2.644s] -- Symlinking: /home/dongwon_serer/ros_ws/install/my_cpp_pkg/lib/my_cpp_pkg/my_node
[2.651s] -- Symlinking: /home/dongwon_serer/ros_ws/install/my_cpp_pkg/lib/my_cpp_pkg/add_two_ints_server
[2.660s] -- Symlinking: /home/dongwon_serer/ros_ws/install/my_cpp_pkg/lib/my_cpp_pkg/add_two_ints_client_no_oop
[2.667s] -- Symlinking: /home/dongwon_serer/ros_ws/install/my_cpp_pkg/lib/my_cpp_pkg/add_two_ints_client
[2.675s] -- Symlinking: /home/dongwon_serer/ros_ws/install/my_cpp_pkg/share/ament_index/resource_index/package_run_dependencies/my_cpp_pkg
[2.683s] -- Symlinking: /home/dongwon_serer/ros_ws/install/my_cpp_pkg/share/ament_index/resource_index/parent_prefix_path/my_cpp_pkg
[2.690s] -- Symlinking: /home/dongwon_serer/ros_ws/install/my_cpp_pkg/share/my_cpp_pkg/environment/ament_prefix_path.sh
[2.698s] -- Symlinking: /home/dongwon_serer/ros_ws/install/my_cpp_pkg/share/my_cpp_pkg/environment/ament_prefix_path.dsv
[2.706s] -- Symlinking: /home/dongwon_serer/ros_ws/install/my_cpp_pkg/share/my_cpp_pkg/environment/path.sh
[2.713s] -- Symlinking: /home/dongwon_serer/ros_ws/install/my_cpp_pkg/share/my_cpp_pkg/environment/path.dsv
[2.721s] -- Symlinking: /home/dongwon_serer/ros_ws/install/my_cpp_pkg/share/my_cpp_pkg/local_setup.bash
[2.729s] -- Symlinking: /home/dongwon_serer/ros_ws/install/my_cpp_pkg/share/my_cpp_pkg/local_setup.sh
[2.737s] -- Symlinking: /home/dongwon_serer/ros_ws/install/my_cpp_pkg/share/my_cpp_pkg/local_setup.zsh
[2.744s] -- Symlinking: /home/dongwon_serer/ros_ws/install/my_cpp_pkg/share/my_cpp_pkg/local_setup.dsv
[2.752s] -- Symlinking: /home/dongwon_serer/ros_ws/install/my_cpp_pkg/share/my_cpp_pkg/package.dsv
[2.760s] -- Symlinking: /home/dongwon_serer/ros_ws/install/my_cpp_pkg/share/ament_index/resource_index/packages/my_cpp_pkg
[2.768s] -- Symlinking: /home/dongwon_serer/ros_ws/install/my_cpp_pkg/share/my_cpp_pkg/cmake/my_cpp_pkgConfig.cmake
[2.775s] -- Symlinking: /home/dongwon_serer/ros_ws/install/my_cpp_pkg/share/my_cpp_pkg/cmake/my_cpp_pkgConfig-version.cmake
[2.783s] -- Symlinking: /home/dongwon_serer/ros_ws/install/my_cpp_pkg/share/my_cpp_pkg/package.xml
[2.792s] Invoked command in '/home/dongwon_serer/ros_ws/build/my_cpp_pkg' returned '0': CMAKE_PREFIX_PATH=${CMAKE_PREFIX_PATH}:/home/dongwon_serer/ros_ws/install/my_py_pkg:/opt/ros/humble /usr/bin/cmake --install /home/dongwon_serer/ros_ws/build/my_cpp_pkg
