[0.332s] Invoking command in '/home/sloth/ros2_clean_ws/build/my_py_pkg': PYTHONPATH=/home/sloth/ros2_clean_ws/build/my_py_pkg/prefix_override:/usr/lib/python3/dist-packages/colcon_core/task/python/colcon_distutils_commands:/home/sloth/ros2_clean_ws/install/my_py_pkg/lib/python3.10/site-packages:${PYTHONPATH} /usr/bin/python3 -W ignore:setup.py install is deprecated -W ignore:easy_install command is deprecated setup.py develop --editable --build-directory /home/sloth/ros2_clean_ws/build/my_py_pkg/build --no-deps symlink_data
[0.467s] running develop
[0.572s] running egg_info
[0.573s] creating my_py_pkg.egg-info
[0.573s] writing my_py_pkg.egg-info/PKG-INFO
[0.573s] writing dependency_links to my_py_pkg.egg-info/dependency_links.txt
[0.573s] writing entry points to my_py_pkg.egg-info/entry_points.txt
[0.573s] writing requirements to my_py_pkg.egg-info/requires.txt
[0.573s] writing top-level names to my_py_pkg.egg-info/top_level.txt
[0.573s] writing manifest file 'my_py_pkg.egg-info/SOURCES.txt'
[0.574s] reading manifest file 'my_py_pkg.egg-info/SOURCES.txt'
[0.574s] writing manifest file 'my_py_pkg.egg-info/SOURCES.txt'
[0.575s] running build_ext
[0.575s] Creating /home/sloth/ros2_clean_ws/install/my_py_pkg/lib/python3.10/site-packages/my-py-pkg.egg-link (link to .)
[0.576s] Installing robot_news_station script to /home/sloth/ros2_clean_ws/install/my_py_pkg/lib/my_py_pkg
[0.576s] 
[0.576s] Installed /home/sloth/ros2_clean_ws/build/my_py_pkg
[0.576s] running symlink_data
[0.576s] creating /home/sloth/ros2_clean_ws/install/my_py_pkg/share/ament_index
[0.576s] creating /home/sloth/ros2_clean_ws/install/my_py_pkg/share/ament_index/resource_index
[0.576s] creating /home/sloth/ros2_clean_ws/install/my_py_pkg/share/ament_index/resource_index/packages
[0.576s] symbolically linking /home/sloth/ros2_clean_ws/build/my_py_pkg/resource/my_py_pkg -> /home/sloth/ros2_clean_ws/install/my_py_pkg/share/ament_index/resource_index/packages
[0.576s] symbolically linking /home/sloth/ros2_clean_ws/build/my_py_pkg/package.xml -> /home/sloth/ros2_clean_ws/install/my_py_pkg/share/my_py_pkg
[0.590s] Invoked command in '/home/sloth/ros2_clean_ws/build/my_py_pkg' returned '0': PYTHONPATH=/home/sloth/ros2_clean_ws/build/my_py_pkg/prefix_override:/usr/lib/python3/dist-packages/colcon_core/task/python/colcon_distutils_commands:/home/sloth/ros2_clean_ws/install/my_py_pkg/lib/python3.10/site-packages:${PYTHONPATH} /usr/bin/python3 -W ignore:setup.py install is deprecated -W ignore:easy_install command is deprecated setup.py develop --editable --build-directory /home/sloth/ros2_clean_ws/build/my_py_pkg/build --no-deps symlink_data
