[0.010s] Invoking command in '/home/dongwon_serer/ros_ws/build/my_cpp_pkg': CMAKE_PREFIX_PATH=${CMAKE_PREFIX_PATH}:/home/dongwon_serer/ros_ws/install/my_py_pkg:/opt/ros/humble /usr/bin/cmake --build /home/dongwon_serer/ros_ws/build/my_cpp_pkg -- -j8 -l8
[0.073s] -- Found ament_cmake: 1.3.12 (/opt/ros/humble/share/ament_cmake/cmake)
[0.191s] -- Found rclcpp: 16.0.14 (/opt/ros/humble/share/rclcpp/cmake)
[0.282s] -- Found rosidl_generator_c: 3.1.7 (/opt/ros/humble/share/rosidl_generator_c/cmake)
[0.285s] -- Found rosidl_adapter: 3.1.7 (/opt/ros/humble/share/rosidl_adapter/cmake)
[0.293s] -- Found rosidl_generator_cpp: 3.1.7 (/opt/ros/humble/share/rosidl_generator_cpp/cmake)
[0.305s] -- Using all available rosidl_typesupport_c: rosidl_typesupport_fastrtps_c;rosidl_typesupport_introspection_c
[0.320s] -- Using all available rosidl_typesupport_cpp: rosidl_typesupport_fastrtps_cpp;rosidl_typesupport_introspection_cpp
[0.357s] -- Found rmw_implementation_cmake: 6.1.2 (/opt/ros/humble/share/rmw_implementation_cmake/cmake)
[0.359s] -- Found rmw_fastrtps_cpp: 6.2.8 (/opt/ros/humble/share/rmw_fastrtps_cpp/cmake)
[2.369s] -- Using RMW implementation 'rmw_fastrtps_cpp' as default
[2.435s] -- Found example_interfaces: 0.9.3 (/opt/ros/humble/share/example_interfaces/cmake)
[2.523s] -- Configuring done
[2.543s] -- Generating done
[2.548s] -- Build files have been written to: /home/dongwon_serer/ros_ws/build/my_cpp_pkg
[2.575s] [35m[1mConsolidate compiler generated dependencies of target my_node[0m
[2.575s] [35m[1mConsolidate compiler generated dependencies of target add_two_ints_server[0m
[2.575s] [35m[1mConsolidate compiler generated dependencies of target add_two_ints_client_no_oop[0m
[2.582s] [ 12%] [32mBuilding CXX object CMakeFiles/add_two_ints_client.dir/src/add_two_ints_client.cpp.o[0m
[2.589s] [ 37%] Built target my_node
[2.589s] [ 87%] Built target add_two_ints_client_no_oop
[2.589s] [ 87%] Built target add_two_ints_server
[4.600s] [01m[K/home/dongwon_serer/ros_ws/src/my_cpp_pkg/src/add_two_ints_client.cpp:34:2:[m[K [01;31m[Kerror: [m[Kexpected ‘[01m[K;[m[K’ after class definition
[4.600s]    34 | }
[4.600s]       |  [01;31m[K^[m[K
[4.600s]       |  [32m[K;[m[K
[4.601s] [01m[K/home/dongwon_serer/ros_ws/src/my_cpp_pkg/src/add_two_ints_client.cpp:[m[K In member function ‘[01m[Kvoid AddTwoIntsClientNode::callAddTwoInts(int, int)[m[K’:
[4.601s] [01m[K/home/dongwon_serer/ros_ws/src/my_cpp_pkg/src/add_two_ints_client.cpp:24:79:[m[K [01;31m[Kerror: [m[K‘[01m[KcallbackAddTwoInts[m[K’ is not a member of ‘[01m[KAddTwoIntsClientNode[m[K’
[4.601s]    24 |         client_->async_send_request(request, std::bind(&AddTwoIntsClientNode::[01;31m[KcallbackAddTwoInts[m[K, this, _1))
[4.601s]       |                                                                               [01;31m[K^~~~~~~~~~~~~~~~~~[m[K
[4.606s] In file included from [01m[K/opt/ros/humble/include/rclcpp/rclcpp/logging.hpp:24[m[K,
[4.607s]                  from [01m[K/opt/ros/humble/include/rclcpp/rclcpp/client.hpp:40[m[K,
[4.607s]                  from [01m[K/opt/ros/humble/include/rclcpp/rclcpp/callback_group.hpp:24[m[K,
[4.607s]                  from [01m[K/opt/ros/humble/include/rclcpp/rclcpp/any_executable.hpp:20[m[K,
[4.607s]                  from [01m[K/opt/ros/humble/include/rclcpp/rclcpp/memory_strategy.hpp:25[m[K,
[4.607s]                  from [01m[K/opt/ros/humble/include/rclcpp/rclcpp/memory_strategies.hpp:18[m[K,
[4.607s]                  from [01m[K/opt/ros/humble/include/rclcpp/rclcpp/executor_options.hpp:20[m[K,
[4.607s]                  from [01m[K/opt/ros/humble/include/rclcpp/rclcpp/executor.hpp:37[m[K,
[4.607s]                  from [01m[K/opt/ros/humble/include/rclcpp/rclcpp/executors/multi_threaded_executor.hpp:25[m[K,
[4.607s]                  from [01m[K/opt/ros/humble/include/rclcpp/rclcpp/executors.hpp:21[m[K,
[4.607s]                  from [01m[K/opt/ros/humble/include/rclcpp/rclcpp/rclcpp.hpp:155[m[K,
[4.607s]                  from [01m[K/home/dongwon_serer/ros_ws/src/my_cpp_pkg/src/add_two_ints_client.cpp:1[m[K:
[4.607s] [01m[K/home/dongwon_serer/ros_ws/src/my_cpp_pkg/src/add_two_ints_client.cpp:[m[K In member function ‘[01m[Kvoid AddTwoIntsClientNode::callbackCallAddTwoInts(rclcpp::Client<example_interfaces::srv::AddTwoInts>::SharedFuture)[m[K’:
[4.608s] [01m[K/home/dongwon_serer/ros_ws/src/my_cpp_pkg/src/add_two_ints_client.cpp:30:60:[m[K [01;31m[Kerror: [m[K‘[01m[Krequest[m[K’ was not declared in this scope
[4.608s]    30 |         RCLCPP_INFO(this->get_logger(), "%ld + %ld = %ld", [01;31m[Krequest[m[K->a, request->b, response->sum);
[4.608s]       |                                                            [01;31m[K^~~~~~~[m[K
[4.608s] [01m[K/home/dongwon_serer/ros_ws/src/my_cpp_pkg/src/add_two_ints_client.cpp:[m[K In function ‘[01m[Kint main(int, char**)[m[K’:
[4.608s] [01m[K/home/dongwon_serer/ros_ws/src/my_cpp_pkg/src/add_two_ints_client.cpp:37:5:[m[K [01;31m[Kerror: [m[K‘[01m[Krclrpp[m[K’ has not been declared
[4.608s]    37 |     [01;31m[Krclrpp[m[K::init(argc, argv);
[4.608s]       |     [01;31m[K^~~~~~[m[K
[5.028s] gmake[2]: *** [CMakeFiles/add_two_ints_client.dir/build.make:76: CMakeFiles/add_two_ints_client.dir/src/add_two_ints_client.cpp.o] Error 1
[5.028s] gmake[1]: *** [CMakeFiles/Makefile2:221: CMakeFiles/add_two_ints_client.dir/all] Error 2
[5.029s] gmake: *** [Makefile:146: all] Error 2
[5.031s] Invoked command in '/home/dongwon_serer/ros_ws/build/my_cpp_pkg' returned '2': CMAKE_PREFIX_PATH=${CMAKE_PREFIX_PATH}:/home/dongwon_serer/ros_ws/install/my_py_pkg:/opt/ros/humble /usr/bin/cmake --build /home/dongwon_serer/ros_ws/build/my_cpp_pkg -- -j8 -l8
