-- Found ament_cmake: 1.3.12 (/opt/ros/humble/share/ament_cmake/cmake)
-- Found rclcpp: 16.0.14 (/opt/ros/humble/share/rclcpp/cmake)
-- Found rosidl_generator_c: 3.1.7 (/opt/ros/humble/share/rosidl_generator_c/cmake)
-- Found rosidl_adapter: 3.1.7 (/opt/ros/humble/share/rosidl_adapter/cmake)
-- Found rosidl_generator_cpp: 3.1.7 (/opt/ros/humble/share/rosidl_generator_cpp/cmake)
-- Using all available rosidl_typesupport_c: rosidl_typesupport_fastrtps_c;rosidl_typesupport_introspection_c
-- Using all available rosidl_typesupport_cpp: rosidl_typesupport_fastrtps_cpp;rosidl_typesupport_introspection_cpp
-- Found rmw_implementation_cmake: 6.1.2 (/opt/ros/humble/share/rmw_implementation_cmake/cmake)
-- Found rmw_fastrtps_cpp: 6.2.8 (/opt/ros/humble/share/rmw_fastrtps_cpp/cmake)
-- Using RMW implementation 'rmw_fastrtps_cpp' as default
-- Found example_interfaces: 0.9.3 (/opt/ros/humble/share/example_interfaces/cmake)
-- Configuring done
-- Generating done
-- Build files have been written to: /home/dongwon_serer/ros_ws/build/my_cpp_pkg
[35m[1mConsolidate compiler generated dependencies of target my_node[0m
[35m[1mConsolidate compiler generated dependencies of target add_two_ints_server[0m
[ 16%] [32mBuilding CXX object CMakeFiles/add_two_ints_client_no_oop.dir/src/add_two_ints_client_no_oop.cpp.o[0m
[ 50%] [32mBuilding CXX object CMakeFiles/add_two_ints_server.dir/src/add_two_ints_server.cpp.o[0m
[ 50%] [32mBuilding CXX object CMakeFiles/my_node.dir/src/my_node.cpp.o[0m
[01m[K/home/dongwon_serer/ros_ws/src/my_cpp_pkg/src/add_two_ints_client_no_oop.cpp:[m[K In function ‘[01m[Kint main(int, char**)[m[K’:
[01m[K/home/dongwon_serer/ros_ws/src/my_cpp_pkg/src/add_two_ints_client_no_oop.cpp:19:13:[m[K [01;31m[Kerror: [m[K‘[01m[Kspin_until_future_copmplete[m[K’ is not a member of ‘[01m[Krclcpp[m[K’; did you mean ‘[01m[Kspin_until_future_complete[m[K’?
   19 |     rclcpp::[01;31m[Kspin_until_future_copmplete[m[K(node, future);
      |             [01;31m[K^~~~~~~~~~~~~~~~~~~~~~~~~~~[m[K
      |             [32m[Kspin_until_future_complete[m[K
gmake[2]: *** [CMakeFiles/add_two_ints_client_no_oop.dir/build.make:76: CMakeFiles/add_two_ints_client_no_oop.dir/src/add_two_ints_client_no_oop.cpp.o] Error 1
gmake[1]: *** [CMakeFiles/Makefile2:193: CMakeFiles/add_two_ints_client_no_oop.dir/all] Error 2
gmake[1]: *** Waiting for unfinished jobs....
[ 66%] [32m[1mLinking CXX executable add_two_ints_server[0m
[ 66%] Built target add_two_ints_server
[ 83%] [32m[1mLinking CXX executable my_node[0m
[ 83%] Built target my_node
gmake: *** [Makefile:146: all] Error 2
