[0.039s] Invoking command in '/home/dongwon_serer/ros_ws/build/my_cpp_pkg': CMAKE_PREFIX_PATH=${CMAKE_PREFIX_PATH}:/home/dongwon_serer/ros_ws/install/my_py_pkg:/opt/ros/humble /usr/bin/cmake /home/dongwon_serer/ros_ws/src/my_cpp_pkg -DCMAKE_INSTALL_PREFIX=/home/dongwon_serer/ros_ws/install/my_cpp_pkg
[0.049s] -- Found ament_cmake: 1.3.12 (/opt/ros/humble/share/ament_cmake/cmake)
[0.138s] -- Override CMake install command with custom implementation using symlinks instead of copying resources
[0.143s] -- Found rclcpp: 16.0.14 (/opt/ros/humble/share/rclcpp/cmake)
[0.208s] -- Found rosidl_generator_c: 3.1.7 (/opt/ros/humble/share/rosidl_generator_c/cmake)
[0.210s] -- Found rosidl_adapter: 3.1.7 (/opt/ros/humble/share/rosidl_adapter/cmake)
[0.215s] -- Found rosidl_generator_cpp: 3.1.7 (/opt/ros/humble/share/rosidl_generator_cpp/cmake)
[0.221s] -- Using all available rosidl_typesupport_c: rosidl_typesupport_fastrtps_c;rosidl_typesupport_introspection_c
[0.230s] -- Using all available rosidl_typesupport_cpp: rosidl_typesupport_fastrtps_cpp;rosidl_typesupport_introspection_cpp
[0.254s] -- Found rmw_implementation_cmake: 6.1.2 (/opt/ros/humble/share/rmw_implementation_cmake/cmake)
[0.255s] -- Found rmw_fastrtps_cpp: 6.2.8 (/opt/ros/humble/share/rmw_fastrtps_cpp/cmake)
[2.233s] -- Using RMW implementation 'rmw_fastrtps_cpp' as default
[2.266s] -- Found example_interfaces: 0.9.3 (/opt/ros/humble/share/example_interfaces/cmake)
[2.307s] -- Found my_robot_interfaces: 0.0.0 (/home/dongwon_serer/ros_ws/install/my_robot_interfaces/share/my_robot_interfaces/cmake)
[2.320s] [31mCMake Error at /opt/ros/humble/share/ament_cmake_core/cmake/symlink_install/ament_cmake_symlink_install_targets.cmake:67 (message):
[2.320s]   ament_cmake_symlink_install_targets() 'hardware_status_publisher' is not a
[2.320s]   target
[2.320s] Call Stack (most recent call first):
[2.320s]   /opt/ros/humble/share/ament_cmake_core/cmake/symlink_install/install.cmake:37 (ament_cmake_symlink_install_targets)
[2.320s]   CMakeLists.txt:25 (install)
[2.320s] 
[2.320s] [0m
[2.320s] -- Configuring incomplete, errors occurred!
[2.320s] See also "/home/dongwon_serer/ros_ws/build/my_cpp_pkg/CMakeFiles/CMakeOutput.log".
[2.327s] Invoked command in '/home/dongwon_serer/ros_ws/build/my_cpp_pkg' returned '1': CMAKE_PREFIX_PATH=${CMAKE_PREFIX_PATH}:/home/dongwon_serer/ros_ws/install/my_py_pkg:/opt/ros/humble /usr/bin/cmake /home/dongwon_serer/ros_ws/src/my_cpp_pkg -DCMAKE_INSTALL_PREFIX=/home/dongwon_serer/ros_ws/install/my_cpp_pkg
