[35m[1mConsolidate compiler generated dependencies of target robot_news_station[0m
[35m[1mConsolidate compiler generated dependencies of target template_node_cpp[0m
[ 75%] Built target template_node_cpp
[ 75%] [32mBuilding CXX object CMakeFiles/robot_news_station.dir/src/robot_news_station.cpp.o[0m
[100%] [32m[1mLinking CXX executable robot_news_station[0m
[100%] Built target robot_news_station
-- Install configuration: ""
-- Installing: /home/sloth/ros2_clean_ws/install/my_cpp_pkg/lib/my_cpp_pkg/template_node_cpp
-- Set runtime path of "/home/sloth/ros2_clean_ws/install/my_cpp_pkg/lib/my_cpp_pkg/template_node_cpp" to ""
-- Installing: /home/sloth/ros2_clean_ws/install/my_cpp_pkg/lib/my_cpp_pkg/robot_news_station
-- Set runtime path of "/home/sloth/ros2_clean_ws/install/my_cpp_pkg/lib/my_cpp_pkg/robot_news_station" to ""
-- Installing: /home/sloth/ros2_clean_ws/install/my_cpp_pkg/share/ament_index/resource_index/package_run_dependencies/my_cpp_pkg
-- Up-to-date: /home/sloth/ros2_clean_ws/install/my_cpp_pkg/share/ament_index/resource_index/parent_prefix_path/my_cpp_pkg
-- Installing: /home/sloth/ros2_clean_ws/install/my_cpp_pkg/share/my_cpp_pkg/environment/ament_prefix_path.dsv
-- Installing: /home/sloth/ros2_clean_ws/install/my_cpp_pkg/share/my_cpp_pkg/environment/path.dsv
-- Up-to-date: /home/sloth/ros2_clean_ws/install/my_cpp_pkg/share/my_cpp_pkg/local_setup.bash
-- Up-to-date: /home/sloth/ros2_clean_ws/install/my_cpp_pkg/share/my_cpp_pkg/local_setup.sh
-- Up-to-date: /home/sloth/ros2_clean_ws/install/my_cpp_pkg/share/my_cpp_pkg/local_setup.zsh
-- Installing: /home/sloth/ros2_clean_ws/install/my_cpp_pkg/share/my_cpp_pkg/local_setup.dsv
-- Installing: /home/sloth/ros2_clean_ws/install/my_cpp_pkg/share/my_cpp_pkg/package.dsv
-- Up-to-date: /home/sloth/ros2_clean_ws/install/my_cpp_pkg/share/ament_index/resource_index/packages/my_cpp_pkg
-- Up-to-date: /home/sloth/ros2_clean_ws/install/my_cpp_pkg/share/my_cpp_pkg/cmake/my_cpp_pkgConfig.cmake
-- Up-to-date: /home/sloth/ros2_clean_ws/install/my_cpp_pkg/share/my_cpp_pkg/cmake/my_cpp_pkgConfig-version.cmake
-- Installing: /home/sloth/ros2_clean_ws/install/my_cpp_pkg/share/my_cpp_pkg/package.xml
