[0.052s] DEBUG:colcon:Command line arguments: ['/usr/bin/colcon', 'build', '--packages-select', 'my_cpp_pkg']
[0.052s] DEBUG:colcon:Parsed command line arguments: Namespace(log_base=None, log_level=None, verb_name='build', build_base='build', install_base='install', merge_install=False, symlink_install=False, test_result_base=None, continue_on_error=False, executor='parallel', parallel_workers=16, event_handlers=None, ignore_user_meta=False, metas=['./colcon.meta'], base_paths=['.'], packages_ignore=None, packages_ignore_regex=None, paths=None, packages_up_to=None, packages_up_to_regex=None, packages_above=None, packages_above_and_dependencies=None, packages_above_depth=None, packages_select_by_dep=None, packages_skip_by_dep=None, packages_skip_up_to=None, packages_select_build_failed=False, packages_skip_build_finished=False, packages_select_test_failures=False, packages_skip_test_passed=False, packages_select=['my_cpp_pkg'], packages_skip=None, packages_select_regex=None, packages_skip_regex=None, packages_start=None, packages_end=None, allow_overriding=[], cmake_args=None, cmake_target=None, cmake_target_skip_unavailable=False, cmake_clean_cache=False, cmake_clean_first=False, cmake_force_configure=False, ament_cmake_args=None, catkin_cmake_args=None, catkin_skip_building_tests=False, mixin_files=None, mixin=None, verb_parser=<colcon_mixin.mixin.mixin_argument.MixinArgumentDecorator object at 0xffffa3a15210>, verb_extension=<colcon_core.verb.build.BuildVerb object at 0xffffa3b561a0>, main=<bound method BuildVerb.main of <colcon_core.verb.build.BuildVerb object at 0xffffa3b561a0>>, mixin_verb=('build',))
[0.128s] Level 1:colcon.colcon_core.package_discovery:discover_packages(colcon_meta) check parameters
[0.128s] Level 1:colcon.colcon_core.package_discovery:discover_packages(recursive) check parameters
[0.128s] Level 1:colcon.colcon_core.package_discovery:discover_packages(ignore) check parameters
[0.128s] Level 1:colcon.colcon_core.package_discovery:discover_packages(path) check parameters
[0.128s] Level 1:colcon.colcon_core.package_discovery:discover_packages(colcon_meta) discover
[0.128s] Level 1:colcon.colcon_core.package_discovery:discover_packages(recursive) discover
[0.128s] INFO:colcon.colcon_core.package_discovery:Crawling recursively for packages in '/home/sloth/ros2_clean_ws'
[0.128s] Level 1:colcon.colcon_core.package_identification:_identify(.) by extensions ['ignore', 'ignore_ament_install']
[0.129s] Level 1:colcon.colcon_core.package_identification:_identify(.) by extension 'ignore'
[0.129s] Level 1:colcon.colcon_core.package_identification:_identify(.) by extension 'ignore_ament_install'
[0.129s] Level 1:colcon.colcon_core.package_identification:_identify(.) by extensions ['colcon_pkg']
[0.129s] Level 1:colcon.colcon_core.package_identification:_identify(.) by extension 'colcon_pkg'
[0.129s] Level 1:colcon.colcon_core.package_identification:_identify(.) by extensions ['colcon_meta']
[0.129s] Level 1:colcon.colcon_core.package_identification:_identify(.) by extension 'colcon_meta'
[0.129s] Level 1:colcon.colcon_core.package_identification:_identify(.) by extensions ['ros']
[0.129s] Level 1:colcon.colcon_core.package_identification:_identify(.) by extension 'ros'
[0.138s] Level 1:colcon.colcon_core.package_identification:_identify(.) by extensions ['cmake', 'python']
[0.138s] Level 1:colcon.colcon_core.package_identification:_identify(.) by extension 'cmake'
[0.138s] Level 1:colcon.colcon_core.package_identification:_identify(.) by extension 'python'
[0.138s] Level 1:colcon.colcon_core.package_identification:_identify(.) by extensions ['python_setup_py']
[0.138s] Level 1:colcon.colcon_core.package_identification:_identify(.) by extension 'python_setup_py'
[0.139s] Level 1:colcon.colcon_core.package_identification:_identify(build) by extensions ['ignore', 'ignore_ament_install']
[0.139s] Level 1:colcon.colcon_core.package_identification:_identify(build) by extension 'ignore'
[0.139s] Level 1:colcon.colcon_core.package_identification:_identify(build) ignored
[0.139s] Level 1:colcon.colcon_core.package_identification:_identify(install) by extensions ['ignore', 'ignore_ament_install']
[0.139s] Level 1:colcon.colcon_core.package_identification:_identify(install) by extension 'ignore'
[0.139s] Level 1:colcon.colcon_core.package_identification:_identify(install) ignored
[0.139s] Level 1:colcon.colcon_core.package_identification:_identify(log) by extensions ['ignore', 'ignore_ament_install']
[0.139s] Level 1:colcon.colcon_core.package_identification:_identify(log) by extension 'ignore'
[0.139s] Level 1:colcon.colcon_core.package_identification:_identify(log) ignored
[0.139s] Level 1:colcon.colcon_core.package_identification:_identify(my_py_pkg) by extensions ['ignore', 'ignore_ament_install']
[0.139s] Level 1:colcon.colcon_core.package_identification:_identify(my_py_pkg) by extension 'ignore'
[0.139s] Level 1:colcon.colcon_core.package_identification:_identify(my_py_pkg) by extension 'ignore_ament_install'
[0.139s] Level 1:colcon.colcon_core.package_identification:_identify(my_py_pkg) by extensions ['colcon_pkg']
[0.139s] Level 1:colcon.colcon_core.package_identification:_identify(my_py_pkg) by extension 'colcon_pkg'
[0.139s] Level 1:colcon.colcon_core.package_identification:_identify(my_py_pkg) by extensions ['colcon_meta']
[0.139s] Level 1:colcon.colcon_core.package_identification:_identify(my_py_pkg) by extension 'colcon_meta'
[0.139s] Level 1:colcon.colcon_core.package_identification:_identify(my_py_pkg) by extensions ['ros']
[0.139s] Level 1:colcon.colcon_core.package_identification:_identify(my_py_pkg) by extension 'ros'
[0.140s] DEBUG:colcon.colcon_core.package_identification:Package 'my_py_pkg' with type 'ros.ament_python' and name 'my_py_pkg'
[0.140s] Level 1:colcon.colcon_core.package_identification:_identify(src) by extensions ['ignore', 'ignore_ament_install']
[0.140s] Level 1:colcon.colcon_core.package_identification:_identify(src) by extension 'ignore'
[0.140s] Level 1:colcon.colcon_core.package_identification:_identify(src) by extension 'ignore_ament_install'
[0.140s] Level 1:colcon.colcon_core.package_identification:_identify(src) by extensions ['colcon_pkg']
[0.140s] Level 1:colcon.colcon_core.package_identification:_identify(src) by extension 'colcon_pkg'
[0.140s] Level 1:colcon.colcon_core.package_identification:_identify(src) by extensions ['colcon_meta']
[0.140s] Level 1:colcon.colcon_core.package_identification:_identify(src) by extension 'colcon_meta'
[0.140s] Level 1:colcon.colcon_core.package_identification:_identify(src) by extensions ['ros']
[0.140s] Level 1:colcon.colcon_core.package_identification:_identify(src) by extension 'ros'
[0.140s] Level 1:colcon.colcon_core.package_identification:_identify(src) by extensions ['cmake', 'python']
[0.140s] Level 1:colcon.colcon_core.package_identification:_identify(src) by extension 'cmake'
[0.140s] Level 1:colcon.colcon_core.package_identification:_identify(src) by extension 'python'
[0.140s] Level 1:colcon.colcon_core.package_identification:_identify(src) by extensions ['python_setup_py']
[0.140s] Level 1:colcon.colcon_core.package_identification:_identify(src) by extension 'python_setup_py'
[0.140s] Level 1:colcon.colcon_core.package_identification:_identify(src/my_cpp_pkg) by extensions ['ignore', 'ignore_ament_install']
[0.140s] Level 1:colcon.colcon_core.package_identification:_identify(src/my_cpp_pkg) by extension 'ignore'
[0.140s] Level 1:colcon.colcon_core.package_identification:_identify(src/my_cpp_pkg) by extension 'ignore_ament_install'
[0.140s] Level 1:colcon.colcon_core.package_identification:_identify(src/my_cpp_pkg) by extensions ['colcon_pkg']
[0.140s] Level 1:colcon.colcon_core.package_identification:_identify(src/my_cpp_pkg) by extension 'colcon_pkg'
[0.140s] Level 1:colcon.colcon_core.package_identification:_identify(src/my_cpp_pkg) by extensions ['colcon_meta']
[0.140s] Level 1:colcon.colcon_core.package_identification:_identify(src/my_cpp_pkg) by extension 'colcon_meta'
[0.141s] Level 1:colcon.colcon_core.package_identification:_identify(src/my_cpp_pkg) by extensions ['ros']
[0.141s] Level 1:colcon.colcon_core.package_identification:_identify(src/my_cpp_pkg) by extension 'ros'
[0.141s] DEBUG:colcon.colcon_core.package_identification:Package 'src/my_cpp_pkg' with type 'ros.ament_cmake' and name 'my_cpp_pkg'
[0.141s] Level 1:colcon.colcon_core.package_discovery:discover_packages(recursive) using defaults
[0.141s] Level 1:colcon.colcon_core.package_discovery:discover_packages(ignore) discover
[0.141s] Level 1:colcon.colcon_core.package_discovery:discover_packages(ignore) using defaults
[0.141s] Level 1:colcon.colcon_core.package_discovery:discover_packages(path) discover
[0.141s] Level 1:colcon.colcon_core.package_discovery:discover_packages(path) using defaults
[0.152s] INFO:colcon.colcon_core.package_selection:Skipping not selected package 'my_py_pkg' in 'my_py_pkg'
[0.152s] Level 1:colcon.colcon_core.package_discovery:discover_packages(prefix_path) check parameters
[0.152s] Level 1:colcon.colcon_core.package_discovery:discover_packages(prefix_path) discover
[0.154s] DEBUG:colcon.colcon_installed_package_information.package_discovery:Found 2 installed packages in /home/sloth/ros2_clean_ws/install
[0.156s] DEBUG:colcon.colcon_installed_package_information.package_discovery:Found 141 installed packages in /home/sloth/ros2_humble/install
[0.157s] DEBUG:colcon.colcon_installed_package_information.package_discovery:Found 271 installed packages in /opt/ros/humble
[0.159s] Level 1:colcon.colcon_core.package_discovery:discover_packages(prefix_path) using defaults
[0.178s] Level 5:colcon.colcon_core.verb:set package 'my_cpp_pkg' build argument 'cmake_args' from command line to 'None'
[0.178s] Level 5:colcon.colcon_core.verb:set package 'my_cpp_pkg' build argument 'cmake_target' from command line to 'None'
[0.178s] Level 5:colcon.colcon_core.verb:set package 'my_cpp_pkg' build argument 'cmake_target_skip_unavailable' from command line to 'False'
[0.178s] Level 5:colcon.colcon_core.verb:set package 'my_cpp_pkg' build argument 'cmake_clean_cache' from command line to 'False'
[0.178s] Level 5:colcon.colcon_core.verb:set package 'my_cpp_pkg' build argument 'cmake_clean_first' from command line to 'False'
[0.178s] Level 5:colcon.colcon_core.verb:set package 'my_cpp_pkg' build argument 'cmake_force_configure' from command line to 'False'
[0.178s] Level 5:colcon.colcon_core.verb:set package 'my_cpp_pkg' build argument 'ament_cmake_args' from command line to 'None'
[0.178s] Level 5:colcon.colcon_core.verb:set package 'my_cpp_pkg' build argument 'catkin_cmake_args' from command line to 'None'
[0.178s] Level 5:colcon.colcon_core.verb:set package 'my_cpp_pkg' build argument 'catkin_skip_building_tests' from command line to 'False'
[0.178s] DEBUG:colcon.colcon_core.verb:Building package 'my_cpp_pkg' with the following arguments: {'ament_cmake_args': None, 'build_base': '/home/sloth/ros2_clean_ws/build/my_cpp_pkg', 'catkin_cmake_args': None, 'catkin_skip_building_tests': False, 'cmake_args': None, 'cmake_clean_cache': False, 'cmake_clean_first': False, 'cmake_force_configure': False, 'cmake_target': None, 'cmake_target_skip_unavailable': False, 'install_base': '/home/sloth/ros2_clean_ws/install/my_cpp_pkg', 'merge_install': False, 'path': '/home/sloth/ros2_clean_ws/src/my_cpp_pkg', 'symlink_install': False, 'test_result_base': None}
[0.178s] INFO:colcon.colcon_core.executor:Executing jobs using 'parallel' executor
[0.178s] DEBUG:colcon.colcon_parallel_executor.executor.parallel:run_until_complete
[0.179s] INFO:colcon.colcon_ros.task.ament_cmake.build:Building ROS package in '/home/sloth/ros2_clean_ws/src/my_cpp_pkg' with build type 'ament_cmake'
[0.179s] INFO:colcon.colcon_cmake.task.cmake.build:Building CMake package in '/home/sloth/ros2_clean_ws/src/my_cpp_pkg'
[0.180s] INFO:colcon.colcon_core.plugin_system:Skipping extension 'colcon_core.shell.bat': Not used on non-Windows systems
[0.180s] INFO:colcon.colcon_core.shell:Skip shell extension 'powershell' for command environment: Not usable outside of PowerShell
[0.180s] DEBUG:colcon.colcon_core.shell:Skip shell extension 'dsv' for command environment
[0.189s] DEBUG:colcon.colcon_core.event_handler.log_command:Invoking command in '/home/sloth/ros2_clean_ws/build/my_cpp_pkg': CMAKE_PREFIX_PATH=${CMAKE_PREFIX_PATH}:/home/sloth/ros2_clean_ws/install/my_py_pkg:/home/sloth/ros2_humble/install/ament_uncrustify:/home/sloth/ros2_humble/install/tracetools_trace:/home/sloth/ros2_humble/install/tracetools_read:/home/sloth/ros2_humble/install/rpyutils:/home/sloth/ros2_humble/install/rosidl_cli:/home/sloth/ros2_humble/install/launch_pytest:/home/sloth/ros2_humble/install/launch_testing:/home/sloth/ros2_humble/install/launch_yaml:/home/sloth/ros2_humble/install/launch_xml:/home/sloth/ros2_humble/install/launch:/home/sloth/ros2_humble/install/osrf_pycommon:/home/sloth/ros2_humble/install/domain_coordinator:/home/sloth/ros2_humble/install/ament_xmllint:/home/sloth/ros2_humble/install/ament_pyflakes:/home/sloth/ros2_humble/install/ament_pycodestyle:/home/sloth/ros2_humble/install/ament_pep257:/home/sloth/ros2_humble/install/ament_pclint:/home/sloth/ros2_humble/install/ament_package:/home/sloth/ros2_humble/install/ament_mypy:/home/sloth/ros2_humble/install/ament_lint_cmake:/home/sloth/ros2_humble/install/ament_flake8:/home/sloth/ros2_humble/install/ament_copyright:/home/sloth/ros2_humble/install/ament_lint:/home/sloth/ros2_humble/install/ament_index_python:/home/sloth/ros2_humble/install/ament_cpplint:/home/sloth/ros2_humble/install/ament_cppcheck:/home/sloth/ros2_humble/install/ament_clang_tidy:/home/sloth/ros2_humble/install/ament_clang_format:/opt/ros/humble /usr/bin/cmake --build /home/sloth/ros2_clean_ws/build/my_cpp_pkg -- -j16 -l16
[1.964s] DEBUG:colcon.colcon_core.event_handler.log_command:Invoked command in '/home/sloth/ros2_clean_ws/build/my_cpp_pkg' returned '0': CMAKE_PREFIX_PATH=${CMAKE_PREFIX_PATH}:/home/sloth/ros2_clean_ws/install/my_py_pkg:/home/sloth/ros2_humble/install/ament_uncrustify:/home/sloth/ros2_humble/install/tracetools_trace:/home/sloth/ros2_humble/install/tracetools_read:/home/sloth/ros2_humble/install/rpyutils:/home/sloth/ros2_humble/install/rosidl_cli:/home/sloth/ros2_humble/install/launch_pytest:/home/sloth/ros2_humble/install/launch_testing:/home/sloth/ros2_humble/install/launch_yaml:/home/sloth/ros2_humble/install/launch_xml:/home/sloth/ros2_humble/install/launch:/home/sloth/ros2_humble/install/osrf_pycommon:/home/sloth/ros2_humble/install/domain_coordinator:/home/sloth/ros2_humble/install/ament_xmllint:/home/sloth/ros2_humble/install/ament_pyflakes:/home/sloth/ros2_humble/install/ament_pycodestyle:/home/sloth/ros2_humble/install/ament_pep257:/home/sloth/ros2_humble/install/ament_pclint:/home/sloth/ros2_humble/install/ament_package:/home/sloth/ros2_humble/install/ament_mypy:/home/sloth/ros2_humble/install/ament_lint_cmake:/home/sloth/ros2_humble/install/ament_flake8:/home/sloth/ros2_humble/install/ament_copyright:/home/sloth/ros2_humble/install/ament_lint:/home/sloth/ros2_humble/install/ament_index_python:/home/sloth/ros2_humble/install/ament_cpplint:/home/sloth/ros2_humble/install/ament_cppcheck:/home/sloth/ros2_humble/install/ament_clang_tidy:/home/sloth/ros2_humble/install/ament_clang_format:/opt/ros/humble /usr/bin/cmake --build /home/sloth/ros2_clean_ws/build/my_cpp_pkg -- -j16 -l16
[1.970s] DEBUG:colcon.colcon_core.event_handler.log_command:Invoking command in '/home/sloth/ros2_clean_ws/build/my_cpp_pkg': CMAKE_PREFIX_PATH=${CMAKE_PREFIX_PATH}:/home/sloth/ros2_clean_ws/install/my_py_pkg:/home/sloth/ros2_humble/install/ament_uncrustify:/home/sloth/ros2_humble/install/tracetools_trace:/home/sloth/ros2_humble/install/tracetools_read:/home/sloth/ros2_humble/install/rpyutils:/home/sloth/ros2_humble/install/rosidl_cli:/home/sloth/ros2_humble/install/launch_pytest:/home/sloth/ros2_humble/install/launch_testing:/home/sloth/ros2_humble/install/launch_yaml:/home/sloth/ros2_humble/install/launch_xml:/home/sloth/ros2_humble/install/launch:/home/sloth/ros2_humble/install/osrf_pycommon:/home/sloth/ros2_humble/install/domain_coordinator:/home/sloth/ros2_humble/install/ament_xmllint:/home/sloth/ros2_humble/install/ament_pyflakes:/home/sloth/ros2_humble/install/ament_pycodestyle:/home/sloth/ros2_humble/install/ament_pep257:/home/sloth/ros2_humble/install/ament_pclint:/home/sloth/ros2_humble/install/ament_package:/home/sloth/ros2_humble/install/ament_mypy:/home/sloth/ros2_humble/install/ament_lint_cmake:/home/sloth/ros2_humble/install/ament_flake8:/home/sloth/ros2_humble/install/ament_copyright:/home/sloth/ros2_humble/install/ament_lint:/home/sloth/ros2_humble/install/ament_index_python:/home/sloth/ros2_humble/install/ament_cpplint:/home/sloth/ros2_humble/install/ament_cppcheck:/home/sloth/ros2_humble/install/ament_clang_tidy:/home/sloth/ros2_humble/install/ament_clang_format:/opt/ros/humble /usr/bin/cmake --install /home/sloth/ros2_clean_ws/build/my_cpp_pkg
[1.975s] Level 1:colcon.colcon_core.environment:create_environment_scripts_only(my_cpp_pkg)
[1.975s] DEBUG:colcon.colcon_core.event_handler.log_command:Invoked command in '/home/sloth/ros2_clean_ws/build/my_cpp_pkg' returned '0': CMAKE_PREFIX_PATH=${CMAKE_PREFIX_PATH}:/home/sloth/ros2_clean_ws/install/my_py_pkg:/home/sloth/ros2_humble/install/ament_uncrustify:/home/sloth/ros2_humble/install/tracetools_trace:/home/sloth/ros2_humble/install/tracetools_read:/home/sloth/ros2_humble/install/rpyutils:/home/sloth/ros2_humble/install/rosidl_cli:/home/sloth/ros2_humble/install/launch_pytest:/home/sloth/ros2_humble/install/launch_testing:/home/sloth/ros2_humble/install/launch_yaml:/home/sloth/ros2_humble/install/launch_xml:/home/sloth/ros2_humble/install/launch:/home/sloth/ros2_humble/install/osrf_pycommon:/home/sloth/ros2_humble/install/domain_coordinator:/home/sloth/ros2_humble/install/ament_xmllint:/home/sloth/ros2_humble/install/ament_pyflakes:/home/sloth/ros2_humble/install/ament_pycodestyle:/home/sloth/ros2_humble/install/ament_pep257:/home/sloth/ros2_humble/install/ament_pclint:/home/sloth/ros2_humble/install/ament_package:/home/sloth/ros2_humble/install/ament_mypy:/home/sloth/ros2_humble/install/ament_lint_cmake:/home/sloth/ros2_humble/install/ament_flake8:/home/sloth/ros2_humble/install/ament_copyright:/home/sloth/ros2_humble/install/ament_lint:/home/sloth/ros2_humble/install/ament_index_python:/home/sloth/ros2_humble/install/ament_cpplint:/home/sloth/ros2_humble/install/ament_cppcheck:/home/sloth/ros2_humble/install/ament_clang_tidy:/home/sloth/ros2_humble/install/ament_clang_format:/opt/ros/humble /usr/bin/cmake --install /home/sloth/ros2_clean_ws/build/my_cpp_pkg
[1.976s] Level 1:colcon.colcon_core.environment:checking '/home/sloth/ros2_clean_ws/install/my_cpp_pkg' for CMake module files
[1.977s] Level 1:colcon.colcon_core.environment:checking '/home/sloth/ros2_clean_ws/install/my_cpp_pkg' for CMake config files
[1.977s] Level 1:colcon.colcon_core.shell:create_environment_hook('my_cpp_pkg', 'cmake_prefix_path')
[1.977s] INFO:colcon.colcon_core.shell:Creating environment hook '/home/sloth/ros2_clean_ws/install/my_cpp_pkg/share/my_cpp_pkg/hook/cmake_prefix_path.ps1'
[1.977s] INFO:colcon.colcon_core.shell:Creating environment descriptor '/home/sloth/ros2_clean_ws/install/my_cpp_pkg/share/my_cpp_pkg/hook/cmake_prefix_path.dsv'
[1.977s] INFO:colcon.colcon_core.shell:Creating environment hook '/home/sloth/ros2_clean_ws/install/my_cpp_pkg/share/my_cpp_pkg/hook/cmake_prefix_path.sh'
[1.978s] Level 1:colcon.colcon_core.environment:checking '/home/sloth/ros2_clean_ws/install/my_cpp_pkg/lib'
[1.978s] Level 1:colcon.colcon_core.environment:checking '/home/sloth/ros2_clean_ws/install/my_cpp_pkg/bin'
[1.978s] Level 1:colcon.colcon_core.environment:checking '/home/sloth/ros2_clean_ws/install/my_cpp_pkg/lib/pkgconfig/my_cpp_pkg.pc'
[1.978s] Level 1:colcon.colcon_core.environment:checking '/home/sloth/ros2_clean_ws/install/my_cpp_pkg/lib/python3.10/site-packages'
[1.978s] Level 1:colcon.colcon_core.environment:checking '/home/sloth/ros2_clean_ws/install/my_cpp_pkg/bin'
[1.978s] INFO:colcon.colcon_core.shell:Creating package script '/home/sloth/ros2_clean_ws/install/my_cpp_pkg/share/my_cpp_pkg/package.ps1'
[1.979s] INFO:colcon.colcon_core.shell:Creating package descriptor '/home/sloth/ros2_clean_ws/install/my_cpp_pkg/share/my_cpp_pkg/package.dsv'
[1.979s] INFO:colcon.colcon_core.shell:Creating package script '/home/sloth/ros2_clean_ws/install/my_cpp_pkg/share/my_cpp_pkg/package.sh'
[1.980s] INFO:colcon.colcon_core.shell:Creating package script '/home/sloth/ros2_clean_ws/install/my_cpp_pkg/share/my_cpp_pkg/package.bash'
[1.980s] INFO:colcon.colcon_core.shell:Creating package script '/home/sloth/ros2_clean_ws/install/my_cpp_pkg/share/my_cpp_pkg/package.zsh'
[1.981s] Level 1:colcon.colcon_core.environment:create_file_with_runtime_dependencies(/home/sloth/ros2_clean_ws/install/my_cpp_pkg/share/colcon-core/packages/my_cpp_pkg)
[1.981s] Level 1:colcon.colcon_core.environment:create_environment_scripts_only(my_cpp_pkg)
[1.981s] Level 1:colcon.colcon_core.environment:checking '/home/sloth/ros2_clean_ws/install/my_cpp_pkg' for CMake module files
[1.982s] Level 1:colcon.colcon_core.environment:checking '/home/sloth/ros2_clean_ws/install/my_cpp_pkg' for CMake config files
[1.982s] Level 1:colcon.colcon_core.shell:create_environment_hook('my_cpp_pkg', 'cmake_prefix_path')
[1.982s] INFO:colcon.colcon_core.shell:Creating environment hook '/home/sloth/ros2_clean_ws/install/my_cpp_pkg/share/my_cpp_pkg/hook/cmake_prefix_path.ps1'
[1.982s] INFO:colcon.colcon_core.shell:Creating environment descriptor '/home/sloth/ros2_clean_ws/install/my_cpp_pkg/share/my_cpp_pkg/hook/cmake_prefix_path.dsv'
[1.982s] INFO:colcon.colcon_core.shell:Creating environment hook '/home/sloth/ros2_clean_ws/install/my_cpp_pkg/share/my_cpp_pkg/hook/cmake_prefix_path.sh'
[1.983s] Level 1:colcon.colcon_core.environment:checking '/home/sloth/ros2_clean_ws/install/my_cpp_pkg/lib'
[1.983s] Level 1:colcon.colcon_core.environment:checking '/home/sloth/ros2_clean_ws/install/my_cpp_pkg/bin'
[1.983s] Level 1:colcon.colcon_core.environment:checking '/home/sloth/ros2_clean_ws/install/my_cpp_pkg/lib/pkgconfig/my_cpp_pkg.pc'
[1.983s] Level 1:colcon.colcon_core.environment:checking '/home/sloth/ros2_clean_ws/install/my_cpp_pkg/lib/python3.10/site-packages'
[1.983s] Level 1:colcon.colcon_core.environment:checking '/home/sloth/ros2_clean_ws/install/my_cpp_pkg/bin'
[1.983s] INFO:colcon.colcon_core.shell:Creating package script '/home/sloth/ros2_clean_ws/install/my_cpp_pkg/share/my_cpp_pkg/package.ps1'
[1.984s] INFO:colcon.colcon_core.shell:Creating package descriptor '/home/sloth/ros2_clean_ws/install/my_cpp_pkg/share/my_cpp_pkg/package.dsv'
[1.984s] INFO:colcon.colcon_core.shell:Creating package script '/home/sloth/ros2_clean_ws/install/my_cpp_pkg/share/my_cpp_pkg/package.sh'
[1.984s] INFO:colcon.colcon_core.shell:Creating package script '/home/sloth/ros2_clean_ws/install/my_cpp_pkg/share/my_cpp_pkg/package.bash'
[1.985s] INFO:colcon.colcon_core.shell:Creating package script '/home/sloth/ros2_clean_ws/install/my_cpp_pkg/share/my_cpp_pkg/package.zsh'
[1.985s] Level 1:colcon.colcon_core.environment:create_file_with_runtime_dependencies(/home/sloth/ros2_clean_ws/install/my_cpp_pkg/share/colcon-core/packages/my_cpp_pkg)
[1.985s] DEBUG:colcon.colcon_parallel_executor.executor.parallel:closing loop
[1.986s] DEBUG:colcon.colcon_parallel_executor.executor.parallel:loop closed
[1.986s] DEBUG:colcon.colcon_parallel_executor.executor.parallel:run_until_complete finished with '0'
[1.986s] DEBUG:colcon.colcon_core.event_reactor:joining thread
[1.989s] INFO:colcon.colcon_core.plugin_system:Skipping extension 'colcon_notification.desktop_notification.terminal_notifier': Not used on non-Darwin systems
[1.989s] INFO:colcon.colcon_core.plugin_system:Skipping extension 'colcon_notification.desktop_notification.win32': Not used on non-Windows systems
[1.989s] INFO:colcon.colcon_notification.desktop_notification:Sending desktop notification using 'notify2'
[1.997s] DEBUG:colcon.colcon_core.event_reactor:joined thread
[1.997s] INFO:colcon.colcon_core.shell:Creating prefix script '/home/sloth/ros2_clean_ws/install/local_setup.ps1'
[1.998s] INFO:colcon.colcon_core.shell:Creating prefix util module '/home/sloth/ros2_clean_ws/install/_local_setup_util_ps1.py'
[1.999s] INFO:colcon.colcon_core.shell:Creating prefix chain script '/home/sloth/ros2_clean_ws/install/setup.ps1'
[2.002s] INFO:colcon.colcon_core.shell:Creating prefix script '/home/sloth/ros2_clean_ws/install/local_setup.sh'
[2.002s] INFO:colcon.colcon_core.shell:Creating prefix util module '/home/sloth/ros2_clean_ws/install/_local_setup_util_sh.py'
[2.003s] INFO:colcon.colcon_core.shell:Creating prefix chain script '/home/sloth/ros2_clean_ws/install/setup.sh'
[2.005s] INFO:colcon.colcon_core.shell:Creating prefix script '/home/sloth/ros2_clean_ws/install/local_setup.bash'
[2.006s] INFO:colcon.colcon_core.shell:Creating prefix chain script '/home/sloth/ros2_clean_ws/install/setup.bash'
[2.008s] INFO:colcon.colcon_core.shell:Creating prefix script '/home/sloth/ros2_clean_ws/install/local_setup.zsh'
[2.009s] INFO:colcon.colcon_core.shell:Creating prefix chain script '/home/sloth/ros2_clean_ws/install/setup.zsh'
