running develop
Removing /home/sloth/ros2_clean_ws/install/my_py_pkg/lib/python3.10/site-packages/my-py-pkg.egg-link (link to .)
running egg_info
writing ../build/my_py_pkg/my_py_pkg.egg-info/PKG-INFO
writing dependency_links to ../build/my_py_pkg/my_py_pkg.egg-info/dependency_links.txt
writing entry points to ../build/my_py_pkg/my_py_pkg.egg-info/entry_points.txt
writing requirements to ../build/my_py_pkg/my_py_pkg.egg-info/requires.txt
writing top-level names to ../build/my_py_pkg/my_py_pkg.egg-info/top_level.txt
reading manifest file '../build/my_py_pkg/my_py_pkg.egg-info/SOURCES.txt'
writing manifest file '../build/my_py_pkg/my_py_pkg.egg-info/SOURCES.txt'
running build
running build_py
copying my_py_pkg/number_publisher.py -> /home/sloth/ros2_clean_ws/build/my_py_pkg/build/lib/my_py_pkg
running install
running install_lib
creating /home/sloth/ros2_clean_ws/install/my_py_pkg/lib/python3.10/site-packages/my_py_pkg
copying /home/sloth/ros2_clean_ws/build/my_py_pkg/build/lib/my_py_pkg/number_publisher.py -> /home/sloth/ros2_clean_ws/install/my_py_pkg/lib/python3.10/site-packages/my_py_pkg
copying /home/sloth/ros2_clean_ws/build/my_py_pkg/build/lib/my_py_pkg/smartphone.py -> /home/sloth/ros2_clean_ws/install/my_py_pkg/lib/python3.10/site-packages/my_py_pkg
copying /home/sloth/ros2_clean_ws/build/my_py_pkg/build/lib/my_py_pkg/__init__.py -> /home/sloth/ros2_clean_ws/install/my_py_pkg/lib/python3.10/site-packages/my_py_pkg
copying /home/sloth/ros2_clean_ws/build/my_py_pkg/build/lib/my_py_pkg/robot_news_station.py -> /home/sloth/ros2_clean_ws/install/my_py_pkg/lib/python3.10/site-packages/my_py_pkg
copying /home/sloth/ros2_clean_ws/build/my_py_pkg/build/lib/my_py_pkg/template_python_node.py -> /home/sloth/ros2_clean_ws/install/my_py_pkg/lib/python3.10/site-packages/my_py_pkg
byte-compiling /home/sloth/ros2_clean_ws/install/my_py_pkg/lib/python3.10/site-packages/my_py_pkg/number_publisher.py to number_publisher.cpython-310.pyc
byte-compiling /home/sloth/ros2_clean_ws/install/my_py_pkg/lib/python3.10/site-packages/my_py_pkg/smartphone.py to smartphone.cpython-310.pyc
byte-compiling /home/sloth/ros2_clean_ws/install/my_py_pkg/lib/python3.10/site-packages/my_py_pkg/__init__.py to __init__.cpython-310.pyc
byte-compiling /home/sloth/ros2_clean_ws/install/my_py_pkg/lib/python3.10/site-packages/my_py_pkg/robot_news_station.py to robot_news_station.cpython-310.pyc
byte-compiling /home/sloth/ros2_clean_ws/install/my_py_pkg/lib/python3.10/site-packages/my_py_pkg/template_python_node.py to template_python_node.cpython-310.pyc
running install_data
copying resource/my_py_pkg -> /home/sloth/ros2_clean_ws/install/my_py_pkg/share/ament_index/resource_index/packages
copying package.xml -> /home/sloth/ros2_clean_ws/install/my_py_pkg/share/my_py_pkg
running install_egg_info
Copying ../build/my_py_pkg/my_py_pkg.egg-info to /home/sloth/ros2_clean_ws/install/my_py_pkg/lib/python3.10/site-packages/my_py_pkg-0.0.0-py3.10.egg-info
running install_scripts
Installing number_publisher script to /home/sloth/ros2_clean_ws/install/my_py_pkg/lib/my_py_pkg
Installing robot_news_station script to /home/sloth/ros2_clean_ws/install/my_py_pkg/lib/my_py_pkg
Installing smartphone script to /home/sloth/ros2_clean_ws/install/my_py_pkg/lib/my_py_pkg
writing list of installed files to '/home/sloth/ros2_clean_ws/build/my_py_pkg/install.log'
