[0.326s] Invoking command in '/home/sloth/ros2_clean_ws/build/my_py_pkg': PYTHONPATH=/home/sloth/ros2_clean_ws/build/my_py_pkg/prefix_override:/usr/lib/python3/dist-packages/colcon_core/task/python/colcon_distutils_commands:/home/sloth/ros2_clean_ws/install/my_py_pkg/lib/python3.10/site-packages:${PYTHONPATH} /usr/bin/python3 -W ignore:setup.py install is deprecated -W ignore:easy_install command is deprecated setup.py develop --uninstall --editable --build-directory /home/sloth/ros2_clean_ws/build/my_py_pkg/build
[0.466s] running develop
[0.560s] Removing /home/sloth/ros2_clean_ws/install/my_py_pkg/lib/python3.10/site-packages/my-py-pkg.egg-link (link to .)
[0.573s] Invoked command in '/home/sloth/ros2_clean_ws/build/my_py_pkg' returned '0': PYTHONPATH=/home/sloth/ros2_clean_ws/build/my_py_pkg/prefix_override:/usr/lib/python3/dist-packages/colcon_core/task/python/colcon_distutils_commands:/home/sloth/ros2_clean_ws/install/my_py_pkg/lib/python3.10/site-packages:${PYTHONPATH} /usr/bin/python3 -W ignore:setup.py install is deprecated -W ignore:easy_install command is deprecated setup.py develop --uninstall --editable --build-directory /home/sloth/ros2_clean_ws/build/my_py_pkg/build
[0.575s] Invoking command in '/home/sloth/ros2_clean_ws/my_py_pkg': PYTHONPATH=/home/sloth/ros2_clean_ws/build/my_py_pkg/prefix_override:/usr/lib/python3/dist-packages/colcon_core/task/python/colcon_distutils_commands:/home/sloth/ros2_clean_ws/install/my_py_pkg/lib/python3.10/site-packages:${PYTHONPATH} /usr/bin/python3 -W ignore:setup.py install is deprecated -W ignore:easy_install command is deprecated setup.py egg_info --egg-base ../build/my_py_pkg build --build-base /home/sloth/ros2_clean_ws/build/my_py_pkg/build install --record /home/sloth/ros2_clean_ws/build/my_py_pkg/install.log --single-version-externally-managed install_data --force
[0.697s] running egg_info
[0.697s] writing ../build/my_py_pkg/my_py_pkg.egg-info/PKG-INFO
[0.698s] writing dependency_links to ../build/my_py_pkg/my_py_pkg.egg-info/dependency_links.txt
[0.698s] writing entry points to ../build/my_py_pkg/my_py_pkg.egg-info/entry_points.txt
[0.698s] writing requirements to ../build/my_py_pkg/my_py_pkg.egg-info/requires.txt
[0.699s] writing top-level names to ../build/my_py_pkg/my_py_pkg.egg-info/top_level.txt
[0.699s] reading manifest file '../build/my_py_pkg/my_py_pkg.egg-info/SOURCES.txt'
[0.700s] writing manifest file '../build/my_py_pkg/my_py_pkg.egg-info/SOURCES.txt'
[0.700s] running build
[0.700s] running build_py
[0.700s] copying my_py_pkg/number_publisher.py -> /home/sloth/ros2_clean_ws/build/my_py_pkg/build/lib/my_py_pkg
[0.700s] running install
[0.701s] running install_lib
[0.701s] creating /home/sloth/ros2_clean_ws/install/my_py_pkg/lib/python3.10/site-packages/my_py_pkg
[0.701s] copying /home/sloth/ros2_clean_ws/build/my_py_pkg/build/lib/my_py_pkg/number_publisher.py -> /home/sloth/ros2_clean_ws/install/my_py_pkg/lib/python3.10/site-packages/my_py_pkg
[0.701s] copying /home/sloth/ros2_clean_ws/build/my_py_pkg/build/lib/my_py_pkg/smartphone.py -> /home/sloth/ros2_clean_ws/install/my_py_pkg/lib/python3.10/site-packages/my_py_pkg
[0.701s] copying /home/sloth/ros2_clean_ws/build/my_py_pkg/build/lib/my_py_pkg/__init__.py -> /home/sloth/ros2_clean_ws/install/my_py_pkg/lib/python3.10/site-packages/my_py_pkg
[0.701s] copying /home/sloth/ros2_clean_ws/build/my_py_pkg/build/lib/my_py_pkg/robot_news_station.py -> /home/sloth/ros2_clean_ws/install/my_py_pkg/lib/python3.10/site-packages/my_py_pkg
[0.701s] copying /home/sloth/ros2_clean_ws/build/my_py_pkg/build/lib/my_py_pkg/template_python_node.py -> /home/sloth/ros2_clean_ws/install/my_py_pkg/lib/python3.10/site-packages/my_py_pkg
[0.701s] byte-compiling /home/sloth/ros2_clean_ws/install/my_py_pkg/lib/python3.10/site-packages/my_py_pkg/number_publisher.py to number_publisher.cpython-310.pyc
[0.702s] byte-compiling /home/sloth/ros2_clean_ws/install/my_py_pkg/lib/python3.10/site-packages/my_py_pkg/smartphone.py to smartphone.cpython-310.pyc
[0.702s] byte-compiling /home/sloth/ros2_clean_ws/install/my_py_pkg/lib/python3.10/site-packages/my_py_pkg/__init__.py to __init__.cpython-310.pyc
[0.702s] byte-compiling /home/sloth/ros2_clean_ws/install/my_py_pkg/lib/python3.10/site-packages/my_py_pkg/robot_news_station.py to robot_news_station.cpython-310.pyc
[0.702s] byte-compiling /home/sloth/ros2_clean_ws/install/my_py_pkg/lib/python3.10/site-packages/my_py_pkg/template_python_node.py to template_python_node.cpython-310.pyc
[0.702s] running install_data
[0.702s] copying resource/my_py_pkg -> /home/sloth/ros2_clean_ws/install/my_py_pkg/share/ament_index/resource_index/packages
[0.702s] copying package.xml -> /home/sloth/ros2_clean_ws/install/my_py_pkg/share/my_py_pkg
[0.702s] running install_egg_info
[0.703s] Copying ../build/my_py_pkg/my_py_pkg.egg-info to /home/sloth/ros2_clean_ws/install/my_py_pkg/lib/python3.10/site-packages/my_py_pkg-0.0.0-py3.10.egg-info
[0.704s] running install_scripts
[0.715s] Installing number_publisher script to /home/sloth/ros2_clean_ws/install/my_py_pkg/lib/my_py_pkg
[0.715s] Installing robot_news_station script to /home/sloth/ros2_clean_ws/install/my_py_pkg/lib/my_py_pkg
[0.715s] Installing smartphone script to /home/sloth/ros2_clean_ws/install/my_py_pkg/lib/my_py_pkg
[0.715s] writing list of installed files to '/home/sloth/ros2_clean_ws/build/my_py_pkg/install.log'
[0.727s] Invoked command in '/home/sloth/ros2_clean_ws/my_py_pkg' returned '0': PYTHONPATH=/home/sloth/ros2_clean_ws/build/my_py_pkg/prefix_override:/usr/lib/python3/dist-packages/colcon_core/task/python/colcon_distutils_commands:/home/sloth/ros2_clean_ws/install/my_py_pkg/lib/python3.10/site-packages:${PYTHONPATH} /usr/bin/python3 -W ignore:setup.py install is deprecated -W ignore:easy_install command is deprecated setup.py egg_info --egg-base ../build/my_py_pkg build --build-base /home/sloth/ros2_clean_ws/build/my_py_pkg/build install --record /home/sloth/ros2_clean_ws/build/my_py_pkg/install.log --single-version-externally-managed install_data --force
