[0.013s] Invoking command in '/home/dongwon_serer/ros_ws/build/my_cpp_pkg': CMAKE_PREFIX_PATH=/home/dongwon_serer/ros_ws/install/my_py_pkg:/opt/ros/humble /usr/bin/cmake /home/dongwon_serer/ros_ws/src/my_cpp_pkg -DCMAKE_INSTALL_PREFIX=/home/dongwon_serer/ros_ws/install/my_cpp_pkg
[0.184s] -- The C compiler identification is GNU 11.4.0
[0.422s] -- The CXX compiler identification is GNU 11.4.0
[0.550s] -- Detecting C compiler ABI info
[0.644s] -- Detecting C compiler ABI info - done
[0.648s] -- Check for working C compiler: /usr/bin/cc - skipped
[0.649s] -- Detecting C compile features
[0.649s] -- Detecting C compile features - done
[0.653s] -- Detecting CXX compiler ABI info
[0.750s] -- Detecting CXX compiler ABI info - done
[0.755s] -- Check for working CXX compiler: /usr/bin/c++ - skipped
[0.755s] -- Detecting CXX compile features
[0.756s] -- Detecting CXX compile features - done
[0.764s] -- Found ament_cmake: 1.3.12 (/opt/ros/humble/share/ament_cmake/cmake)
[0.877s] -- Found Python3: /usr/bin/python3 (found version "3.10.12") found components: Interpreter 
[0.959s] -- Found rclcpp: 16.0.14 (/opt/ros/humble/share/rclcpp/cmake)
[1.050s] -- Found rosidl_generator_c: 3.1.7 (/opt/ros/humble/share/rosidl_generator_c/cmake)
[1.055s] -- Found rosidl_adapter: 3.1.7 (/opt/ros/humble/share/rosidl_adapter/cmake)
[1.064s] -- Found rosidl_generator_cpp: 3.1.7 (/opt/ros/humble/share/rosidl_generator_cpp/cmake)
[1.078s] -- Using all available rosidl_typesupport_c: rosidl_typesupport_fastrtps_c;rosidl_typesupport_introspection_c
[1.095s] -- Using all available rosidl_typesupport_cpp: rosidl_typesupport_fastrtps_cpp;rosidl_typesupport_introspection_cpp
[1.142s] -- Found rmw_implementation_cmake: 6.1.2 (/opt/ros/humble/share/rmw_implementation_cmake/cmake)
[1.145s] -- Found rmw_fastrtps_cpp: 6.2.8 (/opt/ros/humble/share/rmw_fastrtps_cpp/cmake)
[1.683s] -- Found OpenSSL: /usr/lib/x86_64-linux-gnu/libcrypto.so (found version "3.0.2")  
[2.208s] -- Found FastRTPS: /opt/ros/humble/include  
[3.136s] -- Using RMW implementation 'rmw_fastrtps_cpp' as default
[3.147s] -- Looking for pthread.h
[3.247s] -- Looking for pthread.h - found
[3.247s] -- Performing Test CMAKE_HAVE_LIBC_PTHREAD
[3.337s] -- Performing Test CMAKE_HAVE_LIBC_PTHREAD - Success
[3.338s] -- Found Threads: TRUE  
[3.439s] -- Configuring done
[3.450s] -- Generating done
[3.453s] -- Build files have been written to: /home/dongwon_serer/ros_ws/build/my_cpp_pkg
[3.461s] Invoked command in '/home/dongwon_serer/ros_ws/build/my_cpp_pkg' returned '0': CMAKE_PREFIX_PATH=/home/dongwon_serer/ros_ws/install/my_py_pkg:/opt/ros/humble /usr/bin/cmake /home/dongwon_serer/ros_ws/src/my_cpp_pkg -DCMAKE_INSTALL_PREFIX=/home/dongwon_serer/ros_ws/install/my_cpp_pkg
[3.462s] Invoking command in '/home/dongwon_serer/ros_ws/build/my_cpp_pkg': CMAKE_PREFIX_PATH=/home/dongwon_serer/ros_ws/install/my_py_pkg:/opt/ros/humble /usr/bin/cmake --build /home/dongwon_serer/ros_ws/build/my_cpp_pkg -- -j8 -l8
[3.503s] [ 50%] [32mBuilding CXX object CMakeFiles/my_node.dir/src/my_node.cpp.o[0m
[6.841s] [100%] [32m[1mLinking CXX executable my_node[0m
[7.027s] [100%] Built target my_node
[7.037s] Invoked command in '/home/dongwon_serer/ros_ws/build/my_cpp_pkg' returned '0': CMAKE_PREFIX_PATH=/home/dongwon_serer/ros_ws/install/my_py_pkg:/opt/ros/humble /usr/bin/cmake --build /home/dongwon_serer/ros_ws/build/my_cpp_pkg -- -j8 -l8
[7.046s] Invoking command in '/home/dongwon_serer/ros_ws/build/my_cpp_pkg': CMAKE_PREFIX_PATH=/home/dongwon_serer/ros_ws/install/my_py_pkg:/opt/ros/humble /usr/bin/cmake --install /home/dongwon_serer/ros_ws/build/my_cpp_pkg
[7.052s] -- Install configuration: ""
[7.053s] -- Installing: /home/dongwon_serer/ros_ws/install/my_cpp_pkg/lib/my_cpp_pkg/my_node
[7.054s] -- Set runtime path of "/home/dongwon_serer/ros_ws/install/my_cpp_pkg/lib/my_cpp_pkg/my_node" to ""
[7.055s] -- Installing: /home/dongwon_serer/ros_ws/install/my_cpp_pkg/share/ament_index/resource_index/package_run_dependencies/my_cpp_pkg
[7.056s] -- Installing: /home/dongwon_serer/ros_ws/install/my_cpp_pkg/share/ament_index/resource_index/parent_prefix_path/my_cpp_pkg
[7.057s] -- Installing: /home/dongwon_serer/ros_ws/install/my_cpp_pkg/share/my_cpp_pkg/environment/ament_prefix_path.sh
[7.057s] -- Installing: /home/dongwon_serer/ros_ws/install/my_cpp_pkg/share/my_cpp_pkg/environment/ament_prefix_path.dsv
[7.057s] -- Installing: /home/dongwon_serer/ros_ws/install/my_cpp_pkg/share/my_cpp_pkg/environment/path.sh
[7.057s] -- Installing: /home/dongwon_serer/ros_ws/install/my_cpp_pkg/share/my_cpp_pkg/environment/path.dsv
[7.057s] -- Installing: /home/dongwon_serer/ros_ws/install/my_cpp_pkg/share/my_cpp_pkg/local_setup.bash
[7.058s] -- Installing: /home/dongwon_serer/ros_ws/install/my_cpp_pkg/share/my_cpp_pkg/local_setup.sh
[7.058s] -- Installing: /home/dongwon_serer/ros_ws/install/my_cpp_pkg/share/my_cpp_pkg/local_setup.zsh
[7.058s] -- Installing: /home/dongwon_serer/ros_ws/install/my_cpp_pkg/share/my_cpp_pkg/local_setup.dsv
[7.058s] -- Installing: /home/dongwon_serer/ros_ws/install/my_cpp_pkg/share/my_cpp_pkg/package.dsv
[7.059s] -- Installing: /home/dongwon_serer/ros_ws/install/my_cpp_pkg/share/ament_index/resource_index/packages/my_cpp_pkg
[7.059s] -- Installing: /home/dongwon_serer/ros_ws/install/my_cpp_pkg/share/my_cpp_pkg/cmake/my_cpp_pkgConfig.cmake
[7.059s] -- Installing: /home/dongwon_serer/ros_ws/install/my_cpp_pkg/share/my_cpp_pkg/cmake/my_cpp_pkgConfig-version.cmake
[7.059s] -- Installing: /home/dongwon_serer/ros_ws/install/my_cpp_pkg/share/my_cpp_pkg/package.xml
[7.061s] Invoked command in '/home/dongwon_serer/ros_ws/build/my_cpp_pkg' returned '0': CMAKE_PREFIX_PATH=/home/dongwon_serer/ros_ws/install/my_py_pkg:/opt/ros/humble /usr/bin/cmake --install /home/dongwon_serer/ros_ws/build/my_cpp_pkg
