[0.008s] Invoking command in '/home/dongwon_serer/ros_ws/build/cpp_prac_pkg': CMAKE_PREFIX_PATH=${CMAKE_PREFIX_PATH}:/home/dongwon_serer/ros_ws/install/my_py_pkg:/opt/ros/humble /usr/bin/cmake /home/dongwon_serer/ros_ws/src/cpp_prac_pkg -DAMENT_CMAKE_SYMLINK_INSTALL=1 -DCMAKE_INSTALL_PREFIX=/home/dongwon_serer/ros_ws/install/cpp_prac_pkg
[0.016s] -- Found ament_cmake: 1.3.12 (/opt/ros/humble/share/ament_cmake/cmake)
[0.106s] -- Override CMake install command with custom implementation using symlinks instead of copying resources
[0.111s] -- Found rclcpp: 16.0.14 (/opt/ros/humble/share/rclcpp/cmake)
[0.175s] -- Found rosidl_generator_c: 3.1.7 (/opt/ros/humble/share/rosidl_generator_c/cmake)
[0.176s] -- Found rosidl_adapter: 3.1.7 (/opt/ros/humble/share/rosidl_adapter/cmake)
[0.180s] -- Found rosidl_generator_cpp: 3.1.7 (/opt/ros/humble/share/rosidl_generator_cpp/cmake)
[0.187s] -- Using all available rosidl_typesupport_c: rosidl_typesupport_fastrtps_c;rosidl_typesupport_introspection_c
[0.195s] -- Using all available rosidl_typesupport_cpp: rosidl_typesupport_fastrtps_cpp;rosidl_typesupport_introspection_cpp
[0.216s] -- Found rmw_implementation_cmake: 6.1.2 (/opt/ros/humble/share/rmw_implementation_cmake/cmake)
[0.217s] -- Found rmw_fastrtps_cpp: 6.2.8 (/opt/ros/humble/share/rmw_fastrtps_cpp/cmake)
[2.162s] -- Using RMW implementation 'rmw_fastrtps_cpp' as default
[2.653s] [31mCMake Error at CMakeLists.txt:11 (find_package):
[2.654s]   By not providing "Findstd_msg.cmake" in CMAKE_MODULE_PATH this project has
[2.654s]   asked CMake to find a package configuration file provided by "std_msg", but
[2.654s]   CMake did not find one.
[2.654s] 
[2.654s]   Could not find a package configuration file provided by "std_msg" with any
[2.654s]   of the following names:
[2.654s] 
[2.654s]     std_msgConfig.cmake
[2.654s]     std_msg-config.cmake
[2.654s] 
[2.654s]   Add the installation prefix of "std_msg" to CMAKE_PREFIX_PATH or set
[2.654s]   "std_msg_DIR" to a directory containing one of the above files.  If
[2.654s]   "std_msg" provides a separate development package or SDK, be sure it has
[2.654s]   been installed.
[2.654s] 
[2.654s] [0m
[2.654s] -- Configuring incomplete, errors occurred!
[2.654s] See also "/home/dongwon_serer/ros_ws/build/cpp_prac_pkg/CMakeFiles/CMakeOutput.log".
[2.660s] Invoked command in '/home/dongwon_serer/ros_ws/build/cpp_prac_pkg' returned '1': CMAKE_PREFIX_PATH=${CMAKE_PREFIX_PATH}:/home/dongwon_serer/ros_ws/install/my_py_pkg:/opt/ros/humble /usr/bin/cmake /home/dongwon_serer/ros_ws/src/cpp_prac_pkg -DAMENT_CMAKE_SYMLINK_INSTALL=1 -DCMAKE_INSTALL_PREFIX=/home/dongwon_serer/ros_ws/install/cpp_prac_pkg
